[ 2015-04-19T00:27:15+08:00 ] 127.0.0.1 /AUNET/index.php/Home/News/Index.html
INFO: [ app_init ] --START--
INFO: Run Behavior\BuildLiteBehavior [ RunTime:0.000000s ]
INFO: [ app_init ] --END-- [ RunTime:0.003001s ]
INFO: [ app_begin ] --START--
INFO: Run Behavior\ReadHtmlCacheBehavior [ RunTime:0.002000s ]
INFO: [ app_begin ] --END-- [ RunTime:0.003000s ]
SQL: SHOW COLUMNS FROM `aunet_news` [ RunTime:0.0100s ]
SQL: SELECT * FROM `aunet_news` ORDER BY time desc LIMIT 0,3   [ RunTime:0.0010s ]
INFO: [ view_parse ] --START--
INFO: [ template_filter ] --START--
INFO: Run Behavior\ContentReplaceBehavior [ RunTime:0.000000s ]
INFO: [ template_filter ] --END-- [ RunTime:0.000000s ]
INFO: Run Behavior\ParseTemplateBehavior [ RunTime:0.046003s ]
INFO: [ view_parse ] --END-- [ RunTime:0.047003s ]
INFO: [ view_filter ] --START--
INFO: Run Behavior\WriteHtmlCacheBehavior [ RunTime:0.002000s ]
INFO: [ view_filter ] --END-- [ RunTime:0.002000s ]
INFO: [ app_end ] --START--
INFO: Run Behavior\ShowPageTraceBehavior [ RunTime:0.004000s ]
INFO: [ app_end ] --END-- [ RunTime:0.004000s ]

[ 2015-04-19T00:27:39+08:00 ] 127.0.0.1 /AUNET/index.php/Home/News/Index.html
INFO: [ app_init ] --START--
INFO: Run Behavior\BuildLiteBehavior [ RunTime:0.000000s ]
INFO: [ app_init ] --END-- [ RunTime:0.000000s ]
INFO: [ app_begin ] --START--
INFO: Run Behavior\ReadHtmlCacheBehavior [ RunTime:0.000000s ]
INFO: [ app_begin ] --END-- [ RunTime:0.000000s ]
SQL: SHOW COLUMNS FROM `aunet_news` [ RunTime:0.0020s ]
SQL: SELECT * FROM `aunet_news` ORDER BY time desc LIMIT 0,3   [ RunTime:0.0000s ]
INFO: [ view_parse ] --START--
INFO: [ template_filter ] --START--
INFO: Run Behavior\ContentReplaceBehavior [ RunTime:0.000000s ]
INFO: [ template_filter ] --END-- [ RunTime:0.000000s ]
INFO: Run Behavior\ParseTemplateBehavior [ RunTime:0.008000s ]
INFO: [ view_parse ] --END-- [ RunTime:0.008000s ]
INFO: [ view_filter ] --START--
INFO: Run Behavior\WriteHtmlCacheBehavior [ RunTime:0.000000s ]
INFO: [ view_filter ] --END-- [ RunTime:0.000000s ]
INFO: [ app_end ] --START--
INFO: Run Behavior\ShowPageTraceBehavior [ RunTime:0.001000s ]
INFO: [ app_end ] --END-- [ RunTime:0.001000s ]

[ 2015-04-19T00:27:52+08:00 ] 127.0.0.1 /AUNET/index.php/Home/News/Index.html
INFO: [ app_init ] --START--
INFO: Run Behavior\BuildLiteBehavior [ RunTime:0.000000s ]
INFO: [ app_init ] --END-- [ RunTime:0.000000s ]
INFO: [ app_begin ] --START--
INFO: Run Behavior\ReadHtmlCacheBehavior [ RunTime:0.000000s ]
INFO: [ app_begin ] --END-- [ RunTime:0.000000s ]
SQL: SHOW COLUMNS FROM `aunet_news` [ RunTime:0.0000s ]
SQL: SELECT * FROM `aunet_news` ORDER BY time desc LIMIT 0,3   [ RunTime:0.0000s ]
INFO: [ view_parse ] --START--
INFO: [ template_filter ] --START--
INFO: Run Behavior\ContentReplaceBehavior [ RunTime:0.000000s ]
INFO: [ template_filter ] --END-- [ RunTime:0.000000s ]
INFO: Run Behavior\ParseTemplateBehavior [ RunTime:0.015001s ]
INFO: [ view_parse ] --END-- [ RunTime:0.015001s ]
INFO: [ view_filter ] --START--
INFO: Run Behavior\WriteHtmlCacheBehavior [ RunTime:0.000000s ]
INFO: [ view_filter ] --END-- [ RunTime:0.000000s ]
INFO: [ app_end ] --START--
INFO: Run Behavior\ShowPageTraceBehavior [ RunTime:0.000000s ]
INFO: [ app_end ] --END-- [ RunTime:0.000000s ]

[ 2015-04-19T00:29:46+08:00 ] 127.0.0.1 /AUNET/index.php/Home/Activity/Index.html
INFO: [ app_init ] --START--
INFO: Run Behavior\BuildLiteBehavior [ RunTime:0.000000s ]
INFO: [ app_init ] --END-- [ RunTime:0.001000s ]
INFO: [ app_begin ] --START--
INFO: Run Behavior\ReadHtmlCacheBehavior [ RunTime:0.001000s ]
INFO: [ app_begin ] --END-- [ RunTime:0.001000s ]
INFO: [ view_parse ] --START--
INFO: [ template_filter ] --START--
INFO: Run Behavior\ContentReplaceBehavior [ RunTime:0.000000s ]
INFO: [ template_filter ] --END-- [ RunTime:0.000000s ]
INFO: Run Behavior\ParseTemplateBehavior [ RunTime:0.007000s ]
INFO: [ view_parse ] --END-- [ RunTime:0.007000s ]
INFO: [ view_filter ] --START--
INFO: Run Behavior\WriteHtmlCacheBehavior [ RunTime:0.000000s ]
INFO: [ view_filter ] --END-- [ RunTime:0.000000s ]
INFO: [ app_end ] --START--
INFO: Run Behavior\ShowPageTraceBehavior [ RunTime:0.001000s ]
INFO: [ app_end ] --END-- [ RunTime:0.001000s ]

[ 2015-04-19T00:29:47+08:00 ] 127.0.0.1 /AUNET/index.php/Home/BroadCast/Index.html
INFO: [ app_init ] --START--
INFO: Run Behavior\BuildLiteBehavior [ RunTime:0.000000s ]
INFO: [ app_init ] --END-- [ RunTime:0.000000s ]
INFO: [ app_begin ] --START--
INFO: Run Behavior\ReadHtmlCacheBehavior [ RunTime:0.001000s ]
INFO: [ app_begin ] --END-- [ RunTime:0.001000s ]
SQL: SHOW COLUMNS FROM `aunet_forecast` [ RunTime:0.0260s ]
SQL: SELECT * FROM `aunet_forecast` ORDER BY time desc  [ RunTime:0.0000s ]
INFO: [ view_parse ] --START--
INFO: [ template_filter ] --START--
INFO: Run Behavior\ContentReplaceBehavior [ RunTime:0.000000s ]
INFO: [ template_filter ] --END-- [ RunTime:0.000000s ]
INFO: Run Behavior\ParseTemplateBehavior [ RunTime:0.010000s ]
INFO: [ view_parse ] --END-- [ RunTime:0.010000s ]
INFO: [ view_filter ] --START--
INFO: Run Behavior\WriteHtmlCacheBehavior [ RunTime:0.000000s ]
INFO: [ view_filter ] --END-- [ RunTime:0.000000s ]
INFO: [ app_end ] --START--
INFO: Run Behavior\ShowPageTraceBehavior [ RunTime:0.000000s ]
INFO: [ app_end ] --END-- [ RunTime:0.000000s ]

[ 2015-04-19T00:29:48+08:00 ] 127.0.0.1 /AUNET/index.php/Home/News/Index.html
INFO: [ app_init ] --START--
INFO: Run Behavior\BuildLiteBehavior [ RunTime:0.000000s ]
INFO: [ app_init ] --END-- [ RunTime:0.000000s ]
INFO: [ app_begin ] --START--
INFO: Run Behavior\ReadHtmlCacheBehavior [ RunTime:0.000000s ]
INFO: [ app_begin ] --END-- [ RunTime:0.000000s ]
SQL: SHOW COLUMNS FROM `aunet_news` [ RunTime:0.0030s ]
SQL: SELECT * FROM `aunet_news` ORDER BY time desc LIMIT 0,3   [ RunTime:0.0010s ]
INFO: [ view_parse ] --START--
INFO: [ template_filter ] --START--
INFO: Run Behavior\ContentReplaceBehavior [ RunTime:0.000000s ]
INFO: [ template_filter ] --END-- [ RunTime:0.000000s ]
INFO: Run Behavior\ParseTemplateBehavior [ RunTime:0.006000s ]
INFO: [ view_parse ] --END-- [ RunTime:0.006000s ]
INFO: [ view_filter ] --START--
INFO: Run Behavior\WriteHtmlCacheBehavior [ RunTime:0.001000s ]
INFO: [ view_filter ] --END-- [ RunTime:0.001000s ]
INFO: [ app_end ] --START--
INFO: Run Behavior\ShowPageTraceBehavior [ RunTime:0.000000s ]
INFO: [ app_end ] --END-- [ RunTime:0.000000s ]

[ 2015-04-19T00:38:14+08:00 ] 127.0.0.1 /AUNET/index.php/Home/News/Index.html
INFO: [ app_init ] --START--
INFO: Run Behavior\BuildLiteBehavior [ RunTime:0.000000s ]
INFO: [ app_init ] --END-- [ RunTime:0.001000s ]
INFO: [ app_begin ] --START--
INFO: Run Behavior\ReadHtmlCacheBehavior [ RunTime:0.001000s ]
INFO: [ app_begin ] --END-- [ RunTime:0.001000s ]
SQL: SHOW COLUMNS FROM `aunet_news` [ RunTime:0.0020s ]
SQL: SELECT COUNT(*) AS tp_count FROM `aunet_news` LIMIT 1   [ RunTime:0.0620s ]
SQL: SELECT * FROM `aunet_news` ORDER BY time desc LIMIT 0,3   [ RunTime:0.0010s ]
INFO: [ view_parse ] --START--
INFO: [ template_filter ] --START--
INFO: Run Behavior\ContentReplaceBehavior [ RunTime:0.001000s ]
INFO: [ template_filter ] --END-- [ RunTime:0.001000s ]
NOTIC: [8] Undefined variable: count C:\xampp\htdocs\AUNET\App\Runtime\Cache\Home\019cf4c3d92b7a47682974fe4251cef4.php 第 307 行.
NOTIC: [8] Undefined variable: page C:\xampp\htdocs\AUNET\App\Runtime\Cache\Home\019cf4c3d92b7a47682974fe4251cef4.php 第 308 行.
INFO: Run Behavior\ParseTemplateBehavior [ RunTime:0.011000s ]
INFO: [ view_parse ] --END-- [ RunTime:0.011000s ]
INFO: [ view_filter ] --START--
INFO: Run Behavior\WriteHtmlCacheBehavior [ RunTime:0.001001s ]
INFO: [ view_filter ] --END-- [ RunTime:0.001001s ]
INFO: [ app_end ] --START--
INFO: Run Behavior\ShowPageTraceBehavior [ RunTime:0.001000s ]
INFO: [ app_end ] --END-- [ RunTime:0.001000s ]

[ 2015-04-19T00:38:33+08:00 ] 127.0.0.1 /AUNET/index.php/Home/News/Index.html
INFO: [ app_init ] --START--
INFO: Run Behavior\BuildLiteBehavior [ RunTime:0.000000s ]
INFO: [ app_init ] --END-- [ RunTime:0.000000s ]
INFO: [ app_begin ] --START--
INFO: Run Behavior\ReadHtmlCacheBehavior [ RunTime:0.000000s ]
INFO: [ app_begin ] --END-- [ RunTime:0.000000s ]
SQL: SHOW COLUMNS FROM `aunet_news` [ RunTime:0.0010s ]
SQL: SELECT COUNT(*) AS tp_count FROM `aunet_news` LIMIT 1   [ RunTime:0.0000s ]
SQL: SELECT * FROM `aunet_news` ORDER BY time desc LIMIT 0,3   [ RunTime:0.0000s ]
INFO: [ view_parse ] --START--
INFO: [ template_filter ] --START--
INFO: Run Behavior\ContentReplaceBehavior [ RunTime:0.000000s ]
INFO: [ template_filter ] --END-- [ RunTime:0.000000s ]
NOTIC: [8] Undefined variable: count C:\xampp\htdocs\AUNET\App\Runtime\Cache\Home\019cf4c3d92b7a47682974fe4251cef4.php 第 307 行.
INFO: Run Behavior\ParseTemplateBehavior [ RunTime:0.006001s ]
INFO: [ view_parse ] --END-- [ RunTime:0.006001s ]
INFO: [ view_filter ] --START--
INFO: Run Behavior\WriteHtmlCacheBehavior [ RunTime:0.001000s ]
INFO: [ view_filter ] --END-- [ RunTime:0.001000s ]
INFO: [ app_end ] --START--
INFO: Run Behavior\ShowPageTraceBehavior [ RunTime:0.000000s ]
INFO: [ app_end ] --END-- [ RunTime:0.000000s ]

[ 2015-04-19T00:38:34+08:00 ] 127.0.0.1 /AUNET/index.php/Home/News/Index/p/2.html
INFO: [ app_init ] --START--
INFO: Run Behavior\BuildLiteBehavior [ RunTime:0.000000s ]
INFO: [ app_init ] --END-- [ RunTime:0.000000s ]
INFO: [ app_begin ] --START--
INFO: Run Behavior\ReadHtmlCacheBehavior [ RunTime:0.001000s ]
INFO: [ app_begin ] --END-- [ RunTime:0.001000s ]
SQL: SHOW COLUMNS FROM `aunet_news` [ RunTime:0.0010s ]
SQL: SELECT COUNT(*) AS tp_count FROM `aunet_news` LIMIT 1   [ RunTime:0.0000s ]
SQL: SELECT * FROM `aunet_news` ORDER BY time desc LIMIT 3,3   [ RunTime:0.0010s ]
INFO: [ view_parse ] --START--
INFO: [ template_filter ] --START--
INFO: Run Behavior\ContentReplaceBehavior [ RunTime:0.000000s ]
INFO: [ template_filter ] --END-- [ RunTime:0.000000s ]
NOTIC: [8] Undefined variable: count C:\xampp\htdocs\AUNET\App\Runtime\Cache\Home\019cf4c3d92b7a47682974fe4251cef4.php 第 307 行.
INFO: Run Behavior\ParseTemplateBehavior [ RunTime:0.005000s ]
INFO: [ view_parse ] --END-- [ RunTime:0.005000s ]
INFO: [ view_filter ] --START--
INFO: Run Behavior\WriteHtmlCacheBehavior [ RunTime:0.001000s ]
INFO: [ view_filter ] --END-- [ RunTime:0.001000s ]
INFO: [ app_end ] --START--
INFO: Run Behavior\ShowPageTraceBehavior [ RunTime:0.000000s ]
INFO: [ app_end ] --END-- [ RunTime:0.000000s ]

[ 2015-04-19T00:38:36+08:00 ] 127.0.0.1 /AUNET/index.php/Home/News/Index/p/1.html
INFO: [ app_init ] --START--
INFO: Run Behavior\BuildLiteBehavior [ RunTime:0.000000s ]
INFO: [ app_init ] --END-- [ RunTime:0.000000s ]
INFO: [ app_begin ] --START--
INFO: Run Behavior\ReadHtmlCacheBehavior [ RunTime:0.010000s ]
INFO: [ app_begin ] --END-- [ RunTime:0.010000s ]
SQL: SHOW COLUMNS FROM `aunet_news` [ RunTime:0.0020s ]
SQL: SELECT COUNT(*) AS tp_count FROM `aunet_news` LIMIT 1   [ RunTime:0.0000s ]
SQL: SELECT * FROM `aunet_news` ORDER BY time desc LIMIT 0,3   [ RunTime:0.0010s ]
INFO: [ view_parse ] --START--
INFO: [ template_filter ] --START--
INFO: Run Behavior\ContentReplaceBehavior [ RunTime:0.000000s ]
INFO: [ template_filter ] --END-- [ RunTime:0.000000s ]
NOTIC: [8] Undefined variable: count C:\xampp\htdocs\AUNET\App\Runtime\Cache\Home\019cf4c3d92b7a47682974fe4251cef4.php 第 307 行.
INFO: Run Behavior\ParseTemplateBehavior [ RunTime:0.006000s ]
INFO: [ view_parse ] --END-- [ RunTime:0.006000s ]
INFO: [ view_filter ] --START--
INFO: Run Behavior\WriteHtmlCacheBehavior [ RunTime:0.000000s ]
INFO: [ view_filter ] --END-- [ RunTime:0.000000s ]
INFO: [ app_end ] --START--
INFO: Run Behavior\ShowPageTraceBehavior [ RunTime:0.001000s ]
INFO: [ app_end ] --END-- [ RunTime:0.001000s ]

[ 2015-04-19T00:38:48+08:00 ] 127.0.0.1 /AUNET/index.php/Home/News/Index/p/1.html
INFO: [ app_init ] --START--
INFO: Run Behavior\BuildLiteBehavior [ RunTime:0.000000s ]
INFO: [ app_init ] --END-- [ RunTime:0.000000s ]
INFO: [ app_begin ] --START--
INFO: Run Behavior\ReadHtmlCacheBehavior [ RunTime:0.001000s ]
INFO: [ app_begin ] --END-- [ RunTime:0.001000s ]
SQL: SHOW COLUMNS FROM `aunet_news` [ RunTime:0.0020s ]
SQL: SELECT COUNT(*) AS tp_count FROM `aunet_news` LIMIT 1   [ RunTime:0.0000s ]
SQL: SELECT * FROM `aunet_news` ORDER BY time desc LIMIT 0,3   [ RunTime:0.0000s ]
INFO: [ view_parse ] --START--
INFO: [ template_filter ] --START--
INFO: Run Behavior\ContentReplaceBehavior [ RunTime:0.000000s ]
INFO: [ template_filter ] --END-- [ RunTime:0.000000s ]
INFO: Run Behavior\ParseTemplateBehavior [ RunTime:0.008001s ]
INFO: [ view_parse ] --END-- [ RunTime:0.008001s ]
INFO: [ view_filter ] --START--
INFO: Run Behavior\WriteHtmlCacheBehavior [ RunTime:0.001000s ]
INFO: [ view_filter ] --END-- [ RunTime:0.001000s ]
INFO: [ app_end ] --START--
INFO: Run Behavior\ShowPageTraceBehavior [ RunTime:0.000000s ]
INFO: [ app_end ] --END-- [ RunTime:0.000000s ]

[ 2015-04-19T00:38:49+08:00 ] 127.0.0.1 /AUNET/index.php/Home/News/Index/p/2.html
INFO: [ app_init ] --START--
INFO: Run Behavior\BuildLiteBehavior [ RunTime:0.000000s ]
INFO: [ app_init ] --END-- [ RunTime:0.000000s ]
INFO: [ app_begin ] --START--
INFO: Run Behavior\ReadHtmlCacheBehavior [ RunTime:0.000000s ]
INFO: [ app_begin ] --END-- [ RunTime:0.000000s ]
SQL: SHOW COLUMNS FROM `aunet_news` [ RunTime:0.0030s ]
SQL: SELECT COUNT(*) AS tp_count FROM `aunet_news` LIMIT 1   [ RunTime:0.0000s ]
SQL: SELECT * FROM `aunet_news` ORDER BY time desc LIMIT 3,3   [ RunTime:0.0000s ]
INFO: [ view_parse ] --START--
INFO: [ template_filter ] --START--
INFO: Run Behavior\ContentReplaceBehavior [ RunTime:0.000000s ]
INFO: [ template_filter ] --END-- [ RunTime:0.000000s ]
INFO: Run Behavior\ParseTemplateBehavior [ RunTime:0.006000s ]
INFO: [ view_parse ] --END-- [ RunTime:0.007000s ]
INFO: [ view_filter ] --START--
INFO: Run Behavior\WriteHtmlCacheBehavior [ RunTime:0.000000s ]
INFO: [ view_filter ] --END-- [ RunTime:0.000000s ]
INFO: [ app_end ] --START--
INFO: Run Behavior\ShowPageTraceBehavior [ RunTime:0.000000s ]
INFO: [ app_end ] --END-- [ RunTime:0.000000s ]

[ 2015-04-19T00:38:50+08:00 ] 127.0.0.1 /AUNET/index.php/Home/News/Index/p/1.html
INFO: [ app_init ] --START--
INFO: Run Behavior\BuildLiteBehavior [ RunTime:0.000000s ]
INFO: [ app_init ] --END-- [ RunTime:0.000000s ]
INFO: [ app_begin ] --START--
INFO: Run Behavior\ReadHtmlCacheBehavior [ RunTime:0.000000s ]
INFO: [ app_begin ] --END-- [ RunTime:0.000000s ]
SQL: SHOW COLUMNS FROM `aunet_news` [ RunTime:0.0010s ]
SQL: SELECT COUNT(*) AS tp_count FROM `aunet_news` LIMIT 1   [ RunTime:0.0010s ]
SQL: SELECT * FROM `aunet_news` ORDER BY time desc LIMIT 0,3   [ RunTime:0.0010s ]
INFO: [ view_parse ] --START--
INFO: [ template_filter ] --START--
INFO: Run Behavior\ContentReplaceBehavior [ RunTime:0.000000s ]
INFO: [ template_filter ] --END-- [ RunTime:0.000000s ]
INFO: Run Behavior\ParseTemplateBehavior [ RunTime:0.007000s ]
INFO: [ view_parse ] --END-- [ RunTime:0.007000s ]
INFO: [ view_filter ] --START--
INFO: Run Behavior\WriteHtmlCacheBehavior [ RunTime:0.000000s ]
INFO: [ view_filter ] --END-- [ RunTime:0.000000s ]
INFO: [ app_end ] --START--
INFO: Run Behavior\ShowPageTraceBehavior [ RunTime:0.000000s ]
INFO: [ app_end ] --END-- [ RunTime:0.000000s ]

[ 2015-04-19T00:39:25+08:00 ] 127.0.0.1 /AUNET/index.php/Home/Activity/Index.html
INFO: [ app_init ] --START--
INFO: Run Behavior\BuildLiteBehavior [ RunTime:0.000000s ]
INFO: [ app_init ] --END-- [ RunTime:0.000000s ]
INFO: [ app_begin ] --START--
INFO: Run Behavior\ReadHtmlCacheBehavior [ RunTime:0.001000s ]
INFO: [ app_begin ] --END-- [ RunTime:0.001000s ]
INFO: [ view_parse ] --START--
INFO: [ template_filter ] --START--
INFO: Run Behavior\ContentReplaceBehavior [ RunTime:0.001000s ]
INFO: [ template_filter ] --END-- [ RunTime:0.001000s ]
INFO: Run Behavior\ParseTemplateBehavior [ RunTime:0.006000s ]
INFO: [ view_parse ] --END-- [ RunTime:0.006000s ]
INFO: [ view_filter ] --START--
INFO: Run Behavior\WriteHtmlCacheBehavior [ RunTime:0.000000s ]
INFO: [ view_filter ] --END-- [ RunTime:0.000000s ]
INFO: [ app_end ] --START--
INFO: Run Behavior\ShowPageTraceBehavior [ RunTime:0.000000s ]
INFO: [ app_end ] --END-- [ RunTime:0.000000s ]

[ 2015-04-19T00:39:26+08:00 ] 127.0.0.1 /AUNET/index.php/Home/BroadCast/Index.html
INFO: [ app_init ] --START--
INFO: Run Behavior\BuildLiteBehavior [ RunTime:0.000000s ]
INFO: [ app_init ] --END-- [ RunTime:0.000000s ]
INFO: [ app_begin ] --START--
INFO: Run Behavior\ReadHtmlCacheBehavior [ RunTime:0.001000s ]
INFO: [ app_begin ] --END-- [ RunTime:0.001000s ]
SQL: SHOW COLUMNS FROM `aunet_forecast` [ RunTime:0.0020s ]
SQL: SELECT * FROM `aunet_forecast` ORDER BY time desc  [ RunTime:0.0000s ]
INFO: [ view_parse ] --START--
INFO: [ template_filter ] --START--
INFO: Run Behavior\ContentReplaceBehavior [ RunTime:0.000000s ]
INFO: [ template_filter ] --END-- [ RunTime:0.000000s ]
INFO: Run Behavior\ParseTemplateBehavior [ RunTime:0.007000s ]
INFO: [ view_parse ] --END-- [ RunTime:0.007000s ]
INFO: [ view_filter ] --START--
INFO: Run Behavior\WriteHtmlCacheBehavior [ RunTime:0.001000s ]
INFO: [ view_filter ] --END-- [ RunTime:0.001000s ]
INFO: [ app_end ] --START--
INFO: Run Behavior\ShowPageTraceBehavior [ RunTime:0.001000s ]
INFO: [ app_end ] --END-- [ RunTime:0.001000s ]

[ 2015-04-19T00:39:26+08:00 ] 127.0.0.1 /AUNET/index.php/Home/News/Index.html
INFO: [ app_init ] --START--
INFO: Run Behavior\BuildLiteBehavior [ RunTime:0.000000s ]
INFO: [ app_init ] --END-- [ RunTime:0.000000s ]
INFO: [ app_begin ] --START--
INFO: Run Behavior\ReadHtmlCacheBehavior [ RunTime:0.001000s ]
INFO: [ app_begin ] --END-- [ RunTime:0.001000s ]
SQL: SHOW COLUMNS FROM `aunet_news` [ RunTime:0.0040s ]
SQL: SELECT COUNT(*) AS tp_count FROM `aunet_news` LIMIT 1   [ RunTime:0.0000s ]
SQL: SELECT * FROM `aunet_news` ORDER BY time desc LIMIT 0,3   [ RunTime:0.0010s ]
INFO: [ view_parse ] --START--
INFO: [ template_filter ] --START--
INFO: Run Behavior\ContentReplaceBehavior [ RunTime:0.000000s ]
INFO: [ template_filter ] --END-- [ RunTime:0.000000s ]
INFO: Run Behavior\ParseTemplateBehavior [ RunTime:0.011001s ]
INFO: [ view_parse ] --END-- [ RunTime:0.011001s ]
INFO: [ view_filter ] --START--
INFO: Run Behavior\WriteHtmlCacheBehavior [ RunTime:0.000000s ]
INFO: [ view_filter ] --END-- [ RunTime:0.000000s ]
INFO: [ app_end ] --START--
INFO: Run Behavior\ShowPageTraceBehavior [ RunTime:0.001000s ]
INFO: [ app_end ] --END-- [ RunTime:0.001000s ]

[ 2015-04-19T00:39:28+08:00 ] 127.0.0.1 /AUNET/index.php/Home/News/Index/p/2.html
INFO: [ app_init ] --START--
INFO: Run Behavior\BuildLiteBehavior [ RunTime:0.000000s ]
INFO: [ app_init ] --END-- [ RunTime:0.000000s ]
INFO: [ app_begin ] --START--
INFO: Run Behavior\ReadHtmlCacheBehavior [ RunTime:0.000000s ]
INFO: [ app_begin ] --END-- [ RunTime:0.000000s ]
SQL: SHOW COLUMNS FROM `aunet_news` [ RunTime:0.0010s ]
SQL: SELECT COUNT(*) AS tp_count FROM `aunet_news` LIMIT 1   [ RunTime:0.0000s ]
SQL: SELECT * FROM `aunet_news` ORDER BY time desc LIMIT 3,3   [ RunTime:0.0000s ]
INFO: [ view_parse ] --START--
INFO: [ template_filter ] --START--
INFO: Run Behavior\ContentReplaceBehavior [ RunTime:0.000000s ]
INFO: [ template_filter ] --END-- [ RunTime:0.000000s ]
INFO: Run Behavior\ParseTemplateBehavior [ RunTime:0.005000s ]
INFO: [ view_parse ] --END-- [ RunTime:0.005000s ]
INFO: [ view_filter ] --START--
INFO: Run Behavior\WriteHtmlCacheBehavior [ RunTime:0.000000s ]
INFO: [ view_filter ] --END-- [ RunTime:0.000000s ]
INFO: [ app_end ] --START--
INFO: Run Behavior\ShowPageTraceBehavior [ RunTime:0.001000s ]
INFO: [ app_end ] --END-- [ RunTime:0.001000s ]

[ 2015-04-19T00:39:29+08:00 ] 127.0.0.1 /AUNET/index.php/Home/News/Index/p/1.html
INFO: [ app_init ] --START--
INFO: Run Behavior\BuildLiteBehavior [ RunTime:0.000000s ]
INFO: [ app_init ] --END-- [ RunTime:0.000000s ]
INFO: [ app_begin ] --START--
INFO: Run Behavior\ReadHtmlCacheBehavior [ RunTime:0.001000s ]
INFO: [ app_begin ] --END-- [ RunTime:0.001000s ]
SQL: SHOW COLUMNS FROM `aunet_news` [ RunTime:0.0020s ]
SQL: SELECT COUNT(*) AS tp_count FROM `aunet_news` LIMIT 1   [ RunTime:0.0000s ]
SQL: SELECT * FROM `aunet_news` ORDER BY time desc LIMIT 0,3   [ RunTime:0.0000s ]
INFO: [ view_parse ] --START--
INFO: [ template_filter ] --START--
INFO: Run Behavior\ContentReplaceBehavior [ RunTime:0.000000s ]
INFO: [ template_filter ] --END-- [ RunTime:0.000000s ]
INFO: Run Behavior\ParseTemplateBehavior [ RunTime:0.007001s ]
INFO: [ view_parse ] --END-- [ RunTime:0.007001s ]
INFO: [ view_filter ] --START--
INFO: Run Behavior\WriteHtmlCacheBehavior [ RunTime:0.000000s ]
INFO: [ view_filter ] --END-- [ RunTime:0.000000s ]
INFO: [ app_end ] --START--
INFO: Run Behavior\ShowPageTraceBehavior [ RunTime:0.000000s ]
INFO: [ app_end ] --END-- [ RunTime:0.000000s ]

[ 2015-04-19T00:45:55+08:00 ] 127.0.0.1 /AUNET/index.php/Home/News/Index/p/1.html
INFO: [ app_init ] --START--
INFO: Run Behavior\BuildLiteBehavior [ RunTime:0.000000s ]
INFO: [ app_init ] --END-- [ RunTime:0.000000s ]
INFO: [ app_begin ] --START--
INFO: Run Behavior\ReadHtmlCacheBehavior [ RunTime:0.001000s ]
INFO: [ app_begin ] --END-- [ RunTime:0.001000s ]
SQL: SHOW COLUMNS FROM `aunet_news` [ RunTime:0.0040s ]
SQL: SELECT COUNT(*) AS tp_count FROM `aunet_news` LIMIT 1   [ RunTime:0.0000s ]
SQL: SELECT * FROM `aunet_news` ORDER BY time desc LIMIT 0,3   [ RunTime:0.0010s ]
INFO: [ view_parse ] --START--
INFO: [ template_filter ] --START--
INFO: Run Behavior\ContentReplaceBehavior [ RunTime:0.000000s ]
INFO: [ template_filter ] --END-- [ RunTime:0.000000s ]
INFO: Run Behavior\ParseTemplateBehavior [ RunTime:0.022002s ]
INFO: [ view_parse ] --END-- [ RunTime:0.022002s ]
INFO: [ view_filter ] --START--
INFO: Run Behavior\WriteHtmlCacheBehavior [ RunTime:0.000000s ]
INFO: [ view_filter ] --END-- [ RunTime:0.000000s ]
INFO: [ app_end ] --START--
INFO: Run Behavior\ShowPageTraceBehavior [ RunTime:0.001000s ]
INFO: [ app_end ] --END-- [ RunTime:0.001000s ]

[ 2015-04-19T00:45:55+08:00 ] 127.0.0.1 /AUNET/index.php/Home/News/Index/p/1.html
INFO: [ app_init ] --START--
INFO: Run Behavior\BuildLiteBehavior [ RunTime:0.000000s ]
INFO: [ app_init ] --END-- [ RunTime:0.000000s ]
INFO: [ app_begin ] --START--
INFO: Run Behavior\ReadHtmlCacheBehavior [ RunTime:0.001000s ]
INFO: [ app_begin ] --END-- [ RunTime:0.001000s ]
SQL: SHOW COLUMNS FROM `aunet_news` [ RunTime:0.0020s ]
SQL: SELECT COUNT(*) AS tp_count FROM `aunet_news` LIMIT 1   [ RunTime:0.0000s ]
SQL: SELECT * FROM `aunet_news` ORDER BY time desc LIMIT 0,3   [ RunTime:0.0000s ]
INFO: [ view_parse ] --START--
INFO: [ template_filter ] --START--
INFO: Run Behavior\ContentReplaceBehavior [ RunTime:0.000000s ]
INFO: [ template_filter ] --END-- [ RunTime:0.000000s ]
INFO: Run Behavior\ParseTemplateBehavior [ RunTime:0.007000s ]
INFO: [ view_parse ] --END-- [ RunTime:0.007000s ]
INFO: [ view_filter ] --START--
INFO: Run Behavior\WriteHtmlCacheBehavior [ RunTime:0.001001s ]
INFO: [ view_filter ] --END-- [ RunTime:0.001001s ]
INFO: [ app_end ] --START--
INFO: Run Behavior\ShowPageTraceBehavior [ RunTime:0.001000s ]
INFO: [ app_end ] --END-- [ RunTime:0.001000s ]

[ 2015-04-19T00:45:57+08:00 ] 127.0.0.1 /AUNET/index.php/Home/News/Index/p/2.html
INFO: [ app_init ] --START--
INFO: Run Behavior\BuildLiteBehavior [ RunTime:0.000000s ]
INFO: [ app_init ] --END-- [ RunTime:0.000000s ]
INFO: [ app_begin ] --START--
INFO: Run Behavior\ReadHtmlCacheBehavior [ RunTime:0.000000s ]
INFO: [ app_begin ] --END-- [ RunTime:0.000000s ]
SQL: SHOW COLUMNS FROM `aunet_news` [ RunTime:0.0020s ]
SQL: SELECT COUNT(*) AS tp_count FROM `aunet_news` LIMIT 1   [ RunTime:0.0010s ]
SQL: SELECT * FROM `aunet_news` ORDER BY time desc LIMIT 3,3   [ RunTime:0.0010s ]
INFO: [ view_parse ] --START--
INFO: [ template_filter ] --START--
INFO: Run Behavior\ContentReplaceBehavior [ RunTime:0.000000s ]
INFO: [ template_filter ] --END-- [ RunTime:0.000000s ]
INFO: Run Behavior\ParseTemplateBehavior [ RunTime:0.006000s ]
INFO: [ view_parse ] --END-- [ RunTime:0.006000s ]
INFO: [ view_filter ] --START--
INFO: Run Behavior\WriteHtmlCacheBehavior [ RunTime:0.000000s ]
INFO: [ view_filter ] --END-- [ RunTime:0.000000s ]
INFO: [ app_end ] --START--
INFO: Run Behavior\ShowPageTraceBehavior [ RunTime:0.001000s ]
INFO: [ app_end ] --END-- [ RunTime:0.001000s ]

[ 2015-04-19T00:45:58+08:00 ] 127.0.0.1 /AUNET/index.php/Home/News/Index/p/1.html
INFO: [ app_init ] --START--
INFO: Run Behavior\BuildLiteBehavior [ RunTime:0.000000s ]
INFO: [ app_init ] --END-- [ RunTime:0.000000s ]
INFO: [ app_begin ] --START--
INFO: Run Behavior\ReadHtmlCacheBehavior [ RunTime:0.000000s ]
INFO: [ app_begin ] --END-- [ RunTime:0.000000s ]
SQL: SHOW COLUMNS FROM `aunet_news` [ RunTime:0.0020s ]
SQL: SELECT COUNT(*) AS tp_count FROM `aunet_news` LIMIT 1   [ RunTime:0.0000s ]
SQL: SELECT * FROM `aunet_news` ORDER BY time desc LIMIT 0,3   [ RunTime:0.0000s ]
INFO: [ view_parse ] --START--
INFO: [ template_filter ] --START--
INFO: Run Behavior\ContentReplaceBehavior [ RunTime:0.000000s ]
INFO: [ template_filter ] --END-- [ RunTime:0.000000s ]
INFO: Run Behavior\ParseTemplateBehavior [ RunTime:0.006000s ]
INFO: [ view_parse ] --END-- [ RunTime:0.006000s ]
INFO: [ view_filter ] --START--
INFO: Run Behavior\WriteHtmlCacheBehavior [ RunTime:0.000000s ]
INFO: [ view_filter ] --END-- [ RunTime:0.000000s ]
INFO: [ app_end ] --START--
INFO: Run Behavior\ShowPageTraceBehavior [ RunTime:0.000000s ]
INFO: [ app_end ] --END-- [ RunTime:0.000000s ]

[ 2015-04-19T00:47:20+08:00 ] 127.0.0.1 /AUNET/index.php/Home/News/Index/p/1.html
INFO: [ app_init ] --START--
INFO: Run Behavior\BuildLiteBehavior [ RunTime:0.000000s ]
INFO: [ app_init ] --END-- [ RunTime:0.000000s ]
INFO: [ app_begin ] --START--
INFO: Run Behavior\ReadHtmlCacheBehavior [ RunTime:0.000000s ]
INFO: [ app_begin ] --END-- [ RunTime:0.000000s ]
SQL: SHOW COLUMNS FROM `aunet_news` [ RunTime:0.0030s ]
SQL: SELECT COUNT(*) AS tp_count FROM `aunet_news` LIMIT 1   [ RunTime:0.0000s ]
SQL: SELECT * FROM `aunet_news` ORDER BY time desc LIMIT 0,3   [ RunTime:0.0000s ]
INFO: [ view_parse ] --START--
INFO: [ template_filter ] --START--
INFO: Run Behavior\ContentReplaceBehavior [ RunTime:0.000000s ]
INFO: [ template_filter ] --END-- [ RunTime:0.000000s ]
INFO: Run Behavior\ParseTemplateBehavior [ RunTime:0.008000s ]
INFO: [ view_parse ] --END-- [ RunTime:0.008000s ]
INFO: [ view_filter ] --START--
INFO: Run Behavior\WriteHtmlCacheBehavior [ RunTime:0.000000s ]
INFO: [ view_filter ] --END-- [ RunTime:0.000000s ]
INFO: [ app_end ] --START--
INFO: Run Behavior\ShowPageTraceBehavior [ RunTime:0.001000s ]
INFO: [ app_end ] --END-- [ RunTime:0.001000s ]

[ 2015-04-19T00:48:38+08:00 ] 127.0.0.1 /AUNET/index.php/Home/News/Index/p/1.html
INFO: [ app_init ] --START--
INFO: Run Behavior\BuildLiteBehavior [ RunTime:0.000000s ]
INFO: [ app_init ] --END-- [ RunTime:0.001000s ]
INFO: [ app_begin ] --START--
INFO: Run Behavior\ReadHtmlCacheBehavior [ RunTime:0.001000s ]
INFO: [ app_begin ] --END-- [ RunTime:0.001000s ]
SQL: SHOW COLUMNS FROM `aunet_news` [ RunTime:0.0020s ]
SQL: SELECT COUNT(*) AS tp_count FROM `aunet_news` LIMIT 1   [ RunTime:0.0000s ]
SQL: SELECT * FROM `aunet_news` ORDER BY time desc LIMIT 0,3   [ RunTime:0.0010s ]
INFO: [ view_parse ] --START--
INFO: [ template_filter ] --START--
INFO: Run Behavior\ContentReplaceBehavior [ RunTime:0.000000s ]
INFO: [ template_filter ] --END-- [ RunTime:0.000000s ]
INFO: Run Behavior\ParseTemplateBehavior [ RunTime:0.007000s ]
INFO: [ view_parse ] --END-- [ RunTime:0.007000s ]
INFO: [ view_filter ] --START--
INFO: Run Behavior\WriteHtmlCacheBehavior [ RunTime:0.000000s ]
INFO: [ view_filter ] --END-- [ RunTime:0.000000s ]
INFO: [ app_end ] --START--
INFO: Run Behavior\ShowPageTraceBehavior [ RunTime:0.001000s ]
INFO: [ app_end ] --END-- [ RunTime:0.001000s ]

[ 2015-04-19T00:48:39+08:00 ] 127.0.0.1 /AUNET/index.php/Home/News/Index/p/1.html
INFO: [ app_init ] --START--
INFO: Run Behavior\BuildLiteBehavior [ RunTime:0.000000s ]
INFO: [ app_init ] --END-- [ RunTime:0.000000s ]
INFO: [ app_begin ] --START--
INFO: Run Behavior\ReadHtmlCacheBehavior [ RunTime:0.000000s ]
INFO: [ app_begin ] --END-- [ RunTime:0.000000s ]
SQL: SHOW COLUMNS FROM `aunet_news` [ RunTime:0.0020s ]
SQL: SELECT COUNT(*) AS tp_count FROM `aunet_news` LIMIT 1   [ RunTime:0.0000s ]
SQL: SELECT * FROM `aunet_news` ORDER BY time desc LIMIT 0,3   [ RunTime:0.0000s ]
INFO: [ view_parse ] --START--
INFO: [ template_filter ] --START--
INFO: Run Behavior\ContentReplaceBehavior [ RunTime:0.000000s ]
INFO: [ template_filter ] --END-- [ RunTime:0.000000s ]
INFO: Run Behavior\ParseTemplateBehavior [ RunTime:0.006000s ]
INFO: [ view_parse ] --END-- [ RunTime:0.006000s ]
INFO: [ view_filter ] --START--
INFO: Run Behavior\WriteHtmlCacheBehavior [ RunTime:0.000000s ]
INFO: [ view_filter ] --END-- [ RunTime:0.000000s ]
INFO: [ app_end ] --START--
INFO: Run Behavior\ShowPageTraceBehavior [ RunTime:0.001000s ]
INFO: [ app_end ] --END-- [ RunTime:0.001000s ]

[ 2015-04-19T00:48:39+08:00 ] 127.0.0.1 /AUNET/index.php/Home/News/Index/p/1.html
INFO: [ app_init ] --START--
INFO: Run Behavior\BuildLiteBehavior [ RunTime:0.000000s ]
INFO: [ app_init ] --END-- [ RunTime:0.001000s ]
INFO: [ app_begin ] --START--
INFO: Run Behavior\ReadHtmlCacheBehavior [ RunTime:0.001001s ]
INFO: [ app_begin ] --END-- [ RunTime:0.001001s ]
SQL: SHOW COLUMNS FROM `aunet_news` [ RunTime:0.0020s ]
SQL: SELECT COUNT(*) AS tp_count FROM `aunet_news` LIMIT 1   [ RunTime:0.0000s ]
SQL: SELECT * FROM `aunet_news` ORDER BY time desc LIMIT 0,3   [ RunTime:0.0000s ]
INFO: [ view_parse ] --START--
INFO: [ template_filter ] --START--
INFO: Run Behavior\ContentReplaceBehavior [ RunTime:0.000000s ]
INFO: [ template_filter ] --END-- [ RunTime:0.000000s ]
INFO: Run Behavior\ParseTemplateBehavior [ RunTime:0.006000s ]
INFO: [ view_parse ] --END-- [ RunTime:0.006000s ]
INFO: [ view_filter ] --START--
INFO: Run Behavior\WriteHtmlCacheBehavior [ RunTime:0.000000s ]
INFO: [ view_filter ] --END-- [ RunTime:0.000000s ]
INFO: [ app_end ] --START--
INFO: Run Behavior\ShowPageTraceBehavior [ RunTime:0.001000s ]
INFO: [ app_end ] --END-- [ RunTime:0.001000s ]

[ 2015-04-19T00:49:03+08:00 ] 127.0.0.1 /AUNET/index.php/Home/News/Index/p/1.html
INFO: [ app_init ] --START--
INFO: Run Behavior\BuildLiteBehavior [ RunTime:0.000000s ]
INFO: [ app_init ] --END-- [ RunTime:0.000000s ]
INFO: [ app_begin ] --START--
INFO: Run Behavior\ReadHtmlCacheBehavior [ RunTime:0.000000s ]
INFO: [ app_begin ] --END-- [ RunTime:0.000000s ]
SQL: SHOW COLUMNS FROM `aunet_news` [ RunTime:0.0030s ]
SQL: SELECT COUNT(*) AS tp_count FROM `aunet_news` LIMIT 1   [ RunTime:0.0000s ]
SQL: SELECT * FROM `aunet_news` ORDER BY time desc LIMIT 0,3   [ RunTime:0.0000s ]
INFO: [ view_parse ] --START--
INFO: [ template_filter ] --START--
INFO: Run Behavior\ContentReplaceBehavior [ RunTime:0.000000s ]
INFO: [ template_filter ] --END-- [ RunTime:0.001000s ]

[ 2015-04-19T00:49:31+08:00 ] 127.0.0.1 /AUNET/index.php/Home/News/Index/p/1.html
INFO: [ app_init ] --START--
INFO: Run Behavior\BuildLiteBehavior [ RunTime:0.000000s ]
INFO: [ app_init ] --END-- [ RunTime:0.000000s ]
INFO: [ app_begin ] --START--
INFO: Run Behavior\ReadHtmlCacheBehavior [ RunTime:0.000000s ]
INFO: [ app_begin ] --END-- [ RunTime:0.000000s ]
SQL: SHOW COLUMNS FROM `aunet_news` [ RunTime:0.0020s ]
SQL: SELECT COUNT(*) AS tp_count FROM `aunet_news` LIMIT 1   [ RunTime:0.0000s ]
SQL: SELECT * FROM `aunet_news` ORDER BY time desc LIMIT 0,3   [ RunTime:0.0000s ]
INFO: [ view_parse ] --START--
INFO: [ template_filter ] --START--
INFO: Run Behavior\ContentReplaceBehavior [ RunTime:0.000000s ]
INFO: [ template_filter ] --END-- [ RunTime:0.000000s ]
NOTIC: [8] Use of undefined constant pic - assumed 'pic' C:\xampp\htdocs\AUNET\App\Runtime\Cache\Home\019cf4c3d92b7a47682974fe4251cef4.php 第 287 行.
NOTIC: [8] Array to string conversion C:\xampp\htdocs\AUNET\App\Runtime\Cache\Home\019cf4c3d92b7a47682974fe4251cef4.php 第 287 行.
NOTIC: [8] Use of undefined constant pic - assumed 'pic' C:\xampp\htdocs\AUNET\App\Runtime\Cache\Home\019cf4c3d92b7a47682974fe4251cef4.php 第 287 行.
NOTIC: [8] Array to string conversion C:\xampp\htdocs\AUNET\App\Runtime\Cache\Home\019cf4c3d92b7a47682974fe4251cef4.php 第 287 行.
NOTIC: [8] Use of undefined constant pic - assumed 'pic' C:\xampp\htdocs\AUNET\App\Runtime\Cache\Home\019cf4c3d92b7a47682974fe4251cef4.php 第 287 行.
NOTIC: [8] Array to string conversion C:\xampp\htdocs\AUNET\App\Runtime\Cache\Home\019cf4c3d92b7a47682974fe4251cef4.php 第 287 行.
INFO: Run Behavior\ParseTemplateBehavior [ RunTime:0.007000s ]
INFO: [ view_parse ] --END-- [ RunTime:0.007000s ]
INFO: [ view_filter ] --START--
INFO: Run Behavior\WriteHtmlCacheBehavior [ RunTime:0.000000s ]
INFO: [ view_filter ] --END-- [ RunTime:0.000000s ]
INFO: [ app_end ] --START--
INFO: Run Behavior\ShowPageTraceBehavior [ RunTime:0.000000s ]
INFO: [ app_end ] --END-- [ RunTime:0.000000s ]

[ 2015-04-19T00:49:31+08:00 ] 127.0.0.1 /AUNET/index.php/Home/News/Index/p/$news[$i].pic
INFO: [ app_init ] --START--
INFO: Run Behavior\BuildLiteBehavior [ RunTime:0.000000s ]
INFO: [ app_init ] --END-- [ RunTime:0.000000s ]
INFO: [ app_begin ] --START--
INFO: Run Behavior\ReadHtmlCacheBehavior [ RunTime:0.001000s ]
INFO: [ app_begin ] --END-- [ RunTime:0.001000s ]
SQL: SHOW COLUMNS FROM `aunet_news` [ RunTime:0.0020s ]
SQL: SELECT COUNT(*) AS tp_count FROM `aunet_news` LIMIT 1   [ RunTime:0.0010s ]
SQL: SELECT * FROM `aunet_news` ORDER BY time desc LIMIT 0,3   [ RunTime:0.0000s ]
INFO: [ view_parse ] --START--
INFO: [ template_filter ] --START--
INFO: Run Behavior\ContentReplaceBehavior [ RunTime:0.001001s ]
INFO: [ template_filter ] --END-- [ RunTime:0.001001s ]
NOTIC: [8] Use of undefined constant pic - assumed 'pic' C:\xampp\htdocs\AUNET\App\Runtime\Cache\Home\019cf4c3d92b7a47682974fe4251cef4.php 第 287 行.
NOTIC: [8] Array to string conversion C:\xampp\htdocs\AUNET\App\Runtime\Cache\Home\019cf4c3d92b7a47682974fe4251cef4.php 第 287 行.
NOTIC: [8] Use of undefined constant pic - assumed 'pic' C:\xampp\htdocs\AUNET\App\Runtime\Cache\Home\019cf4c3d92b7a47682974fe4251cef4.php 第 287 行.
NOTIC: [8] Array to string conversion C:\xampp\htdocs\AUNET\App\Runtime\Cache\Home\019cf4c3d92b7a47682974fe4251cef4.php 第 287 行.
NOTIC: [8] Use of undefined constant pic - assumed 'pic' C:\xampp\htdocs\AUNET\App\Runtime\Cache\Home\019cf4c3d92b7a47682974fe4251cef4.php 第 287 行.
NOTIC: [8] Array to string conversion C:\xampp\htdocs\AUNET\App\Runtime\Cache\Home\019cf4c3d92b7a47682974fe4251cef4.php 第 287 行.
INFO: Run Behavior\ParseTemplateBehavior [ RunTime:0.011001s ]
INFO: [ view_parse ] --END-- [ RunTime:0.011001s ]
INFO: [ view_filter ] --START--
INFO: Run Behavior\WriteHtmlCacheBehavior [ RunTime:0.001000s ]
INFO: [ view_filter ] --END-- [ RunTime:0.001000s ]
INFO: [ app_end ] --START--
INFO: Run Behavior\ShowPageTraceBehavior [ RunTime:0.001000s ]
INFO: [ app_end ] --END-- [ RunTime:0.001000s ]

[ 2015-04-19T00:49:49+08:00 ] 127.0.0.1 /AUNET/index.php/Home/News/Index/p/1.html
INFO: [ app_init ] --START--
INFO: Run Behavior\BuildLiteBehavior [ RunTime:0.000000s ]
INFO: [ app_init ] --END-- [ RunTime:0.000000s ]
INFO: [ app_begin ] --START--
INFO: Run Behavior\ReadHtmlCacheBehavior [ RunTime:0.000000s ]
INFO: [ app_begin ] --END-- [ RunTime:0.000000s ]
SQL: SHOW COLUMNS FROM `aunet_news` [ RunTime:0.0020s ]
SQL: SELECT COUNT(*) AS tp_count FROM `aunet_news` LIMIT 1   [ RunTime:0.0000s ]
SQL: SELECT * FROM `aunet_news` ORDER BY time desc LIMIT 0,3   [ RunTime:0.0000s ]
INFO: [ view_parse ] --START--
INFO: [ template_filter ] --START--
INFO: Run Behavior\ContentReplaceBehavior [ RunTime:0.000000s ]
INFO: [ template_filter ] --END-- [ RunTime:0.000000s ]
NOTIC: [8] Use of undefined constant pic - assumed 'pic' C:\xampp\htdocs\AUNET\App\Runtime\Cache\Home\019cf4c3d92b7a47682974fe4251cef4.php 第 287 行.
NOTIC: [8] Array to string conversion C:\xampp\htdocs\AUNET\App\Runtime\Cache\Home\019cf4c3d92b7a47682974fe4251cef4.php 第 287 行.
NOTIC: [8] Use of undefined constant pic - assumed 'pic' C:\xampp\htdocs\AUNET\App\Runtime\Cache\Home\019cf4c3d92b7a47682974fe4251cef4.php 第 287 行.
NOTIC: [8] Array to string conversion C:\xampp\htdocs\AUNET\App\Runtime\Cache\Home\019cf4c3d92b7a47682974fe4251cef4.php 第 287 行.
NOTIC: [8] Use of undefined constant pic - assumed 'pic' C:\xampp\htdocs\AUNET\App\Runtime\Cache\Home\019cf4c3d92b7a47682974fe4251cef4.php 第 287 行.
NOTIC: [8] Array to string conversion C:\xampp\htdocs\AUNET\App\Runtime\Cache\Home\019cf4c3d92b7a47682974fe4251cef4.php 第 287 行.
INFO: Run Behavior\ParseTemplateBehavior [ RunTime:0.010000s ]
INFO: [ view_parse ] --END-- [ RunTime:0.010000s ]
INFO: [ view_filter ] --START--
INFO: Run Behavior\WriteHtmlCacheBehavior [ RunTime:0.000000s ]
INFO: [ view_filter ] --END-- [ RunTime:0.001000s ]
INFO: [ app_end ] --START--
INFO: Run Behavior\ShowPageTraceBehavior [ RunTime:0.001000s ]
INFO: [ app_end ] --END-- [ RunTime:0.001000s ]

[ 2015-04-19T00:50:02+08:00 ] 127.0.0.1 /AUNET/index.php/Home/News/Index/p/1.html
INFO: [ app_init ] --START--
INFO: Run Behavior\BuildLiteBehavior [ RunTime:0.000000s ]
INFO: [ app_init ] --END-- [ RunTime:0.001000s ]
INFO: [ app_begin ] --START--
INFO: Run Behavior\ReadHtmlCacheBehavior [ RunTime:0.001000s ]
INFO: [ app_begin ] --END-- [ RunTime:0.001000s ]
SQL: SHOW COLUMNS FROM `aunet_news` [ RunTime:0.0020s ]
SQL: SELECT COUNT(*) AS tp_count FROM `aunet_news` LIMIT 1   [ RunTime:0.0000s ]
SQL: SELECT * FROM `aunet_news` ORDER BY time desc LIMIT 0,3   [ RunTime:0.0030s ]
INFO: [ view_parse ] --START--
INFO: [ template_filter ] --START--
INFO: Run Behavior\ContentReplaceBehavior [ RunTime:0.000000s ]
INFO: [ template_filter ] --END-- [ RunTime:0.000000s ]
NOTIC: [8] Use of undefined constant pic - assumed 'pic' C:\xampp\htdocs\AUNET\App\Runtime\Cache\Home\019cf4c3d92b7a47682974fe4251cef4.php 第 287 行.
NOTIC: [8] Array to string conversion C:\xampp\htdocs\AUNET\App\Runtime\Cache\Home\019cf4c3d92b7a47682974fe4251cef4.php 第 287 行.
NOTIC: [8] Use of undefined constant pic - assumed 'pic' C:\xampp\htdocs\AUNET\App\Runtime\Cache\Home\019cf4c3d92b7a47682974fe4251cef4.php 第 287 行.
NOTIC: [8] Array to string conversion C:\xampp\htdocs\AUNET\App\Runtime\Cache\Home\019cf4c3d92b7a47682974fe4251cef4.php 第 287 行.
NOTIC: [8] Use of undefined constant pic - assumed 'pic' C:\xampp\htdocs\AUNET\App\Runtime\Cache\Home\019cf4c3d92b7a47682974fe4251cef4.php 第 287 行.
NOTIC: [8] Array to string conversion C:\xampp\htdocs\AUNET\App\Runtime\Cache\Home\019cf4c3d92b7a47682974fe4251cef4.php 第 287 行.
INFO: Run Behavior\ParseTemplateBehavior [ RunTime:0.011001s ]
INFO: [ view_parse ] --END-- [ RunTime:0.011001s ]
INFO: [ view_filter ] --START--
INFO: Run Behavior\WriteHtmlCacheBehavior [ RunTime:0.000000s ]
INFO: [ view_filter ] --END-- [ RunTime:0.000000s ]
INFO: [ app_end ] --START--
INFO: Run Behavior\ShowPageTraceBehavior [ RunTime:0.001000s ]
INFO: [ app_end ] --END-- [ RunTime:0.001000s ]

[ 2015-04-19T00:50:02+08:00 ] 127.0.0.1 /AUNET/index.php/Home/News/Index/p/1.html
INFO: [ app_init ] --START--
INFO: Run Behavior\BuildLiteBehavior [ RunTime:0.000000s ]
INFO: [ app_init ] --END-- [ RunTime:0.000000s ]
INFO: [ app_begin ] --START--
INFO: Run Behavior\ReadHtmlCacheBehavior [ RunTime:0.001000s ]
INFO: [ app_begin ] --END-- [ RunTime:0.001000s ]
SQL: SHOW COLUMNS FROM `aunet_news` [ RunTime:0.0030s ]
SQL: SELECT COUNT(*) AS tp_count FROM `aunet_news` LIMIT 1   [ RunTime:0.0000s ]
SQL: SELECT * FROM `aunet_news` ORDER BY time desc LIMIT 0,3   [ RunTime:0.0000s ]
INFO: [ view_parse ] --START--
INFO: [ template_filter ] --START--
INFO: Run Behavior\ContentReplaceBehavior [ RunTime:0.000000s ]
INFO: [ template_filter ] --END-- [ RunTime:0.000000s ]
NOTIC: [8] Use of undefined constant pic - assumed 'pic' C:\xampp\htdocs\AUNET\App\Runtime\Cache\Home\019cf4c3d92b7a47682974fe4251cef4.php 第 287 行.
NOTIC: [8] Array to string conversion C:\xampp\htdocs\AUNET\App\Runtime\Cache\Home\019cf4c3d92b7a47682974fe4251cef4.php 第 287 行.
NOTIC: [8] Use of undefined constant pic - assumed 'pic' C:\xampp\htdocs\AUNET\App\Runtime\Cache\Home\019cf4c3d92b7a47682974fe4251cef4.php 第 287 行.
NOTIC: [8] Array to string conversion C:\xampp\htdocs\AUNET\App\Runtime\Cache\Home\019cf4c3d92b7a47682974fe4251cef4.php 第 287 行.
NOTIC: [8] Use of undefined constant pic - assumed 'pic' C:\xampp\htdocs\AUNET\App\Runtime\Cache\Home\019cf4c3d92b7a47682974fe4251cef4.php 第 287 行.
NOTIC: [8] Array to string conversion C:\xampp\htdocs\AUNET\App\Runtime\Cache\Home\019cf4c3d92b7a47682974fe4251cef4.php 第 287 行.
INFO: Run Behavior\ParseTemplateBehavior [ RunTime:0.008001s ]
INFO: [ view_parse ] --END-- [ RunTime:0.008001s ]
INFO: [ view_filter ] --START--
INFO: Run Behavior\WriteHtmlCacheBehavior [ RunTime:0.000000s ]
INFO: [ view_filter ] --END-- [ RunTime:0.000000s ]
INFO: [ app_end ] --START--
INFO: Run Behavior\ShowPageTraceBehavior [ RunTime:0.001000s ]
INFO: [ app_end ] --END-- [ RunTime:0.001000s ]

[ 2015-04-19T00:50:03+08:00 ] 127.0.0.1 /AUNET/index.php/Home/News/Index/p/1.html
INFO: [ app_init ] --START--
INFO: Run Behavior\BuildLiteBehavior [ RunTime:0.000000s ]
INFO: [ app_init ] --END-- [ RunTime:0.000000s ]
INFO: [ app_begin ] --START--
INFO: Run Behavior\ReadHtmlCacheBehavior [ RunTime:0.000000s ]
INFO: [ app_begin ] --END-- [ RunTime:0.000000s ]
SQL: SHOW COLUMNS FROM `aunet_news` [ RunTime:0.0020s ]
SQL: SELECT COUNT(*) AS tp_count FROM `aunet_news` LIMIT 1   [ RunTime:0.0010s ]
SQL: SELECT * FROM `aunet_news` ORDER BY time desc LIMIT 0,3   [ RunTime:0.0010s ]
INFO: [ view_parse ] --START--
INFO: [ template_filter ] --START--
INFO: Run Behavior\ContentReplaceBehavior [ RunTime:0.000000s ]
INFO: [ template_filter ] --END-- [ RunTime:0.000000s ]
NOTIC: [8] Use of undefined constant pic - assumed 'pic' C:\xampp\htdocs\AUNET\App\Runtime\Cache\Home\019cf4c3d92b7a47682974fe4251cef4.php 第 287 行.
NOTIC: [8] Array to string conversion C:\xampp\htdocs\AUNET\App\Runtime\Cache\Home\019cf4c3d92b7a47682974fe4251cef4.php 第 287 行.
NOTIC: [8] Use of undefined constant pic - assumed 'pic' C:\xampp\htdocs\AUNET\App\Runtime\Cache\Home\019cf4c3d92b7a47682974fe4251cef4.php 第 287 行.
NOTIC: [8] Array to string conversion C:\xampp\htdocs\AUNET\App\Runtime\Cache\Home\019cf4c3d92b7a47682974fe4251cef4.php 第 287 行.
NOTIC: [8] Use of undefined constant pic - assumed 'pic' C:\xampp\htdocs\AUNET\App\Runtime\Cache\Home\019cf4c3d92b7a47682974fe4251cef4.php 第 287 行.
NOTIC: [8] Array to string conversion C:\xampp\htdocs\AUNET\App\Runtime\Cache\Home\019cf4c3d92b7a47682974fe4251cef4.php 第 287 行.
INFO: Run Behavior\ParseTemplateBehavior [ RunTime:0.007001s ]
INFO: [ view_parse ] --END-- [ RunTime:0.007001s ]
INFO: [ view_filter ] --START--
INFO: Run Behavior\WriteHtmlCacheBehavior [ RunTime:0.000000s ]
INFO: [ view_filter ] --END-- [ RunTime:0.000000s ]
INFO: [ app_end ] --START--
INFO: Run Behavior\ShowPageTraceBehavior [ RunTime:0.001000s ]
INFO: [ app_end ] --END-- [ RunTime:0.001000s ]

[ 2015-04-19T00:50:04+08:00 ] 127.0.0.1 /AUNET/index.php/Home/News/Index/p/1.html
INFO: [ app_init ] --START--
INFO: Run Behavior\BuildLiteBehavior [ RunTime:0.000000s ]
INFO: [ app_init ] --END-- [ RunTime:0.000000s ]
INFO: [ app_begin ] --START--
INFO: Run Behavior\ReadHtmlCacheBehavior [ RunTime:0.000000s ]
INFO: [ app_begin ] --END-- [ RunTime:0.000000s ]
SQL: SHOW COLUMNS FROM `aunet_news` [ RunTime:0.0010s ]
SQL: SELECT COUNT(*) AS tp_count FROM `aunet_news` LIMIT 1   [ RunTime:0.0000s ]
SQL: SELECT * FROM `aunet_news` ORDER BY time desc LIMIT 0,3   [ RunTime:0.0000s ]
INFO: [ view_parse ] --START--
INFO: [ template_filter ] --START--
INFO: Run Behavior\ContentReplaceBehavior [ RunTime:0.001000s ]
INFO: [ template_filter ] --END-- [ RunTime:0.001000s ]
NOTIC: [8] Use of undefined constant pic - assumed 'pic' C:\xampp\htdocs\AUNET\App\Runtime\Cache\Home\019cf4c3d92b7a47682974fe4251cef4.php 第 287 行.
NOTIC: [8] Array to string conversion C:\xampp\htdocs\AUNET\App\Runtime\Cache\Home\019cf4c3d92b7a47682974fe4251cef4.php 第 287 行.
NOTIC: [8] Use of undefined constant pic - assumed 'pic' C:\xampp\htdocs\AUNET\App\Runtime\Cache\Home\019cf4c3d92b7a47682974fe4251cef4.php 第 287 行.
NOTIC: [8] Array to string conversion C:\xampp\htdocs\AUNET\App\Runtime\Cache\Home\019cf4c3d92b7a47682974fe4251cef4.php 第 287 行.
NOTIC: [8] Use of undefined constant pic - assumed 'pic' C:\xampp\htdocs\AUNET\App\Runtime\Cache\Home\019cf4c3d92b7a47682974fe4251cef4.php 第 287 行.
NOTIC: [8] Array to string conversion C:\xampp\htdocs\AUNET\App\Runtime\Cache\Home\019cf4c3d92b7a47682974fe4251cef4.php 第 287 行.
INFO: Run Behavior\ParseTemplateBehavior [ RunTime:0.005000s ]
INFO: [ view_parse ] --END-- [ RunTime:0.006000s ]
INFO: [ view_filter ] --START--
INFO: Run Behavior\WriteHtmlCacheBehavior [ RunTime:0.000000s ]
INFO: [ view_filter ] --END-- [ RunTime:0.000000s ]
INFO: [ app_end ] --START--
INFO: Run Behavior\ShowPageTraceBehavior [ RunTime:0.000000s ]
INFO: [ app_end ] --END-- [ RunTime:0.000000s ]

[ 2015-04-19T00:50:10+08:00 ] 127.0.0.1 /AUNET/index.php/Home/News/Index/p/1.html
INFO: [ app_init ] --START--
INFO: Run Behavior\BuildLiteBehavior [ RunTime:0.000000s ]
INFO: [ app_init ] --END-- [ RunTime:0.000000s ]
INFO: [ app_begin ] --START--
INFO: Run Behavior\ReadHtmlCacheBehavior [ RunTime:0.000000s ]
INFO: [ app_begin ] --END-- [ RunTime:0.000000s ]
SQL: SHOW COLUMNS FROM `aunet_news` [ RunTime:0.0020s ]
SQL: SELECT COUNT(*) AS tp_count FROM `aunet_news` LIMIT 1   [ RunTime:0.0000s ]
SQL: SELECT * FROM `aunet_news` ORDER BY time desc LIMIT 0,3   [ RunTime:0.0000s ]
INFO: [ view_parse ] --START--
INFO: [ template_filter ] --START--
INFO: Run Behavior\ContentReplaceBehavior [ RunTime:0.000000s ]
INFO: [ template_filter ] --END-- [ RunTime:0.000000s ]
NOTIC: [8] Use of undefined constant pic - assumed 'pic' C:\xampp\htdocs\AUNET\App\Runtime\Cache\Home\019cf4c3d92b7a47682974fe4251cef4.php 第 287 行.
NOTIC: [8] Array to string conversion C:\xampp\htdocs\AUNET\App\Runtime\Cache\Home\019cf4c3d92b7a47682974fe4251cef4.php 第 287 行.
NOTIC: [8] Use of undefined constant pic - assumed 'pic' C:\xampp\htdocs\AUNET\App\Runtime\Cache\Home\019cf4c3d92b7a47682974fe4251cef4.php 第 287 行.
NOTIC: [8] Array to string conversion C:\xampp\htdocs\AUNET\App\Runtime\Cache\Home\019cf4c3d92b7a47682974fe4251cef4.php 第 287 行.
NOTIC: [8] Use of undefined constant pic - assumed 'pic' C:\xampp\htdocs\AUNET\App\Runtime\Cache\Home\019cf4c3d92b7a47682974fe4251cef4.php 第 287 行.
NOTIC: [8] Array to string conversion C:\xampp\htdocs\AUNET\App\Runtime\Cache\Home\019cf4c3d92b7a47682974fe4251cef4.php 第 287 行.
INFO: Run Behavior\ParseTemplateBehavior [ RunTime:0.009000s ]
INFO: [ view_parse ] --END-- [ RunTime:0.009000s ]
INFO: [ view_filter ] --START--
INFO: Run Behavior\WriteHtmlCacheBehavior [ RunTime:0.000000s ]
INFO: [ view_filter ] --END-- [ RunTime:0.000000s ]
INFO: [ app_end ] --START--
INFO: Run Behavior\ShowPageTraceBehavior [ RunTime:0.001000s ]
INFO: [ app_end ] --END-- [ RunTime:0.001000s ]

[ 2015-04-19T00:50:10+08:00 ] 127.0.0.1 /AUNET/index.php/Home/News/Index/p/1.html
INFO: [ app_init ] --START--
INFO: Run Behavior\BuildLiteBehavior [ RunTime:0.000000s ]
INFO: [ app_init ] --END-- [ RunTime:0.001000s ]
INFO: [ app_begin ] --START--
INFO: Run Behavior\ReadHtmlCacheBehavior [ RunTime:0.001000s ]
INFO: [ app_begin ] --END-- [ RunTime:0.001000s ]
SQL: SHOW COLUMNS FROM `aunet_news` [ RunTime:0.0010s ]
SQL: SELECT COUNT(*) AS tp_count FROM `aunet_news` LIMIT 1   [ RunTime:0.0000s ]
SQL: SELECT * FROM `aunet_news` ORDER BY time desc LIMIT 0,3   [ RunTime:0.0010s ]
INFO: [ view_parse ] --START--
INFO: [ template_filter ] --START--
INFO: Run Behavior\ContentReplaceBehavior [ RunTime:0.000000s ]
INFO: [ template_filter ] --END-- [ RunTime:0.000000s ]
NOTIC: [8] Use of undefined constant pic - assumed 'pic' C:\xampp\htdocs\AUNET\App\Runtime\Cache\Home\019cf4c3d92b7a47682974fe4251cef4.php 第 287 行.
NOTIC: [8] Array to string conversion C:\xampp\htdocs\AUNET\App\Runtime\Cache\Home\019cf4c3d92b7a47682974fe4251cef4.php 第 287 行.
NOTIC: [8] Use of undefined constant pic - assumed 'pic' C:\xampp\htdocs\AUNET\App\Runtime\Cache\Home\019cf4c3d92b7a47682974fe4251cef4.php 第 287 行.
NOTIC: [8] Array to string conversion C:\xampp\htdocs\AUNET\App\Runtime\Cache\Home\019cf4c3d92b7a47682974fe4251cef4.php 第 287 行.
NOTIC: [8] Use of undefined constant pic - assumed 'pic' C:\xampp\htdocs\AUNET\App\Runtime\Cache\Home\019cf4c3d92b7a47682974fe4251cef4.php 第 287 行.
NOTIC: [8] Array to string conversion C:\xampp\htdocs\AUNET\App\Runtime\Cache\Home\019cf4c3d92b7a47682974fe4251cef4.php 第 287 行.
INFO: Run Behavior\ParseTemplateBehavior [ RunTime:0.008000s ]
INFO: [ view_parse ] --END-- [ RunTime:0.008000s ]
INFO: [ view_filter ] --START--
INFO: Run Behavior\WriteHtmlCacheBehavior [ RunTime:0.001000s ]
INFO: [ view_filter ] --END-- [ RunTime:0.001000s ]
INFO: [ app_end ] --START--
INFO: Run Behavior\ShowPageTraceBehavior [ RunTime:0.000000s ]
INFO: [ app_end ] --END-- [ RunTime:0.000000s ]

[ 2015-04-19T00:50:20+08:00 ] 127.0.0.1 /AUNET/index.php/Home/News/Index/p/1.html
INFO: [ app_init ] --START--
INFO: Run Behavior\BuildLiteBehavior [ RunTime:0.000000s ]
INFO: [ app_init ] --END-- [ RunTime:0.001000s ]
INFO: [ app_begin ] --START--
INFO: Run Behavior\ReadHtmlCacheBehavior [ RunTime:0.001000s ]
INFO: [ app_begin ] --END-- [ RunTime:0.001000s ]
SQL: SHOW COLUMNS FROM `aunet_news` [ RunTime:0.0020s ]
SQL: SELECT COUNT(*) AS tp_count FROM `aunet_news` LIMIT 1   [ RunTime:0.0000s ]
SQL: SELECT * FROM `aunet_news` ORDER BY time desc LIMIT 0,3   [ RunTime:0.0000s ]
INFO: [ view_parse ] --START--
INFO: [ template_filter ] --START--
INFO: Run Behavior\ContentReplaceBehavior [ RunTime:0.000000s ]
INFO: [ template_filter ] --END-- [ RunTime:0.000000s ]
NOTIC: [8] Use of undefined constant pic - assumed 'pic' C:\xampp\htdocs\AUNET\App\Runtime\Cache\Home\019cf4c3d92b7a47682974fe4251cef4.php 第 287 行.
NOTIC: [8] Array to string conversion C:\xampp\htdocs\AUNET\App\Runtime\Cache\Home\019cf4c3d92b7a47682974fe4251cef4.php 第 287 行.
NOTIC: [8] Use of undefined constant pic - assumed 'pic' C:\xampp\htdocs\AUNET\App\Runtime\Cache\Home\019cf4c3d92b7a47682974fe4251cef4.php 第 287 行.
NOTIC: [8] Array to string conversion C:\xampp\htdocs\AUNET\App\Runtime\Cache\Home\019cf4c3d92b7a47682974fe4251cef4.php 第 287 行.
NOTIC: [8] Use of undefined constant pic - assumed 'pic' C:\xampp\htdocs\AUNET\App\Runtime\Cache\Home\019cf4c3d92b7a47682974fe4251cef4.php 第 287 行.
NOTIC: [8] Array to string conversion C:\xampp\htdocs\AUNET\App\Runtime\Cache\Home\019cf4c3d92b7a47682974fe4251cef4.php 第 287 行.
INFO: Run Behavior\ParseTemplateBehavior [ RunTime:0.006000s ]
INFO: [ view_parse ] --END-- [ RunTime:0.006000s ]
INFO: [ view_filter ] --START--
INFO: Run Behavior\WriteHtmlCacheBehavior [ RunTime:0.001000s ]
INFO: [ view_filter ] --END-- [ RunTime:0.001000s ]
INFO: [ app_end ] --START--
INFO: Run Behavior\ShowPageTraceBehavior [ RunTime:0.001000s ]
INFO: [ app_end ] --END-- [ RunTime:0.001000s ]

[ 2015-04-19T00:50:20+08:00 ] 127.0.0.1 /AUNET/index.php/Home/News/Index/p/1.html
INFO: [ app_init ] --START--
INFO: Run Behavior\BuildLiteBehavior [ RunTime:0.000000s ]
INFO: [ app_init ] --END-- [ RunTime:0.000000s ]
INFO: [ app_begin ] --START--
INFO: Run Behavior\ReadHtmlCacheBehavior [ RunTime:0.001000s ]
INFO: [ app_begin ] --END-- [ RunTime:0.001000s ]
SQL: SHOW COLUMNS FROM `aunet_news` [ RunTime:0.0010s ]
SQL: SELECT COUNT(*) AS tp_count FROM `aunet_news` LIMIT 1   [ RunTime:0.0000s ]
SQL: SELECT * FROM `aunet_news` ORDER BY time desc LIMIT 0,3   [ RunTime:0.0010s ]
INFO: [ view_parse ] --START--
INFO: [ template_filter ] --START--
INFO: Run Behavior\ContentReplaceBehavior [ RunTime:0.001000s ]
INFO: [ template_filter ] --END-- [ RunTime:0.001000s ]
NOTIC: [8] Use of undefined constant pic - assumed 'pic' C:\xampp\htdocs\AUNET\App\Runtime\Cache\Home\019cf4c3d92b7a47682974fe4251cef4.php 第 287 行.
NOTIC: [8] Array to string conversion C:\xampp\htdocs\AUNET\App\Runtime\Cache\Home\019cf4c3d92b7a47682974fe4251cef4.php 第 287 行.
NOTIC: [8] Use of undefined constant pic - assumed 'pic' C:\xampp\htdocs\AUNET\App\Runtime\Cache\Home\019cf4c3d92b7a47682974fe4251cef4.php 第 287 行.
NOTIC: [8] Array to string conversion C:\xampp\htdocs\AUNET\App\Runtime\Cache\Home\019cf4c3d92b7a47682974fe4251cef4.php 第 287 行.
NOTIC: [8] Use of undefined constant pic - assumed 'pic' C:\xampp\htdocs\AUNET\App\Runtime\Cache\Home\019cf4c3d92b7a47682974fe4251cef4.php 第 287 行.
NOTIC: [8] Array to string conversion C:\xampp\htdocs\AUNET\App\Runtime\Cache\Home\019cf4c3d92b7a47682974fe4251cef4.php 第 287 行.
INFO: Run Behavior\ParseTemplateBehavior [ RunTime:0.009000s ]
INFO: [ view_parse ] --END-- [ RunTime:0.009000s ]
INFO: [ view_filter ] --START--
INFO: Run Behavior\WriteHtmlCacheBehavior [ RunTime:0.001000s ]
INFO: [ view_filter ] --END-- [ RunTime:0.001000s ]
INFO: [ app_end ] --START--
INFO: Run Behavior\ShowPageTraceBehavior [ RunTime:0.001000s ]
INFO: [ app_end ] --END-- [ RunTime:0.001000s ]

[ 2015-04-19T00:50:21+08:00 ] 127.0.0.1 /AUNET/index.php/Home/News/Index/p/1.html
INFO: [ app_init ] --START--
INFO: Run Behavior\BuildLiteBehavior [ RunTime:0.000000s ]
INFO: [ app_init ] --END-- [ RunTime:0.000000s ]
INFO: [ app_begin ] --START--
INFO: Run Behavior\ReadHtmlCacheBehavior [ RunTime:0.000000s ]
INFO: [ app_begin ] --END-- [ RunTime:0.000000s ]
SQL: SHOW COLUMNS FROM `aunet_news` [ RunTime:0.0020s ]
SQL: SELECT COUNT(*) AS tp_count FROM `aunet_news` LIMIT 1   [ RunTime:0.0000s ]
SQL: SELECT * FROM `aunet_news` ORDER BY time desc LIMIT 0,3   [ RunTime:0.0000s ]
INFO: [ view_parse ] --START--
INFO: [ template_filter ] --START--
INFO: Run Behavior\ContentReplaceBehavior [ RunTime:0.000000s ]
INFO: [ template_filter ] --END-- [ RunTime:0.000000s ]
NOTIC: [8] Use of undefined constant pic - assumed 'pic' C:\xampp\htdocs\AUNET\App\Runtime\Cache\Home\019cf4c3d92b7a47682974fe4251cef4.php 第 287 行.
NOTIC: [8] Array to string conversion C:\xampp\htdocs\AUNET\App\Runtime\Cache\Home\019cf4c3d92b7a47682974fe4251cef4.php 第 287 行.
NOTIC: [8] Use of undefined constant pic - assumed 'pic' C:\xampp\htdocs\AUNET\App\Runtime\Cache\Home\019cf4c3d92b7a47682974fe4251cef4.php 第 287 行.
NOTIC: [8] Array to string conversion C:\xampp\htdocs\AUNET\App\Runtime\Cache\Home\019cf4c3d92b7a47682974fe4251cef4.php 第 287 行.
NOTIC: [8] Use of undefined constant pic - assumed 'pic' C:\xampp\htdocs\AUNET\App\Runtime\Cache\Home\019cf4c3d92b7a47682974fe4251cef4.php 第 287 行.
NOTIC: [8] Array to string conversion C:\xampp\htdocs\AUNET\App\Runtime\Cache\Home\019cf4c3d92b7a47682974fe4251cef4.php 第 287 行.
INFO: Run Behavior\ParseTemplateBehavior [ RunTime:0.008000s ]
INFO: [ view_parse ] --END-- [ RunTime:0.008000s ]
INFO: [ view_filter ] --START--
INFO: Run Behavior\WriteHtmlCacheBehavior [ RunTime:0.000000s ]
INFO: [ view_filter ] --END-- [ RunTime:0.000000s ]
INFO: [ app_end ] --START--
INFO: Run Behavior\ShowPageTraceBehavior [ RunTime:0.000000s ]
INFO: [ app_end ] --END-- [ RunTime:0.000000s ]

[ 2015-04-19T00:50:22+08:00 ] 127.0.0.1 /AUNET/index.php/Home/News/Index/p/1.html
INFO: [ app_init ] --START--
INFO: Run Behavior\BuildLiteBehavior [ RunTime:0.000000s ]
INFO: [ app_init ] --END-- [ RunTime:0.000000s ]
INFO: [ app_begin ] --START--
INFO: Run Behavior\ReadHtmlCacheBehavior [ RunTime:0.000000s ]
INFO: [ app_begin ] --END-- [ RunTime:0.000000s ]
SQL: SHOW COLUMNS FROM `aunet_news` [ RunTime:0.0020s ]
SQL: SELECT COUNT(*) AS tp_count FROM `aunet_news` LIMIT 1   [ RunTime:0.0000s ]
SQL: SELECT * FROM `aunet_news` ORDER BY time desc LIMIT 0,3   [ RunTime:0.0000s ]
INFO: [ view_parse ] --START--
INFO: [ template_filter ] --START--
INFO: Run Behavior\ContentReplaceBehavior [ RunTime:0.000000s ]
INFO: [ template_filter ] --END-- [ RunTime:0.000000s ]
NOTIC: [8] Use of undefined constant pic - assumed 'pic' C:\xampp\htdocs\AUNET\App\Runtime\Cache\Home\019cf4c3d92b7a47682974fe4251cef4.php 第 287 行.
NOTIC: [8] Array to string conversion C:\xampp\htdocs\AUNET\App\Runtime\Cache\Home\019cf4c3d92b7a47682974fe4251cef4.php 第 287 行.
NOTIC: [8] Use of undefined constant pic - assumed 'pic' C:\xampp\htdocs\AUNET\App\Runtime\Cache\Home\019cf4c3d92b7a47682974fe4251cef4.php 第 287 行.
NOTIC: [8] Array to string conversion C:\xampp\htdocs\AUNET\App\Runtime\Cache\Home\019cf4c3d92b7a47682974fe4251cef4.php 第 287 行.
NOTIC: [8] Use of undefined constant pic - assumed 'pic' C:\xampp\htdocs\AUNET\App\Runtime\Cache\Home\019cf4c3d92b7a47682974fe4251cef4.php 第 287 行.
NOTIC: [8] Array to string conversion C:\xampp\htdocs\AUNET\App\Runtime\Cache\Home\019cf4c3d92b7a47682974fe4251cef4.php 第 287 行.
INFO: Run Behavior\ParseTemplateBehavior [ RunTime:0.007000s ]
INFO: [ view_parse ] --END-- [ RunTime:0.007000s ]
INFO: [ view_filter ] --START--
INFO: Run Behavior\WriteHtmlCacheBehavior [ RunTime:0.000000s ]
INFO: [ view_filter ] --END-- [ RunTime:0.000000s ]
INFO: [ app_end ] --START--
INFO: Run Behavior\ShowPageTraceBehavior [ RunTime:0.001000s ]
INFO: [ app_end ] --END-- [ RunTime:0.001000s ]

[ 2015-04-19T00:50:32+08:00 ] 127.0.0.1 /AUNET/index.php/Home/News/Index/p/1.html
INFO: [ app_init ] --START--
INFO: Run Behavior\BuildLiteBehavior [ RunTime:0.000000s ]
INFO: [ app_init ] --END-- [ RunTime:0.000000s ]
INFO: [ app_begin ] --START--
INFO: Run Behavior\ReadHtmlCacheBehavior [ RunTime:0.001000s ]
INFO: [ app_begin ] --END-- [ RunTime:0.001000s ]
SQL: SHOW COLUMNS FROM `aunet_news` [ RunTime:0.0030s ]
SQL: SELECT COUNT(*) AS tp_count FROM `aunet_news` LIMIT 1   [ RunTime:0.0000s ]
SQL: SELECT * FROM `aunet_news` ORDER BY time desc LIMIT 0,3   [ RunTime:0.0010s ]
INFO: [ view_parse ] --START--
INFO: [ template_filter ] --START--
INFO: Run Behavior\ContentReplaceBehavior [ RunTime:0.000000s ]
INFO: [ template_filter ] --END-- [ RunTime:0.000000s ]
NOTIC: [8] Use of undefined constant pic - assumed 'pic' C:\xampp\htdocs\AUNET\App\Runtime\Cache\Home\019cf4c3d92b7a47682974fe4251cef4.php 第 287 行.
NOTIC: [8] Array to string conversion C:\xampp\htdocs\AUNET\App\Runtime\Cache\Home\019cf4c3d92b7a47682974fe4251cef4.php 第 287 行.
NOTIC: [8] Use of undefined constant pic - assumed 'pic' C:\xampp\htdocs\AUNET\App\Runtime\Cache\Home\019cf4c3d92b7a47682974fe4251cef4.php 第 287 行.
NOTIC: [8] Array to string conversion C:\xampp\htdocs\AUNET\App\Runtime\Cache\Home\019cf4c3d92b7a47682974fe4251cef4.php 第 287 行.
NOTIC: [8] Use of undefined constant pic - assumed 'pic' C:\xampp\htdocs\AUNET\App\Runtime\Cache\Home\019cf4c3d92b7a47682974fe4251cef4.php 第 287 行.
NOTIC: [8] Array to string conversion C:\xampp\htdocs\AUNET\App\Runtime\Cache\Home\019cf4c3d92b7a47682974fe4251cef4.php 第 287 行.
INFO: Run Behavior\ParseTemplateBehavior [ RunTime:0.009000s ]
INFO: [ view_parse ] --END-- [ RunTime:0.009000s ]
INFO: [ view_filter ] --START--
INFO: Run Behavior\WriteHtmlCacheBehavior [ RunTime:0.000000s ]
INFO: [ view_filter ] --END-- [ RunTime:0.000000s ]
INFO: [ app_end ] --START--
INFO: Run Behavior\ShowPageTraceBehavior [ RunTime:0.001001s ]
INFO: [ app_end ] --END-- [ RunTime:0.001001s ]

[ 2015-04-19T00:50:40+08:00 ] 127.0.0.1 /AUNET/index.php/Home/News/Index/p/1.html
INFO: [ app_init ] --START--
INFO: Run Behavior\BuildLiteBehavior [ RunTime:0.000000s ]
INFO: [ app_init ] --END-- [ RunTime:0.000000s ]
INFO: [ app_begin ] --START--
INFO: Run Behavior\ReadHtmlCacheBehavior [ RunTime:0.001000s ]
INFO: [ app_begin ] --END-- [ RunTime:0.001000s ]
SQL: SHOW COLUMNS FROM `aunet_news` [ RunTime:0.0020s ]
SQL: SELECT COUNT(*) AS tp_count FROM `aunet_news` LIMIT 1   [ RunTime:0.0000s ]
SQL: SELECT * FROM `aunet_news` ORDER BY time desc LIMIT 0,3   [ RunTime:0.0010s ]
INFO: [ view_parse ] --START--
INFO: [ template_filter ] --START--
INFO: Run Behavior\ContentReplaceBehavior [ RunTime:0.000000s ]
INFO: [ template_filter ] --END-- [ RunTime:0.000000s ]
NOTIC: [8] Use of undefined constant pic - assumed 'pic' C:\xampp\htdocs\AUNET\App\Runtime\Cache\Home\019cf4c3d92b7a47682974fe4251cef4.php 第 287 行.
NOTIC: [8] Array to string conversion C:\xampp\htdocs\AUNET\App\Runtime\Cache\Home\019cf4c3d92b7a47682974fe4251cef4.php 第 287 行.
NOTIC: [8] Use of undefined constant pic - assumed 'pic' C:\xampp\htdocs\AUNET\App\Runtime\Cache\Home\019cf4c3d92b7a47682974fe4251cef4.php 第 287 行.
NOTIC: [8] Array to string conversion C:\xampp\htdocs\AUNET\App\Runtime\Cache\Home\019cf4c3d92b7a47682974fe4251cef4.php 第 287 行.
NOTIC: [8] Use of undefined constant pic - assumed 'pic' C:\xampp\htdocs\AUNET\App\Runtime\Cache\Home\019cf4c3d92b7a47682974fe4251cef4.php 第 287 行.
NOTIC: [8] Array to string conversion C:\xampp\htdocs\AUNET\App\Runtime\Cache\Home\019cf4c3d92b7a47682974fe4251cef4.php 第 287 行.
INFO: Run Behavior\ParseTemplateBehavior [ RunTime:0.006000s ]
INFO: [ view_parse ] --END-- [ RunTime:0.006000s ]
INFO: [ view_filter ] --START--
INFO: Run Behavior\WriteHtmlCacheBehavior [ RunTime:0.000000s ]
INFO: [ view_filter ] --END-- [ RunTime:0.001000s ]
INFO: [ app_end ] --START--
INFO: Run Behavior\ShowPageTraceBehavior [ RunTime:0.000000s ]
INFO: [ app_end ] --END-- [ RunTime:0.000000s ]

[ 2015-04-19T00:51:24+08:00 ] 127.0.0.1 /AUNET/index.php/Home/News/Index/p/1.html
INFO: [ app_init ] --START--
INFO: Run Behavior\BuildLiteBehavior [ RunTime:0.000000s ]
INFO: [ app_init ] --END-- [ RunTime:0.001000s ]
INFO: [ app_begin ] --START--
INFO: Run Behavior\ReadHtmlCacheBehavior [ RunTime:0.001000s ]
INFO: [ app_begin ] --END-- [ RunTime:0.001000s ]
SQL: SHOW COLUMNS FROM `aunet_news` [ RunTime:0.0020s ]
SQL: SELECT COUNT(*) AS tp_count FROM `aunet_news` LIMIT 1   [ RunTime:0.0000s ]
SQL: SELECT * FROM `aunet_news` ORDER BY time desc LIMIT 0,3   [ RunTime:0.0000s ]
INFO: [ view_parse ] --START--
INFO: [ template_filter ] --START--
INFO: Run Behavior\ContentReplaceBehavior [ RunTime:0.000000s ]
INFO: [ template_filter ] --END-- [ RunTime:0.000000s ]
NOTIC: [8] Use of undefined constant pic - assumed 'pic' C:\xampp\htdocs\AUNET\App\Runtime\Cache\Home\019cf4c3d92b7a47682974fe4251cef4.php 第 287 行.
NOTIC: [8] Array to string conversion C:\xampp\htdocs\AUNET\App\Runtime\Cache\Home\019cf4c3d92b7a47682974fe4251cef4.php 第 287 行.
NOTIC: [8] Use of undefined constant pic - assumed 'pic' C:\xampp\htdocs\AUNET\App\Runtime\Cache\Home\019cf4c3d92b7a47682974fe4251cef4.php 第 287 行.
NOTIC: [8] Array to string conversion C:\xampp\htdocs\AUNET\App\Runtime\Cache\Home\019cf4c3d92b7a47682974fe4251cef4.php 第 287 行.
NOTIC: [8] Use of undefined constant pic - assumed 'pic' C:\xampp\htdocs\AUNET\App\Runtime\Cache\Home\019cf4c3d92b7a47682974fe4251cef4.php 第 287 行.
NOTIC: [8] Array to string conversion C:\xampp\htdocs\AUNET\App\Runtime\Cache\Home\019cf4c3d92b7a47682974fe4251cef4.php 第 287 行.
INFO: Run Behavior\ParseTemplateBehavior [ RunTime:0.007000s ]
INFO: [ view_parse ] --END-- [ RunTime:0.007000s ]
INFO: [ view_filter ] --START--
INFO: Run Behavior\WriteHtmlCacheBehavior [ RunTime:0.001000s ]
INFO: [ view_filter ] --END-- [ RunTime:0.001000s ]
INFO: [ app_end ] --START--
INFO: Run Behavior\ShowPageTraceBehavior [ RunTime:0.002000s ]
INFO: [ app_end ] --END-- [ RunTime:0.002000s ]

[ 2015-04-19T00:51:25+08:00 ] 127.0.0.1 /AUNET/index.php/Home/News/Index/p/1.html
INFO: [ app_init ] --START--
INFO: Run Behavior\BuildLiteBehavior [ RunTime:0.000000s ]
INFO: [ app_init ] --END-- [ RunTime:0.000000s ]
INFO: [ app_begin ] --START--
INFO: Run Behavior\ReadHtmlCacheBehavior [ RunTime:0.001001s ]
INFO: [ app_begin ] --END-- [ RunTime:0.001001s ]
SQL: SHOW COLUMNS FROM `aunet_news` [ RunTime:0.0020s ]
SQL: SELECT COUNT(*) AS tp_count FROM `aunet_news` LIMIT 1   [ RunTime:0.0000s ]
SQL: SELECT * FROM `aunet_news` ORDER BY time desc LIMIT 0,3   [ RunTime:0.0010s ]
INFO: [ view_parse ] --START--
INFO: [ template_filter ] --START--
INFO: Run Behavior\ContentReplaceBehavior [ RunTime:0.001000s ]
INFO: [ template_filter ] --END-- [ RunTime:0.001000s ]
NOTIC: [8] Use of undefined constant pic - assumed 'pic' C:\xampp\htdocs\AUNET\App\Runtime\Cache\Home\019cf4c3d92b7a47682974fe4251cef4.php 第 287 行.
NOTIC: [8] Array to string conversion C:\xampp\htdocs\AUNET\App\Runtime\Cache\Home\019cf4c3d92b7a47682974fe4251cef4.php 第 287 行.
NOTIC: [8] Use of undefined constant pic - assumed 'pic' C:\xampp\htdocs\AUNET\App\Runtime\Cache\Home\019cf4c3d92b7a47682974fe4251cef4.php 第 287 行.
NOTIC: [8] Array to string conversion C:\xampp\htdocs\AUNET\App\Runtime\Cache\Home\019cf4c3d92b7a47682974fe4251cef4.php 第 287 行.
NOTIC: [8] Use of undefined constant pic - assumed 'pic' C:\xampp\htdocs\AUNET\App\Runtime\Cache\Home\019cf4c3d92b7a47682974fe4251cef4.php 第 287 行.
NOTIC: [8] Array to string conversion C:\xampp\htdocs\AUNET\App\Runtime\Cache\Home\019cf4c3d92b7a47682974fe4251cef4.php 第 287 行.
INFO: Run Behavior\ParseTemplateBehavior [ RunTime:0.007000s ]
INFO: [ view_parse ] --END-- [ RunTime:0.007000s ]
INFO: [ view_filter ] --START--
INFO: Run Behavior\WriteHtmlCacheBehavior [ RunTime:0.000000s ]
INFO: [ view_filter ] --END-- [ RunTime:0.000000s ]
INFO: [ app_end ] --START--
INFO: Run Behavior\ShowPageTraceBehavior [ RunTime:0.000000s ]
INFO: [ app_end ] --END-- [ RunTime:0.000000s ]

[ 2015-04-19T00:51:25+08:00 ] 127.0.0.1 /AUNET/index.php/Home/News/Index/p/1.html
INFO: [ app_init ] --START--
INFO: Run Behavior\BuildLiteBehavior [ RunTime:0.000000s ]
INFO: [ app_init ] --END-- [ RunTime:0.000000s ]
INFO: [ app_begin ] --START--
INFO: Run Behavior\ReadHtmlCacheBehavior [ RunTime:0.001000s ]
INFO: [ app_begin ] --END-- [ RunTime:0.001000s ]
SQL: SHOW COLUMNS FROM `aunet_news` [ RunTime:0.0020s ]
SQL: SELECT COUNT(*) AS tp_count FROM `aunet_news` LIMIT 1   [ RunTime:0.0000s ]
SQL: SELECT * FROM `aunet_news` ORDER BY time desc LIMIT 0,3   [ RunTime:0.0000s ]
INFO: [ view_parse ] --START--
INFO: [ template_filter ] --START--
INFO: Run Behavior\ContentReplaceBehavior [ RunTime:0.000000s ]
INFO: [ template_filter ] --END-- [ RunTime:0.000000s ]
NOTIC: [8] Use of undefined constant pic - assumed 'pic' C:\xampp\htdocs\AUNET\App\Runtime\Cache\Home\019cf4c3d92b7a47682974fe4251cef4.php 第 287 行.
NOTIC: [8] Array to string conversion C:\xampp\htdocs\AUNET\App\Runtime\Cache\Home\019cf4c3d92b7a47682974fe4251cef4.php 第 287 行.
NOTIC: [8] Use of undefined constant pic - assumed 'pic' C:\xampp\htdocs\AUNET\App\Runtime\Cache\Home\019cf4c3d92b7a47682974fe4251cef4.php 第 287 行.
NOTIC: [8] Array to string conversion C:\xampp\htdocs\AUNET\App\Runtime\Cache\Home\019cf4c3d92b7a47682974fe4251cef4.php 第 287 行.
NOTIC: [8] Use of undefined constant pic - assumed 'pic' C:\xampp\htdocs\AUNET\App\Runtime\Cache\Home\019cf4c3d92b7a47682974fe4251cef4.php 第 287 行.
NOTIC: [8] Array to string conversion C:\xampp\htdocs\AUNET\App\Runtime\Cache\Home\019cf4c3d92b7a47682974fe4251cef4.php 第 287 行.
INFO: Run Behavior\ParseTemplateBehavior [ RunTime:0.006000s ]
INFO: [ view_parse ] --END-- [ RunTime:0.006000s ]
INFO: [ view_filter ] --START--
INFO: Run Behavior\WriteHtmlCacheBehavior [ RunTime:0.000000s ]
INFO: [ view_filter ] --END-- [ RunTime:0.000000s ]
INFO: [ app_end ] --START--
INFO: Run Behavior\ShowPageTraceBehavior [ RunTime:0.000000s ]
INFO: [ app_end ] --END-- [ RunTime:0.001001s ]

[ 2015-04-19T00:51:26+08:00 ] 127.0.0.1 /AUNET/index.php/Home/News/Index/p/1.html
INFO: [ app_init ] --START--
INFO: Run Behavior\BuildLiteBehavior [ RunTime:0.000000s ]
INFO: [ app_init ] --END-- [ RunTime:0.000000s ]
INFO: [ app_begin ] --START--
INFO: Run Behavior\ReadHtmlCacheBehavior [ RunTime:0.000000s ]
INFO: [ app_begin ] --END-- [ RunTime:0.000000s ]
SQL: SHOW COLUMNS FROM `aunet_news` [ RunTime:0.0010s ]
SQL: SELECT COUNT(*) AS tp_count FROM `aunet_news` LIMIT 1   [ RunTime:0.0000s ]
SQL: SELECT * FROM `aunet_news` ORDER BY time desc LIMIT 0,3   [ RunTime:0.0010s ]
INFO: [ view_parse ] --START--
INFO: [ template_filter ] --START--
INFO: Run Behavior\ContentReplaceBehavior [ RunTime:0.000000s ]
INFO: [ template_filter ] --END-- [ RunTime:0.000000s ]
NOTIC: [8] Use of undefined constant pic - assumed 'pic' C:\xampp\htdocs\AUNET\App\Runtime\Cache\Home\019cf4c3d92b7a47682974fe4251cef4.php 第 287 行.
NOTIC: [8] Array to string conversion C:\xampp\htdocs\AUNET\App\Runtime\Cache\Home\019cf4c3d92b7a47682974fe4251cef4.php 第 287 行.
NOTIC: [8] Use of undefined constant pic - assumed 'pic' C:\xampp\htdocs\AUNET\App\Runtime\Cache\Home\019cf4c3d92b7a47682974fe4251cef4.php 第 287 行.
NOTIC: [8] Array to string conversion C:\xampp\htdocs\AUNET\App\Runtime\Cache\Home\019cf4c3d92b7a47682974fe4251cef4.php 第 287 行.
NOTIC: [8] Use of undefined constant pic - assumed 'pic' C:\xampp\htdocs\AUNET\App\Runtime\Cache\Home\019cf4c3d92b7a47682974fe4251cef4.php 第 287 行.
NOTIC: [8] Array to string conversion C:\xampp\htdocs\AUNET\App\Runtime\Cache\Home\019cf4c3d92b7a47682974fe4251cef4.php 第 287 行.
INFO: Run Behavior\ParseTemplateBehavior [ RunTime:0.005000s ]
INFO: [ view_parse ] --END-- [ RunTime:0.005000s ]
INFO: [ view_filter ] --START--
INFO: Run Behavior\WriteHtmlCacheBehavior [ RunTime:0.001000s ]
INFO: [ view_filter ] --END-- [ RunTime:0.001000s ]
INFO: [ app_end ] --START--
INFO: Run Behavior\ShowPageTraceBehavior [ RunTime:0.000000s ]
INFO: [ app_end ] --END-- [ RunTime:0.000000s ]

[ 2015-04-19T00:51:27+08:00 ] 127.0.0.1 /AUNET/index.php/Home/News/Index/p/1.html
INFO: [ app_init ] --START--
INFO: Run Behavior\BuildLiteBehavior [ RunTime:0.000000s ]
INFO: [ app_init ] --END-- [ RunTime:0.000000s ]
INFO: [ app_begin ] --START--
INFO: Run Behavior\ReadHtmlCacheBehavior [ RunTime:0.000000s ]
INFO: [ app_begin ] --END-- [ RunTime:0.000000s ]
SQL: SHOW COLUMNS FROM `aunet_news` [ RunTime:0.0020s ]
SQL: SELECT COUNT(*) AS tp_count FROM `aunet_news` LIMIT 1   [ RunTime:0.0000s ]
SQL: SELECT * FROM `aunet_news` ORDER BY time desc LIMIT 0,3   [ RunTime:0.0010s ]
INFO: [ view_parse ] --START--
INFO: [ template_filter ] --START--
INFO: Run Behavior\ContentReplaceBehavior [ RunTime:0.000000s ]
INFO: [ template_filter ] --END-- [ RunTime:0.000000s ]
NOTIC: [8] Use of undefined constant pic - assumed 'pic' C:\xampp\htdocs\AUNET\App\Runtime\Cache\Home\019cf4c3d92b7a47682974fe4251cef4.php 第 287 行.
NOTIC: [8] Array to string conversion C:\xampp\htdocs\AUNET\App\Runtime\Cache\Home\019cf4c3d92b7a47682974fe4251cef4.php 第 287 行.
NOTIC: [8] Use of undefined constant pic - assumed 'pic' C:\xampp\htdocs\AUNET\App\Runtime\Cache\Home\019cf4c3d92b7a47682974fe4251cef4.php 第 287 行.
NOTIC: [8] Array to string conversion C:\xampp\htdocs\AUNET\App\Runtime\Cache\Home\019cf4c3d92b7a47682974fe4251cef4.php 第 287 行.
NOTIC: [8] Use of undefined constant pic - assumed 'pic' C:\xampp\htdocs\AUNET\App\Runtime\Cache\Home\019cf4c3d92b7a47682974fe4251cef4.php 第 287 行.
NOTIC: [8] Array to string conversion C:\xampp\htdocs\AUNET\App\Runtime\Cache\Home\019cf4c3d92b7a47682974fe4251cef4.php 第 287 行.
INFO: Run Behavior\ParseTemplateBehavior [ RunTime:0.007000s ]
INFO: [ view_parse ] --END-- [ RunTime:0.007000s ]
INFO: [ view_filter ] --START--
INFO: Run Behavior\WriteHtmlCacheBehavior [ RunTime:0.001000s ]
INFO: [ view_filter ] --END-- [ RunTime:0.001000s ]
INFO: [ app_end ] --START--
INFO: Run Behavior\ShowPageTraceBehavior [ RunTime:0.000000s ]
INFO: [ app_end ] --END-- [ RunTime:0.000000s ]

[ 2015-04-19T00:53:18+08:00 ] 127.0.0.1 /AUNET/index.php/Home/News/Index/p/1.html
INFO: [ app_init ] --START--
INFO: Run Behavior\BuildLiteBehavior [ RunTime:0.000000s ]
INFO: [ app_init ] --END-- [ RunTime:0.001000s ]
INFO: [ app_begin ] --START--
INFO: Run Behavior\ReadHtmlCacheBehavior [ RunTime:0.000000s ]
INFO: [ app_begin ] --END-- [ RunTime:0.000000s ]
SQL: SHOW COLUMNS FROM `aunet_news` [ RunTime:0.0020s ]
SQL: SELECT COUNT(*) AS tp_count FROM `aunet_news` LIMIT 1   [ RunTime:0.0000s ]
SQL: SELECT * FROM `aunet_news` ORDER BY time desc LIMIT 0,3   [ RunTime:0.0010s ]
INFO: [ view_parse ] --START--
INFO: [ template_filter ] --START--
INFO: Run Behavior\ContentReplaceBehavior [ RunTime:0.000000s ]
INFO: [ template_filter ] --END-- [ RunTime:0.000000s ]
NOTIC: [8] Use of undefined constant pic - assumed 'pic' C:\xampp\htdocs\AUNET\App\Runtime\Cache\Home\019cf4c3d92b7a47682974fe4251cef4.php 第 287 行.
NOTIC: [8] Array to string conversion C:\xampp\htdocs\AUNET\App\Runtime\Cache\Home\019cf4c3d92b7a47682974fe4251cef4.php 第 287 行.
NOTIC: [8] Use of undefined constant pic - assumed 'pic' C:\xampp\htdocs\AUNET\App\Runtime\Cache\Home\019cf4c3d92b7a47682974fe4251cef4.php 第 287 行.
NOTIC: [8] Array to string conversion C:\xampp\htdocs\AUNET\App\Runtime\Cache\Home\019cf4c3d92b7a47682974fe4251cef4.php 第 287 行.
NOTIC: [8] Use of undefined constant pic - assumed 'pic' C:\xampp\htdocs\AUNET\App\Runtime\Cache\Home\019cf4c3d92b7a47682974fe4251cef4.php 第 287 行.
NOTIC: [8] Array to string conversion C:\xampp\htdocs\AUNET\App\Runtime\Cache\Home\019cf4c3d92b7a47682974fe4251cef4.php 第 287 行.
INFO: Run Behavior\ParseTemplateBehavior [ RunTime:0.007001s ]
INFO: [ view_parse ] --END-- [ RunTime:0.007001s ]
INFO: [ view_filter ] --START--
INFO: Run Behavior\WriteHtmlCacheBehavior [ RunTime:0.001000s ]
INFO: [ view_filter ] --END-- [ RunTime:0.001000s ]
INFO: [ app_end ] --START--
INFO: Run Behavior\ShowPageTraceBehavior [ RunTime:0.001000s ]
INFO: [ app_end ] --END-- [ RunTime:0.001000s ]

[ 2015-04-19T00:53:21+08:00 ] 127.0.0.1 /AUNET/index.php/Home/News/Index/p/2.html
INFO: [ app_init ] --START--
INFO: Run Behavior\BuildLiteBehavior [ RunTime:0.000000s ]
INFO: [ app_init ] --END-- [ RunTime:0.001000s ]
INFO: [ app_begin ] --START--
INFO: Run Behavior\ReadHtmlCacheBehavior [ RunTime:0.001000s ]
INFO: [ app_begin ] --END-- [ RunTime:0.001000s ]
SQL: SHOW COLUMNS FROM `aunet_news` [ RunTime:0.0020s ]
SQL: SELECT COUNT(*) AS tp_count FROM `aunet_news` LIMIT 1   [ RunTime:0.0000s ]
SQL: SELECT * FROM `aunet_news` ORDER BY time desc LIMIT 3,3   [ RunTime:0.0000s ]
INFO: [ view_parse ] --START--
INFO: [ template_filter ] --START--
INFO: Run Behavior\ContentReplaceBehavior [ RunTime:0.000000s ]
INFO: [ template_filter ] --END-- [ RunTime:0.000000s ]
NOTIC: [8] Use of undefined constant pic - assumed 'pic' C:\xampp\htdocs\AUNET\App\Runtime\Cache\Home\019cf4c3d92b7a47682974fe4251cef4.php 第 287 行.
NOTIC: [8] Array to string conversion C:\xampp\htdocs\AUNET\App\Runtime\Cache\Home\019cf4c3d92b7a47682974fe4251cef4.php 第 287 行.
NOTIC: [8] Use of undefined constant pic - assumed 'pic' C:\xampp\htdocs\AUNET\App\Runtime\Cache\Home\019cf4c3d92b7a47682974fe4251cef4.php 第 287 行.
NOTIC: [8] Array to string conversion C:\xampp\htdocs\AUNET\App\Runtime\Cache\Home\019cf4c3d92b7a47682974fe4251cef4.php 第 287 行.
NOTIC: [8] Use of undefined constant pic - assumed 'pic' C:\xampp\htdocs\AUNET\App\Runtime\Cache\Home\019cf4c3d92b7a47682974fe4251cef4.php 第 287 行.
NOTIC: [8] Array to string conversion C:\xampp\htdocs\AUNET\App\Runtime\Cache\Home\019cf4c3d92b7a47682974fe4251cef4.php 第 287 行.
INFO: Run Behavior\ParseTemplateBehavior [ RunTime:0.011001s ]
INFO: [ view_parse ] --END-- [ RunTime:0.011001s ]
INFO: [ view_filter ] --START--
INFO: Run Behavior\WriteHtmlCacheBehavior [ RunTime:0.000000s ]
INFO: [ view_filter ] --END-- [ RunTime:0.000000s ]
INFO: [ app_end ] --START--
INFO: Run Behavior\ShowPageTraceBehavior [ RunTime:0.001000s ]
INFO: [ app_end ] --END-- [ RunTime:0.001000s ]

[ 2015-04-19T00:53:23+08:00 ] 127.0.0.1 /AUNET/index.php/Home/News/Index/p/1.html
INFO: [ app_init ] --START--
INFO: Run Behavior\BuildLiteBehavior [ RunTime:0.000000s ]
INFO: [ app_init ] --END-- [ RunTime:0.000000s ]
INFO: [ app_begin ] --START--
INFO: Run Behavior\ReadHtmlCacheBehavior [ RunTime:0.001000s ]
INFO: [ app_begin ] --END-- [ RunTime:0.001000s ]
SQL: SHOW COLUMNS FROM `aunet_news` [ RunTime:0.0020s ]
SQL: SELECT COUNT(*) AS tp_count FROM `aunet_news` LIMIT 1   [ RunTime:0.0010s ]
SQL: SELECT * FROM `aunet_news` ORDER BY time desc LIMIT 0,3   [ RunTime:0.0010s ]
INFO: [ view_parse ] --START--
INFO: [ template_filter ] --START--
INFO: Run Behavior\ContentReplaceBehavior [ RunTime:0.000000s ]
INFO: [ template_filter ] --END-- [ RunTime:0.000000s ]
NOTIC: [8] Use of undefined constant pic - assumed 'pic' C:\xampp\htdocs\AUNET\App\Runtime\Cache\Home\019cf4c3d92b7a47682974fe4251cef4.php 第 287 行.
NOTIC: [8] Array to string conversion C:\xampp\htdocs\AUNET\App\Runtime\Cache\Home\019cf4c3d92b7a47682974fe4251cef4.php 第 287 行.
NOTIC: [8] Use of undefined constant pic - assumed 'pic' C:\xampp\htdocs\AUNET\App\Runtime\Cache\Home\019cf4c3d92b7a47682974fe4251cef4.php 第 287 行.
NOTIC: [8] Array to string conversion C:\xampp\htdocs\AUNET\App\Runtime\Cache\Home\019cf4c3d92b7a47682974fe4251cef4.php 第 287 行.
NOTIC: [8] Use of undefined constant pic - assumed 'pic' C:\xampp\htdocs\AUNET\App\Runtime\Cache\Home\019cf4c3d92b7a47682974fe4251cef4.php 第 287 行.
NOTIC: [8] Array to string conversion C:\xampp\htdocs\AUNET\App\Runtime\Cache\Home\019cf4c3d92b7a47682974fe4251cef4.php 第 287 行.
INFO: Run Behavior\ParseTemplateBehavior [ RunTime:0.009001s ]
INFO: [ view_parse ] --END-- [ RunTime:0.009001s ]
INFO: [ view_filter ] --START--
INFO: Run Behavior\WriteHtmlCacheBehavior [ RunTime:0.001000s ]
INFO: [ view_filter ] --END-- [ RunTime:0.001000s ]
INFO: [ app_end ] --START--
INFO: Run Behavior\ShowPageTraceBehavior [ RunTime:0.002000s ]
INFO: [ app_end ] --END-- [ RunTime:0.002000s ]

[ 2015-04-19T00:53:48+08:00 ] 127.0.0.1 /AUNET/index.php/Home/News/Index/p/1.html
INFO: [ app_init ] --START--
INFO: Run Behavior\BuildLiteBehavior [ RunTime:0.000000s ]
INFO: [ app_init ] --END-- [ RunTime:0.000000s ]
INFO: [ app_begin ] --START--
INFO: Run Behavior\ReadHtmlCacheBehavior [ RunTime:0.001000s ]
INFO: [ app_begin ] --END-- [ RunTime:0.001000s ]
SQL: SHOW COLUMNS FROM `aunet_news` [ RunTime:0.0020s ]
SQL: SELECT COUNT(*) AS tp_count FROM `aunet_news` LIMIT 1   [ RunTime:0.0010s ]
SQL: SELECT * FROM `aunet_news` ORDER BY time desc LIMIT 0,3   [ RunTime:0.0020s ]
INFO: [ view_parse ] --START--
INFO: [ template_filter ] --START--
INFO: Run Behavior\ContentReplaceBehavior [ RunTime:0.000000s ]
INFO: [ template_filter ] --END-- [ RunTime:0.000000s ]
NOTIC: [8] Use of undefined constant pic - assumed 'pic' C:\xampp\htdocs\AUNET\App\Runtime\Cache\Home\019cf4c3d92b7a47682974fe4251cef4.php 第 287 行.
NOTIC: [8] Array to string conversion C:\xampp\htdocs\AUNET\App\Runtime\Cache\Home\019cf4c3d92b7a47682974fe4251cef4.php 第 287 行.
NOTIC: [8] Use of undefined constant pic - assumed 'pic' C:\xampp\htdocs\AUNET\App\Runtime\Cache\Home\019cf4c3d92b7a47682974fe4251cef4.php 第 287 行.
NOTIC: [8] Array to string conversion C:\xampp\htdocs\AUNET\App\Runtime\Cache\Home\019cf4c3d92b7a47682974fe4251cef4.php 第 287 行.
NOTIC: [8] Use of undefined constant pic - assumed 'pic' C:\xampp\htdocs\AUNET\App\Runtime\Cache\Home\019cf4c3d92b7a47682974fe4251cef4.php 第 287 行.
NOTIC: [8] Array to string conversion C:\xampp\htdocs\AUNET\App\Runtime\Cache\Home\019cf4c3d92b7a47682974fe4251cef4.php 第 287 行.
INFO: Run Behavior\ParseTemplateBehavior [ RunTime:0.011001s ]
INFO: [ view_parse ] --END-- [ RunTime:0.011001s ]
INFO: [ view_filter ] --START--
INFO: Run Behavior\WriteHtmlCacheBehavior [ RunTime:0.001000s ]
INFO: [ view_filter ] --END-- [ RunTime:0.001000s ]
INFO: [ app_end ] --START--
INFO: Run Behavior\ShowPageTraceBehavior [ RunTime:0.001000s ]
INFO: [ app_end ] --END-- [ RunTime:0.001000s ]

[ 2015-04-19T00:54:10+08:00 ] 127.0.0.1 /AUNET/index.php/Home/News/Index/p/1.html
INFO: [ app_init ] --START--
INFO: Run Behavior\BuildLiteBehavior [ RunTime:0.000000s ]
INFO: [ app_init ] --END-- [ RunTime:0.000000s ]
INFO: [ app_begin ] --START--
INFO: Run Behavior\ReadHtmlCacheBehavior [ RunTime:0.000000s ]
INFO: [ app_begin ] --END-- [ RunTime:0.000000s ]
SQL: SHOW COLUMNS FROM `aunet_news` [ RunTime:0.0030s ]
SQL: SELECT COUNT(*) AS tp_count FROM `aunet_news` LIMIT 1   [ RunTime:0.0000s ]
SQL: SELECT * FROM `aunet_news` ORDER BY time desc LIMIT 0,3   [ RunTime:0.0010s ]
INFO: [ view_parse ] --START--
INFO: [ template_filter ] --START--
INFO: Run Behavior\ContentReplaceBehavior [ RunTime:0.000000s ]
INFO: [ template_filter ] --END-- [ RunTime:0.000000s ]
INFO: Run Behavior\ParseTemplateBehavior [ RunTime:0.011001s ]
INFO: [ view_parse ] --END-- [ RunTime:0.011001s ]
INFO: [ view_filter ] --START--
INFO: Run Behavior\WriteHtmlCacheBehavior [ RunTime:0.000000s ]
INFO: [ view_filter ] --END-- [ RunTime:0.001000s ]
INFO: [ app_end ] --START--
INFO: Run Behavior\ShowPageTraceBehavior [ RunTime:0.001000s ]
INFO: [ app_end ] --END-- [ RunTime:0.001000s ]

[ 2015-04-19T00:54:10+08:00 ] 127.0.0.1 /AUNET/index.php/Home/News/Index/p/1.html
INFO: [ app_init ] --START--
INFO: Run Behavior\BuildLiteBehavior [ RunTime:0.000000s ]
INFO: [ app_init ] --END-- [ RunTime:0.000000s ]
INFO: [ app_begin ] --START--
INFO: Run Behavior\ReadHtmlCacheBehavior [ RunTime:0.000000s ]
INFO: [ app_begin ] --END-- [ RunTime:0.000000s ]
SQL: SHOW COLUMNS FROM `aunet_news` [ RunTime:0.0010s ]
SQL: SELECT COUNT(*) AS tp_count FROM `aunet_news` LIMIT 1   [ RunTime:0.0000s ]
SQL: SELECT * FROM `aunet_news` ORDER BY time desc LIMIT 0,3   [ RunTime:0.0010s ]
INFO: [ view_parse ] --START--
INFO: [ template_filter ] --START--
INFO: Run Behavior\ContentReplaceBehavior [ RunTime:0.000000s ]
INFO: [ template_filter ] --END-- [ RunTime:0.000000s ]
INFO: Run Behavior\ParseTemplateBehavior [ RunTime:0.006000s ]
INFO: [ view_parse ] --END-- [ RunTime:0.006000s ]
INFO: [ view_filter ] --START--
INFO: Run Behavior\WriteHtmlCacheBehavior [ RunTime:0.001000s ]
INFO: [ view_filter ] --END-- [ RunTime:0.001000s ]
INFO: [ app_end ] --START--
INFO: Run Behavior\ShowPageTraceBehavior [ RunTime:0.001000s ]
INFO: [ app_end ] --END-- [ RunTime:0.001000s ]

[ 2015-04-19T00:54:12+08:00 ] 127.0.0.1 /AUNET/index.php/Home/News/Index/p/1.html
INFO: [ app_init ] --START--
INFO: Run Behavior\BuildLiteBehavior [ RunTime:0.000000s ]
INFO: [ app_init ] --END-- [ RunTime:0.000000s ]
INFO: [ app_begin ] --START--
INFO: Run Behavior\ReadHtmlCacheBehavior [ RunTime:0.000000s ]
INFO: [ app_begin ] --END-- [ RunTime:0.000000s ]
SQL: SHOW COLUMNS FROM `aunet_news` [ RunTime:0.0020s ]
SQL: SELECT COUNT(*) AS tp_count FROM `aunet_news` LIMIT 1   [ RunTime:0.0010s ]
SQL: SELECT * FROM `aunet_news` ORDER BY time desc LIMIT 0,3   [ RunTime:0.0000s ]
INFO: [ view_parse ] --START--
INFO: [ template_filter ] --START--
INFO: Run Behavior\ContentReplaceBehavior [ RunTime:0.000000s ]
INFO: [ template_filter ] --END-- [ RunTime:0.000000s ]
INFO: Run Behavior\ParseTemplateBehavior [ RunTime:0.009001s ]
INFO: [ view_parse ] --END-- [ RunTime:0.009001s ]
INFO: [ view_filter ] --START--
INFO: Run Behavior\WriteHtmlCacheBehavior [ RunTime:0.001000s ]
INFO: [ view_filter ] --END-- [ RunTime:0.002000s ]
INFO: [ app_end ] --START--
INFO: Run Behavior\ShowPageTraceBehavior [ RunTime:0.002000s ]
INFO: [ app_end ] --END-- [ RunTime:0.002000s ]

[ 2015-04-19T00:54:21+08:00 ] 127.0.0.1 /AUNET/index.php/Home/News/Index/p/1.html
INFO: [ app_init ] --START--
INFO: Run Behavior\BuildLiteBehavior [ RunTime:0.000000s ]
INFO: [ app_init ] --END-- [ RunTime:0.000000s ]
INFO: [ app_begin ] --START--
INFO: Run Behavior\ReadHtmlCacheBehavior [ RunTime:0.001000s ]
INFO: [ app_begin ] --END-- [ RunTime:0.001000s ]
SQL: SHOW COLUMNS FROM `aunet_news` [ RunTime:0.0020s ]
SQL: SELECT COUNT(*) AS tp_count FROM `aunet_news` LIMIT 1   [ RunTime:0.0010s ]
SQL: SELECT * FROM `aunet_news` ORDER BY time desc LIMIT 0,3   [ RunTime:0.0010s ]
INFO: [ view_parse ] --START--
INFO: [ template_filter ] --START--
INFO: Run Behavior\ContentReplaceBehavior [ RunTime:0.001000s ]
INFO: [ template_filter ] --END-- [ RunTime:0.001000s ]
INFO: Run Behavior\ParseTemplateBehavior [ RunTime:0.008000s ]
INFO: [ view_parse ] --END-- [ RunTime:0.008000s ]
INFO: [ view_filter ] --START--
INFO: Run Behavior\WriteHtmlCacheBehavior [ RunTime:0.000000s ]
INFO: [ view_filter ] --END-- [ RunTime:0.000000s ]
INFO: [ app_end ] --START--
INFO: Run Behavior\ShowPageTraceBehavior [ RunTime:0.001000s ]
INFO: [ app_end ] --END-- [ RunTime:0.001000s ]

[ 2015-04-19T00:54:22+08:00 ] 127.0.0.1 /AUNET/index.php/Home/News/Index/p/1.html
INFO: [ app_init ] --START--
INFO: Run Behavior\BuildLiteBehavior [ RunTime:0.000000s ]
INFO: [ app_init ] --END-- [ RunTime:0.000000s ]
INFO: [ app_begin ] --START--
INFO: Run Behavior\ReadHtmlCacheBehavior [ RunTime:0.000000s ]
INFO: [ app_begin ] --END-- [ RunTime:0.000000s ]
SQL: SHOW COLUMNS FROM `aunet_news` [ RunTime:0.0020s ]
SQL: SELECT COUNT(*) AS tp_count FROM `aunet_news` LIMIT 1   [ RunTime:0.0010s ]
SQL: SELECT * FROM `aunet_news` ORDER BY time desc LIMIT 0,3   [ RunTime:0.0000s ]
INFO: [ view_parse ] --START--
INFO: [ template_filter ] --START--
INFO: Run Behavior\ContentReplaceBehavior [ RunTime:0.001000s ]
INFO: [ template_filter ] --END-- [ RunTime:0.001000s ]
INFO: Run Behavior\ParseTemplateBehavior [ RunTime:0.006001s ]
INFO: [ view_parse ] --END-- [ RunTime:0.006001s ]
INFO: [ view_filter ] --START--
INFO: Run Behavior\WriteHtmlCacheBehavior [ RunTime:0.000000s ]
INFO: [ view_filter ] --END-- [ RunTime:0.000000s ]
INFO: [ app_end ] --START--
INFO: Run Behavior\ShowPageTraceBehavior [ RunTime:0.001000s ]
INFO: [ app_end ] --END-- [ RunTime:0.001000s ]

[ 2015-04-19T00:55:36+08:00 ] 127.0.0.1 /AUNET/index.php/Home/News/Index/p/2.html
INFO: [ app_init ] --START--
INFO: Run Behavior\BuildLiteBehavior [ RunTime:0.000000s ]
INFO: [ app_init ] --END-- [ RunTime:0.000000s ]
INFO: [ app_begin ] --START--
INFO: Run Behavior\ReadHtmlCacheBehavior [ RunTime:0.001000s ]
INFO: [ app_begin ] --END-- [ RunTime:0.001000s ]
SQL: SHOW COLUMNS FROM `aunet_news` [ RunTime:0.0010s ]
SQL: SELECT COUNT(*) AS tp_count FROM `aunet_news` LIMIT 1   [ RunTime:0.0000s ]
SQL: SELECT * FROM `aunet_news` ORDER BY time desc LIMIT 3,3   [ RunTime:0.0000s ]
INFO: [ view_parse ] --START--
INFO: [ template_filter ] --START--
INFO: Run Behavior\ContentReplaceBehavior [ RunTime:0.000000s ]
INFO: [ template_filter ] --END-- [ RunTime:0.000000s ]
INFO: Run Behavior\ParseTemplateBehavior [ RunTime:0.007001s ]
INFO: [ view_parse ] --END-- [ RunTime:0.007001s ]
INFO: [ view_filter ] --START--
INFO: Run Behavior\WriteHtmlCacheBehavior [ RunTime:0.001000s ]
INFO: [ view_filter ] --END-- [ RunTime:0.001000s ]
INFO: [ app_end ] --START--
INFO: Run Behavior\ShowPageTraceBehavior [ RunTime:0.000000s ]
INFO: [ app_end ] --END-- [ RunTime:0.000000s ]

[ 2015-04-19T00:55:38+08:00 ] 127.0.0.1 /AUNET/index.php/Home/News/Index/p/1.html
INFO: [ app_init ] --START--
INFO: Run Behavior\BuildLiteBehavior [ RunTime:0.000000s ]
INFO: [ app_init ] --END-- [ RunTime:0.000000s ]
INFO: [ app_begin ] --START--
INFO: Run Behavior\ReadHtmlCacheBehavior [ RunTime:0.000000s ]
INFO: [ app_begin ] --END-- [ RunTime:0.000000s ]
SQL: SHOW COLUMNS FROM `aunet_news` [ RunTime:0.0030s ]
SQL: SELECT COUNT(*) AS tp_count FROM `aunet_news` LIMIT 1   [ RunTime:0.0020s ]
SQL: SELECT * FROM `aunet_news` ORDER BY time desc LIMIT 0,3   [ RunTime:0.0010s ]
INFO: [ view_parse ] --START--
INFO: [ template_filter ] --START--
INFO: Run Behavior\ContentReplaceBehavior [ RunTime:0.000000s ]
INFO: [ template_filter ] --END-- [ RunTime:0.001000s ]
INFO: Run Behavior\ParseTemplateBehavior [ RunTime:0.006000s ]
INFO: [ view_parse ] --END-- [ RunTime:0.006000s ]
INFO: [ view_filter ] --START--
INFO: Run Behavior\WriteHtmlCacheBehavior [ RunTime:0.000000s ]
INFO: [ view_filter ] --END-- [ RunTime:0.000000s ]
INFO: [ app_end ] --START--
INFO: Run Behavior\ShowPageTraceBehavior [ RunTime:0.000000s ]
INFO: [ app_end ] --END-- [ RunTime:0.000000s ]

[ 2015-04-19T00:56:03+08:00 ] 127.0.0.1 /AUNET/index.php/Home/News/Index/p/1.html
INFO: [ app_init ] --START--
INFO: Run Behavior\BuildLiteBehavior [ RunTime:0.000000s ]
INFO: [ app_init ] --END-- [ RunTime:0.000000s ]
INFO: [ app_begin ] --START--
INFO: Run Behavior\ReadHtmlCacheBehavior [ RunTime:0.000000s ]
INFO: [ app_begin ] --END-- [ RunTime:0.000000s ]
SQL: SHOW COLUMNS FROM `aunet_news` [ RunTime:0.0010s ]
SQL: SELECT COUNT(*) AS tp_count FROM `aunet_news` LIMIT 1   [ RunTime:0.0010s ]
SQL: SELECT * FROM `aunet_news` ORDER BY time desc LIMIT 0,3   [ RunTime:0.0000s ]
INFO: [ view_parse ] --START--
INFO: [ template_filter ] --START--
INFO: Run Behavior\ContentReplaceBehavior [ RunTime:0.000000s ]
INFO: [ template_filter ] --END-- [ RunTime:0.000000s ]
NOTIC: [8] Undefined offset: 2 C:\xampp\htdocs\AUNET\App\Runtime\Cache\Home\019cf4c3d92b7a47682974fe4251cef4.php 第 287 行.
NOTIC: [8] Undefined offset: 2 C:\xampp\htdocs\AUNET\App\Runtime\Cache\Home\019cf4c3d92b7a47682974fe4251cef4.php 第 290 行.
NOTIC: [8] Undefined offset: 2 C:\xampp\htdocs\AUNET\App\Runtime\Cache\Home\019cf4c3d92b7a47682974fe4251cef4.php 第 293 行.
NOTIC: [8] Undefined offset: 2 C:\xampp\htdocs\AUNET\App\Runtime\Cache\Home\019cf4c3d92b7a47682974fe4251cef4.php 第 294 行.
NOTIC: [8] Undefined offset: 2 C:\xampp\htdocs\AUNET\App\Runtime\Cache\Home\019cf4c3d92b7a47682974fe4251cef4.php 第 294 行.
NOTIC: [8] Undefined offset: 2 C:\xampp\htdocs\AUNET\App\Runtime\Cache\Home\019cf4c3d92b7a47682974fe4251cef4.php 第 298 行.
INFO: Run Behavior\ParseTemplateBehavior [ RunTime:0.006000s ]
INFO: [ view_parse ] --END-- [ RunTime:0.006000s ]
INFO: [ view_filter ] --START--
INFO: Run Behavior\WriteHtmlCacheBehavior [ RunTime:0.001000s ]
INFO: [ view_filter ] --END-- [ RunTime:0.001000s ]
INFO: [ app_end ] --START--
INFO: Run Behavior\ShowPageTraceBehavior [ RunTime:0.001000s ]
INFO: [ app_end ] --END-- [ RunTime:0.001000s ]

[ 2015-04-19T01:08:16+08:00 ] 127.0.0.1 /AUNET/index.php/Home/News/Index/p/1.html
INFO: [ app_init ] --START--
INFO: Run Behavior\BuildLiteBehavior [ RunTime:0.000000s ]
INFO: [ app_init ] --END-- [ RunTime:0.001000s ]
INFO: [ app_begin ] --START--
INFO: Run Behavior\ReadHtmlCacheBehavior [ RunTime:0.001000s ]
INFO: [ app_begin ] --END-- [ RunTime:0.001000s ]
SQL: SHOW COLUMNS FROM `aunet_news` [ RunTime:0.0020s ]
SQL: SELECT COUNT(*) AS tp_count FROM `aunet_news` LIMIT 1   [ RunTime:0.0000s ]
SQL: SELECT * FROM `aunet_news` ORDER BY time desc LIMIT 0,3   [ RunTime:0.0000s ]
INFO: [ view_parse ] --START--
INFO: [ template_filter ] --START--
INFO: Run Behavior\ContentReplaceBehavior [ RunTime:0.000000s ]
INFO: [ template_filter ] --END-- [ RunTime:0.000000s ]
NOTIC: [8] Undefined offset: 2 C:\xampp\htdocs\AUNET\App\Runtime\Cache\Home\019cf4c3d92b7a47682974fe4251cef4.php 第 287 行.
NOTIC: [8] Undefined offset: 2 C:\xampp\htdocs\AUNET\App\Runtime\Cache\Home\019cf4c3d92b7a47682974fe4251cef4.php 第 290 行.
NOTIC: [8] Undefined offset: 2 C:\xampp\htdocs\AUNET\App\Runtime\Cache\Home\019cf4c3d92b7a47682974fe4251cef4.php 第 293 行.
NOTIC: [8] Undefined offset: 2 C:\xampp\htdocs\AUNET\App\Runtime\Cache\Home\019cf4c3d92b7a47682974fe4251cef4.php 第 294 行.
NOTIC: [8] Undefined offset: 2 C:\xampp\htdocs\AUNET\App\Runtime\Cache\Home\019cf4c3d92b7a47682974fe4251cef4.php 第 294 行.
NOTIC: [8] Undefined offset: 2 C:\xampp\htdocs\AUNET\App\Runtime\Cache\Home\019cf4c3d92b7a47682974fe4251cef4.php 第 298 行.
INFO: Run Behavior\ParseTemplateBehavior [ RunTime:0.008000s ]
INFO: [ view_parse ] --END-- [ RunTime:0.008000s ]
INFO: [ view_filter ] --START--
INFO: Run Behavior\WriteHtmlCacheBehavior [ RunTime:0.000000s ]
INFO: [ view_filter ] --END-- [ RunTime:0.000000s ]
INFO: [ app_end ] --START--
INFO: Run Behavior\ShowPageTraceBehavior [ RunTime:0.000000s ]
INFO: [ app_end ] --END-- [ RunTime:0.000000s ]

[ 2015-04-19T01:08:17+08:00 ] 127.0.0.1 /AUNET/index.php/Home/BroadCast/Index.html
INFO: [ app_init ] --START--
INFO: Run Behavior\BuildLiteBehavior [ RunTime:0.000000s ]
INFO: [ app_init ] --END-- [ RunTime:0.000000s ]
INFO: [ app_begin ] --START--
INFO: Run Behavior\ReadHtmlCacheBehavior [ RunTime:0.001000s ]
INFO: [ app_begin ] --END-- [ RunTime:0.001000s ]
SQL: SHOW COLUMNS FROM `aunet_forecast` [ RunTime:0.0020s ]
SQL: SELECT * FROM `aunet_forecast` ORDER BY time desc  [ RunTime:0.0000s ]
INFO: [ view_parse ] --START--
INFO: [ template_filter ] --START--
INFO: Run Behavior\ContentReplaceBehavior [ RunTime:0.000000s ]
INFO: [ template_filter ] --END-- [ RunTime:0.000000s ]
INFO: Run Behavior\ParseTemplateBehavior [ RunTime:0.011000s ]
INFO: [ view_parse ] --END-- [ RunTime:0.011000s ]
INFO: [ view_filter ] --START--
INFO: Run Behavior\WriteHtmlCacheBehavior [ RunTime:0.001000s ]
INFO: [ view_filter ] --END-- [ RunTime:0.001000s ]
INFO: [ app_end ] --START--
INFO: Run Behavior\ShowPageTraceBehavior [ RunTime:0.001000s ]
INFO: [ app_end ] --END-- [ RunTime:0.001000s ]

[ 2015-04-19T01:08:19+08:00 ] 127.0.0.1 /AUNET/index.php/Home/Activity/Index.html
INFO: [ app_init ] --START--
INFO: Run Behavior\BuildLiteBehavior [ RunTime:0.000000s ]
INFO: [ app_init ] --END-- [ RunTime:0.000000s ]
INFO: [ app_begin ] --START--
INFO: Run Behavior\ReadHtmlCacheBehavior [ RunTime:0.002000s ]
INFO: [ app_begin ] --END-- [ RunTime:0.003000s ]
SQL: SHOW COLUMNS FROM `aunet_forecast` [ RunTime:0.0010s ]
SQL: SELECT * FROM `aunet_forecast` ORDER BY time desc  [ RunTime:0.0000s ]
INFO: [ view_parse ] --START--
INFO: [ template_filter ] --START--
INFO: Run Behavior\ContentReplaceBehavior [ RunTime:0.000000s ]
INFO: [ template_filter ] --END-- [ RunTime:0.000000s ]
INFO: Run Behavior\ParseTemplateBehavior [ RunTime:0.012001s ]
INFO: [ view_parse ] --END-- [ RunTime:0.012001s ]
INFO: [ view_filter ] --START--
INFO: Run Behavior\WriteHtmlCacheBehavior [ RunTime:0.001000s ]
INFO: [ view_filter ] --END-- [ RunTime:0.001000s ]
INFO: [ app_end ] --START--
INFO: Run Behavior\ShowPageTraceBehavior [ RunTime:0.001000s ]
INFO: [ app_end ] --END-- [ RunTime:0.002000s ]

[ 2015-04-19T01:09:07+08:00 ] 127.0.0.1 /AUNET/index.php/Home/Activity/Index.html
INFO: [ app_init ] --START--
INFO: Run Behavior\BuildLiteBehavior [ RunTime:0.000000s ]
INFO: [ app_init ] --END-- [ RunTime:0.000000s ]
INFO: [ app_begin ] --START--
INFO: Run Behavior\ReadHtmlCacheBehavior [ RunTime:0.001000s ]
INFO: [ app_begin ] --END-- [ RunTime:0.001000s ]
SQL: SHOW COLUMNS FROM `aunet_forecast` [ RunTime:0.0010s ]
SQL: SELECT * FROM `aunet_forecast` ORDER BY time desc  [ RunTime:0.0010s ]
INFO: [ view_parse ] --START--
INFO: [ template_filter ] --START--
INFO: Run Behavior\ContentReplaceBehavior [ RunTime:0.000000s ]
INFO: [ template_filter ] --END-- [ RunTime:0.000000s ]
INFO: Run Behavior\ParseTemplateBehavior [ RunTime:0.006001s ]
INFO: [ view_parse ] --END-- [ RunTime:0.006001s ]
INFO: [ view_filter ] --START--
INFO: Run Behavior\WriteHtmlCacheBehavior [ RunTime:0.001000s ]
INFO: [ view_filter ] --END-- [ RunTime:0.001000s ]
INFO: [ app_end ] --START--
INFO: Run Behavior\ShowPageTraceBehavior [ RunTime:0.002000s ]
INFO: [ app_end ] --END-- [ RunTime:0.002000s ]

[ 2015-04-19T01:09:29+08:00 ] 127.0.0.1 /AUNET/index.php/Home/Activity/Index.html
INFO: [ app_init ] --START--
INFO: Run Behavior\BuildLiteBehavior [ RunTime:0.000000s ]
INFO: [ app_init ] --END-- [ RunTime:0.000000s ]
INFO: [ app_begin ] --START--
INFO: Run Behavior\ReadHtmlCacheBehavior [ RunTime:0.001000s ]
INFO: [ app_begin ] --END-- [ RunTime:0.001000s ]
SQL: SHOW COLUMNS FROM `aunet_forecast` [ RunTime:0.0010s ]
SQL: SELECT * FROM `aunet_forecast` ORDER BY time desc  [ RunTime:0.0010s ]
INFO: [ view_parse ] --START--
INFO: [ template_filter ] --START--
INFO: Run Behavior\ContentReplaceBehavior [ RunTime:0.000000s ]
INFO: [ template_filter ] --END-- [ RunTime:0.001000s ]
INFO: Run Behavior\ParseTemplateBehavior [ RunTime:0.008001s ]
INFO: [ view_parse ] --END-- [ RunTime:0.008001s ]
INFO: [ view_filter ] --START--
INFO: Run Behavior\WriteHtmlCacheBehavior [ RunTime:0.000000s ]
INFO: [ view_filter ] --END-- [ RunTime:0.000000s ]
INFO: [ app_end ] --START--
INFO: Run Behavior\ShowPageTraceBehavior [ RunTime:0.001000s ]
INFO: [ app_end ] --END-- [ RunTime:0.001000s ]

[ 2015-04-19T01:09:52+08:00 ] 127.0.0.1 /AUNET/index.php/Home/Activity/Index.html
INFO: [ app_init ] --START--
INFO: Run Behavior\BuildLiteBehavior [ RunTime:0.000000s ]
INFO: [ app_init ] --END-- [ RunTime:0.000000s ]
INFO: [ app_begin ] --START--
INFO: Run Behavior\ReadHtmlCacheBehavior [ RunTime:0.000000s ]
INFO: [ app_begin ] --END-- [ RunTime:0.000000s ]
SQL: SHOW COLUMNS FROM `aunet_forecast` [ RunTime:0.0010s ]
SQL: SELECT * FROM `aunet_forecast` ORDER BY time desc  [ RunTime:0.0000s ]
INFO: [ view_parse ] --START--
INFO: [ template_filter ] --START--
INFO: Run Behavior\ContentReplaceBehavior [ RunTime:0.000000s ]
INFO: [ template_filter ] --END-- [ RunTime:0.000000s ]
INFO: Run Behavior\ParseTemplateBehavior [ RunTime:0.010000s ]
INFO: [ view_parse ] --END-- [ RunTime:0.010000s ]
INFO: [ view_filter ] --START--
INFO: Run Behavior\WriteHtmlCacheBehavior [ RunTime:0.000000s ]
INFO: [ view_filter ] --END-- [ RunTime:0.000000s ]
INFO: [ app_end ] --START--
INFO: Run Behavior\ShowPageTraceBehavior [ RunTime:0.001000s ]
INFO: [ app_end ] --END-- [ RunTime:0.001000s ]

[ 2015-04-19T01:10:20+08:00 ] 127.0.0.1 /AUNET/index.php/Home/News/Index.html
INFO: [ app_init ] --START--
INFO: Run Behavior\BuildLiteBehavior [ RunTime:0.000000s ]
INFO: [ app_init ] --END-- [ RunTime:0.001000s ]
INFO: [ app_begin ] --START--
INFO: Run Behavior\ReadHtmlCacheBehavior [ RunTime:0.001000s ]
INFO: [ app_begin ] --END-- [ RunTime:0.001000s ]
SQL: SHOW COLUMNS FROM `aunet_news` [ RunTime:0.0030s ]
SQL: SELECT COUNT(*) AS tp_count FROM `aunet_news` LIMIT 1   [ RunTime:0.0000s ]
SQL: SELECT * FROM `aunet_news` ORDER BY time desc LIMIT 0,3   [ RunTime:0.0000s ]
INFO: [ view_parse ] --START--
INFO: [ template_filter ] --START--
INFO: Run Behavior\ContentReplaceBehavior [ RunTime:0.000000s ]
INFO: [ template_filter ] --END-- [ RunTime:0.000000s ]
NOTIC: [8] Undefined offset: 2 C:\xampp\htdocs\AUNET\App\Runtime\Cache\Home\019cf4c3d92b7a47682974fe4251cef4.php 第 287 行.
NOTIC: [8] Undefined offset: 2 C:\xampp\htdocs\AUNET\App\Runtime\Cache\Home\019cf4c3d92b7a47682974fe4251cef4.php 第 290 行.
NOTIC: [8] Undefined offset: 2 C:\xampp\htdocs\AUNET\App\Runtime\Cache\Home\019cf4c3d92b7a47682974fe4251cef4.php 第 293 行.
NOTIC: [8] Undefined offset: 2 C:\xampp\htdocs\AUNET\App\Runtime\Cache\Home\019cf4c3d92b7a47682974fe4251cef4.php 第 294 行.
NOTIC: [8] Undefined offset: 2 C:\xampp\htdocs\AUNET\App\Runtime\Cache\Home\019cf4c3d92b7a47682974fe4251cef4.php 第 294 行.
NOTIC: [8] Undefined offset: 2 C:\xampp\htdocs\AUNET\App\Runtime\Cache\Home\019cf4c3d92b7a47682974fe4251cef4.php 第 298 行.
INFO: Run Behavior\ParseTemplateBehavior [ RunTime:0.009001s ]
INFO: [ view_parse ] --END-- [ RunTime:0.009001s ]
INFO: [ view_filter ] --START--
INFO: Run Behavior\WriteHtmlCacheBehavior [ RunTime:0.001000s ]
INFO: [ view_filter ] --END-- [ RunTime:0.001000s ]
INFO: [ app_end ] --START--
INFO: Run Behavior\ShowPageTraceBehavior [ RunTime:0.000000s ]
INFO: [ app_end ] --END-- [ RunTime:0.001000s ]

[ 2015-04-19T01:11:15+08:00 ] 127.0.0.1 /AUNET/index.php/Home/Activity/Index.html
INFO: [ app_init ] --START--
INFO: Run Behavior\BuildLiteBehavior [ RunTime:0.000000s ]
INFO: [ app_init ] --END-- [ RunTime:0.001000s ]
INFO: [ app_begin ] --START--
INFO: Run Behavior\ReadHtmlCacheBehavior [ RunTime:0.000000s ]
INFO: [ app_begin ] --END-- [ RunTime:0.000000s ]
SQL: SHOW COLUMNS FROM `aunet_forecast` [ RunTime:0.0020s ]
SQL: SELECT * FROM `aunet_forecast` ORDER BY time desc  [ RunTime:0.0010s ]
INFO: [ view_parse ] --START--
INFO: [ template_filter ] --START--
INFO: Run Behavior\ContentReplaceBehavior [ RunTime:0.000000s ]
INFO: [ template_filter ] --END-- [ RunTime:0.000000s ]
INFO: Run Behavior\ParseTemplateBehavior [ RunTime:0.008000s ]
INFO: [ view_parse ] --END-- [ RunTime:0.008000s ]
INFO: [ view_filter ] --START--
INFO: Run Behavior\WriteHtmlCacheBehavior [ RunTime:0.001000s ]
INFO: [ view_filter ] --END-- [ RunTime:0.001000s ]
INFO: [ app_end ] --START--
INFO: Run Behavior\ShowPageTraceBehavior [ RunTime:0.001000s ]
INFO: [ app_end ] --END-- [ RunTime:0.002000s ]

