[ 2015-04-25T00:06:21+08:00 ] 127.0.0.1 /AUNET/index.php/Home/Index/index.html
INFO: [ app_init ] --START--
INFO: Run Behavior\BuildLiteBehavior [ RunTime:0.000000s ]
INFO: [ app_init ] --END-- [ RunTime:0.000000s ]
INFO: [ app_begin ] --START--
INFO: Run Behavior\ReadHtmlCacheBehavior [ RunTime:0.002000s ]
INFO: [ app_begin ] --END-- [ RunTime:0.002000s ]
SQL: SHOW COLUMNS FROM `aunet_news` [ RunTime:0.0020s ]
SQL: SELECT * FROM `aunet_news` ORDER BY time desc LIMIT 4   [ RunTime:0.0000s ]
INFO: [ view_parse ] --START--
INFO: [ template_filter ] --START--
INFO: Run Behavior\ContentReplaceBehavior [ RunTime:0.000000s ]
INFO: [ template_filter ] --END-- [ RunTime:0.000000s ]

[ 2015-04-25T00:06:38+08:00 ] 127.0.0.1 /AUNET/index.php/Home/Index/index.html
INFO: [ app_init ] --START--
INFO: Run Behavior\BuildLiteBehavior [ RunTime:0.000000s ]
INFO: [ app_init ] --END-- [ RunTime:0.000000s ]
INFO: [ app_begin ] --START--
INFO: Run Behavior\ReadHtmlCacheBehavior [ RunTime:0.000000s ]
INFO: [ app_begin ] --END-- [ RunTime:0.000000s ]
SQL: SHOW COLUMNS FROM `aunet_news` [ RunTime:0.0030s ]
SQL: SELECT * FROM `aunet_news` ORDER BY time desc LIMIT 4   [ RunTime:0.0000s ]
INFO: [ view_parse ] --START--
INFO: [ template_filter ] --START--
INFO: Run Behavior\ContentReplaceBehavior [ RunTime:0.000000s ]
INFO: [ template_filter ] --END-- [ RunTime:0.000000s ]
NOTIC: [8] Undefined offset: 3 C:\xampp\htdocs\AUNET\App\Runtime\Cache\Home\00e52909bed743ea261af4b6823297ff.php 第 298 行.
NOTIC: [8] Undefined offset: 3 C:\xampp\htdocs\AUNET\App\Runtime\Cache\Home\00e52909bed743ea261af4b6823297ff.php 第 298 行.
NOTIC: [8] Undefined offset: 3 C:\xampp\htdocs\AUNET\App\Runtime\Cache\Home\00e52909bed743ea261af4b6823297ff.php 第 298 行.
NOTIC: [8] Undefined offset: 3 C:\xampp\htdocs\AUNET\App\Runtime\Cache\Home\00e52909bed743ea261af4b6823297ff.php 第 300 行.
INFO: Run Behavior\ParseTemplateBehavior [ RunTime:0.007000s ]
INFO: [ view_parse ] --END-- [ RunTime:0.007000s ]
INFO: [ view_filter ] --START--
INFO: Run Behavior\WriteHtmlCacheBehavior [ RunTime:0.001000s ]
INFO: [ view_filter ] --END-- [ RunTime:0.001000s ]
INFO: [ app_end ] --START--
INFO: Run Behavior\ShowPageTraceBehavior [ RunTime:0.001000s ]
INFO: [ app_end ] --END-- [ RunTime:0.001000s ]

[ 2015-04-25T00:06:48+08:00 ] 127.0.0.1 /AUNET/index.php/Home/Index/index.html
INFO: [ app_init ] --START--
INFO: Run Behavior\BuildLiteBehavior [ RunTime:0.000000s ]
INFO: [ app_init ] --END-- [ RunTime:0.000000s ]
INFO: [ app_begin ] --START--
INFO: Run Behavior\ReadHtmlCacheBehavior [ RunTime:0.001000s ]
INFO: [ app_begin ] --END-- [ RunTime:0.001000s ]
SQL: SHOW COLUMNS FROM `aunet_news` [ RunTime:0.0020s ]
SQL: SELECT * FROM `aunet_news` ORDER BY time desc LIMIT 4   [ RunTime:0.0000s ]
INFO: [ view_parse ] --START--
INFO: [ template_filter ] --START--
INFO: Run Behavior\ContentReplaceBehavior [ RunTime:0.000000s ]
INFO: [ template_filter ] --END-- [ RunTime:0.001000s ]
NOTIC: [8] Undefined offset: 3 C:\xampp\htdocs\AUNET\App\Runtime\Cache\Home\00e52909bed743ea261af4b6823297ff.php 第 298 行.
NOTIC: [8] Undefined offset: 3 C:\xampp\htdocs\AUNET\App\Runtime\Cache\Home\00e52909bed743ea261af4b6823297ff.php 第 298 行.
NOTIC: [8] Undefined offset: 3 C:\xampp\htdocs\AUNET\App\Runtime\Cache\Home\00e52909bed743ea261af4b6823297ff.php 第 298 行.
NOTIC: [8] Undefined offset: 3 C:\xampp\htdocs\AUNET\App\Runtime\Cache\Home\00e52909bed743ea261af4b6823297ff.php 第 300 行.
INFO: Run Behavior\ParseTemplateBehavior [ RunTime:0.011000s ]
INFO: [ view_parse ] --END-- [ RunTime:0.011000s ]
INFO: [ view_filter ] --START--
INFO: Run Behavior\WriteHtmlCacheBehavior [ RunTime:0.000000s ]
INFO: [ view_filter ] --END-- [ RunTime:0.000000s ]
INFO: [ app_end ] --START--
INFO: Run Behavior\ShowPageTraceBehavior [ RunTime:0.001000s ]
INFO: [ app_end ] --END-- [ RunTime:0.001000s ]

[ 2015-04-25T00:06:49+08:00 ] 127.0.0.1 /AUNET/index.php/Home/Index/index.html
INFO: [ app_init ] --START--
INFO: Run Behavior\BuildLiteBehavior [ RunTime:0.000000s ]
INFO: [ app_init ] --END-- [ RunTime:0.000000s ]
INFO: [ app_begin ] --START--
INFO: Run Behavior\ReadHtmlCacheBehavior [ RunTime:0.000000s ]
INFO: [ app_begin ] --END-- [ RunTime:0.000000s ]
SQL: SHOW COLUMNS FROM `aunet_news` [ RunTime:0.0020s ]
SQL: SELECT * FROM `aunet_news` ORDER BY time desc LIMIT 4   [ RunTime:0.0000s ]
INFO: [ view_parse ] --START--
INFO: [ template_filter ] --START--
INFO: Run Behavior\ContentReplaceBehavior [ RunTime:0.000000s ]
INFO: [ template_filter ] --END-- [ RunTime:0.000000s ]
NOTIC: [8] Undefined offset: 3 C:\xampp\htdocs\AUNET\App\Runtime\Cache\Home\00e52909bed743ea261af4b6823297ff.php 第 298 行.
NOTIC: [8] Undefined offset: 3 C:\xampp\htdocs\AUNET\App\Runtime\Cache\Home\00e52909bed743ea261af4b6823297ff.php 第 298 行.
NOTIC: [8] Undefined offset: 3 C:\xampp\htdocs\AUNET\App\Runtime\Cache\Home\00e52909bed743ea261af4b6823297ff.php 第 298 行.
NOTIC: [8] Undefined offset: 3 C:\xampp\htdocs\AUNET\App\Runtime\Cache\Home\00e52909bed743ea261af4b6823297ff.php 第 300 行.
INFO: Run Behavior\ParseTemplateBehavior [ RunTime:0.008001s ]
INFO: [ view_parse ] --END-- [ RunTime:0.008001s ]
INFO: [ view_filter ] --START--
INFO: Run Behavior\WriteHtmlCacheBehavior [ RunTime:0.001000s ]
INFO: [ view_filter ] --END-- [ RunTime:0.001000s ]
INFO: [ app_end ] --START--
INFO: Run Behavior\ShowPageTraceBehavior [ RunTime:0.001000s ]
INFO: [ app_end ] --END-- [ RunTime:0.001000s ]

[ 2015-04-25T00:07:05+08:00 ] 127.0.0.1 /AUNET/index.php/Home/Index/index.html
INFO: [ app_init ] --START--
INFO: Run Behavior\BuildLiteBehavior [ RunTime:0.000000s ]
INFO: [ app_init ] --END-- [ RunTime:0.000000s ]
INFO: [ app_begin ] --START--
INFO: Run Behavior\ReadHtmlCacheBehavior [ RunTime:0.000000s ]
INFO: [ app_begin ] --END-- [ RunTime:0.001000s ]
SQL: SHOW COLUMNS FROM `aunet_news` [ RunTime:0.0010s ]
SQL: SELECT * FROM `aunet_news` ORDER BY time desc LIMIT 4   [ RunTime:0.0000s ]
INFO: [ view_parse ] --START--
INFO: [ template_filter ] --START--
INFO: Run Behavior\ContentReplaceBehavior [ RunTime:0.000000s ]
INFO: [ template_filter ] --END-- [ RunTime:0.000000s ]
NOTIC: [8] Undefined offset: 3 C:\xampp\htdocs\AUNET\App\Runtime\Cache\Home\00e52909bed743ea261af4b6823297ff.php 第 298 行.
NOTIC: [8] Undefined offset: 3 C:\xampp\htdocs\AUNET\App\Runtime\Cache\Home\00e52909bed743ea261af4b6823297ff.php 第 298 行.
NOTIC: [8] Undefined offset: 3 C:\xampp\htdocs\AUNET\App\Runtime\Cache\Home\00e52909bed743ea261af4b6823297ff.php 第 298 行.
NOTIC: [8] Undefined offset: 3 C:\xampp\htdocs\AUNET\App\Runtime\Cache\Home\00e52909bed743ea261af4b6823297ff.php 第 300 行.
INFO: Run Behavior\ParseTemplateBehavior [ RunTime:0.014001s ]
INFO: [ view_parse ] --END-- [ RunTime:0.014001s ]
INFO: [ view_filter ] --START--
INFO: Run Behavior\WriteHtmlCacheBehavior [ RunTime:0.001000s ]
INFO: [ view_filter ] --END-- [ RunTime:0.001000s ]
INFO: [ app_end ] --START--
INFO: Run Behavior\ShowPageTraceBehavior [ RunTime:0.000000s ]
INFO: [ app_end ] --END-- [ RunTime:0.000000s ]

[ 2015-04-25T00:07:39+08:00 ] 127.0.0.1 /AUNET/index.php/Home/Index/index.html
INFO: [ app_init ] --START--
INFO: Run Behavior\BuildLiteBehavior [ RunTime:0.000000s ]
INFO: [ app_init ] --END-- [ RunTime:0.000000s ]
INFO: [ app_begin ] --START--
INFO: Run Behavior\ReadHtmlCacheBehavior [ RunTime:0.000000s ]
INFO: [ app_begin ] --END-- [ RunTime:0.000000s ]
SQL: SHOW COLUMNS FROM `aunet_news` [ RunTime:0.0020s ]
SQL: SELECT * FROM `aunet_news` ORDER BY time desc LIMIT 4   [ RunTime:0.0010s ]
INFO: [ view_parse ] --START--
INFO: [ template_filter ] --START--
INFO: Run Behavior\ContentReplaceBehavior [ RunTime:0.000000s ]
INFO: [ template_filter ] --END-- [ RunTime:0.000000s ]
NOTIC: [8] Undefined offset: 3 C:\xampp\htdocs\AUNET\App\Runtime\Cache\Home\00e52909bed743ea261af4b6823297ff.php 第 298 行.
NOTIC: [8] Undefined offset: 3 C:\xampp\htdocs\AUNET\App\Runtime\Cache\Home\00e52909bed743ea261af4b6823297ff.php 第 298 行.
NOTIC: [8] Undefined offset: 3 C:\xampp\htdocs\AUNET\App\Runtime\Cache\Home\00e52909bed743ea261af4b6823297ff.php 第 298 行.
NOTIC: [8] Undefined offset: 3 C:\xampp\htdocs\AUNET\App\Runtime\Cache\Home\00e52909bed743ea261af4b6823297ff.php 第 300 行.
INFO: Run Behavior\ParseTemplateBehavior [ RunTime:0.008001s ]
INFO: [ view_parse ] --END-- [ RunTime:0.008001s ]
INFO: [ view_filter ] --START--
INFO: Run Behavior\WriteHtmlCacheBehavior [ RunTime:0.000000s ]
INFO: [ view_filter ] --END-- [ RunTime:0.000000s ]
INFO: [ app_end ] --START--
INFO: Run Behavior\ShowPageTraceBehavior [ RunTime:0.000000s ]
INFO: [ app_end ] --END-- [ RunTime:0.000000s ]

[ 2015-04-25T00:11:17+08:00 ] 127.0.0.1 /AUNET/index.php/Home/Index/index.html
INFO: [ app_init ] --START--
INFO: Run Behavior\BuildLiteBehavior [ RunTime:0.000000s ]
INFO: [ app_init ] --END-- [ RunTime:0.000000s ]
INFO: [ app_begin ] --START--
INFO: Run Behavior\ReadHtmlCacheBehavior [ RunTime:0.002000s ]
INFO: [ app_begin ] --END-- [ RunTime:0.002000s ]
SQL: SHOW COLUMNS FROM `aunet_news` [ RunTime:0.0060s ]
SQL: SELECT * FROM `aunet_news` ORDER BY time desc LIMIT 4   [ RunTime:0.0010s ]
INFO: [ view_parse ] --START--
INFO: [ template_filter ] --START--
INFO: Run Behavior\ContentReplaceBehavior [ RunTime:0.000000s ]
INFO: [ template_filter ] --END-- [ RunTime:0.001000s ]
NOTIC: [8] Undefined offset: 3 C:\xampp\htdocs\AUNET\App\Runtime\Cache\Home\00e52909bed743ea261af4b6823297ff.php 第 299 行.
NOTIC: [8] Undefined offset: 3 C:\xampp\htdocs\AUNET\App\Runtime\Cache\Home\00e52909bed743ea261af4b6823297ff.php 第 299 行.
NOTIC: [8] Undefined offset: 3 C:\xampp\htdocs\AUNET\App\Runtime\Cache\Home\00e52909bed743ea261af4b6823297ff.php 第 299 行.
NOTIC: [8] Undefined offset: 3 C:\xampp\htdocs\AUNET\App\Runtime\Cache\Home\00e52909bed743ea261af4b6823297ff.php 第 301 行.
INFO: Run Behavior\ParseTemplateBehavior [ RunTime:0.018001s ]
INFO: [ view_parse ] --END-- [ RunTime:0.018001s ]
INFO: [ view_filter ] --START--
INFO: Run Behavior\WriteHtmlCacheBehavior [ RunTime:0.000000s ]
INFO: [ view_filter ] --END-- [ RunTime:0.001000s ]
INFO: [ app_end ] --START--
INFO: Run Behavior\ShowPageTraceBehavior [ RunTime:0.000000s ]
INFO: [ app_end ] --END-- [ RunTime:0.000000s ]

[ 2015-04-25T00:11:17+08:00 ] 127.0.0.1 /AUNET/index.php/Home/Index/index.html
INFO: [ app_init ] --START--
INFO: Run Behavior\BuildLiteBehavior [ RunTime:0.000000s ]
INFO: [ app_init ] --END-- [ RunTime:0.001000s ]
INFO: [ app_begin ] --START--
INFO: Run Behavior\ReadHtmlCacheBehavior [ RunTime:0.001000s ]
INFO: [ app_begin ] --END-- [ RunTime:0.001000s ]
SQL: SHOW COLUMNS FROM `aunet_news` [ RunTime:0.0080s ]
SQL: SELECT * FROM `aunet_news` ORDER BY time desc LIMIT 4   [ RunTime:0.0010s ]
INFO: [ view_parse ] --START--
INFO: [ template_filter ] --START--
INFO: Run Behavior\ContentReplaceBehavior [ RunTime:0.000000s ]
INFO: [ template_filter ] --END-- [ RunTime:0.000000s ]
NOTIC: [8] Undefined offset: 3 C:\xampp\htdocs\AUNET\App\Runtime\Cache\Home\00e52909bed743ea261af4b6823297ff.php 第 299 行.
NOTIC: [8] Undefined offset: 3 C:\xampp\htdocs\AUNET\App\Runtime\Cache\Home\00e52909bed743ea261af4b6823297ff.php 第 299 行.
NOTIC: [8] Undefined offset: 3 C:\xampp\htdocs\AUNET\App\Runtime\Cache\Home\00e52909bed743ea261af4b6823297ff.php 第 299 行.
NOTIC: [8] Undefined offset: 3 C:\xampp\htdocs\AUNET\App\Runtime\Cache\Home\00e52909bed743ea261af4b6823297ff.php 第 301 行.
INFO: Run Behavior\ParseTemplateBehavior [ RunTime:0.018001s ]
INFO: [ view_parse ] --END-- [ RunTime:0.018001s ]
INFO: [ view_filter ] --START--
INFO: Run Behavior\WriteHtmlCacheBehavior [ RunTime:0.001000s ]
INFO: [ view_filter ] --END-- [ RunTime:0.001000s ]
INFO: [ app_end ] --START--
INFO: Run Behavior\ShowPageTraceBehavior [ RunTime:0.001000s ]
INFO: [ app_end ] --END-- [ RunTime:0.001000s ]

[ 2015-04-25T00:11:52+08:00 ] 127.0.0.1 /AUNET/index.php/Home/Index/index.html
INFO: [ app_init ] --START--
INFO: Run Behavior\BuildLiteBehavior [ RunTime:0.000000s ]
INFO: [ app_init ] --END-- [ RunTime:0.000000s ]
INFO: [ app_begin ] --START--
INFO: Run Behavior\ReadHtmlCacheBehavior [ RunTime:0.000000s ]
INFO: [ app_begin ] --END-- [ RunTime:0.000000s ]
SQL: SHOW COLUMNS FROM `aunet_news` [ RunTime:0.0060s ]
SQL: SELECT * FROM `aunet_news` ORDER BY time desc LIMIT 4   [ RunTime:0.0000s ]
INFO: [ view_parse ] --START--
INFO: [ template_filter ] --START--
INFO: Run Behavior\ContentReplaceBehavior [ RunTime:0.000000s ]
INFO: [ template_filter ] --END-- [ RunTime:0.000000s ]
NOTIC: [8] Undefined offset: 3 C:\xampp\htdocs\AUNET\App\Runtime\Cache\Home\00e52909bed743ea261af4b6823297ff.php 第 298 行.
NOTIC: [8] Undefined offset: 3 C:\xampp\htdocs\AUNET\App\Runtime\Cache\Home\00e52909bed743ea261af4b6823297ff.php 第 298 行.
NOTIC: [8] Undefined offset: 3 C:\xampp\htdocs\AUNET\App\Runtime\Cache\Home\00e52909bed743ea261af4b6823297ff.php 第 298 行.
NOTIC: [8] Undefined offset: 3 C:\xampp\htdocs\AUNET\App\Runtime\Cache\Home\00e52909bed743ea261af4b6823297ff.php 第 300 行.
INFO: Run Behavior\ParseTemplateBehavior [ RunTime:0.007000s ]
INFO: [ view_parse ] --END-- [ RunTime:0.007000s ]
INFO: [ view_filter ] --START--
INFO: Run Behavior\WriteHtmlCacheBehavior [ RunTime:0.002001s ]
INFO: [ view_filter ] --END-- [ RunTime:0.002001s ]
INFO: [ app_end ] --START--
INFO: Run Behavior\ShowPageTraceBehavior [ RunTime:0.002000s ]
INFO: [ app_end ] --END-- [ RunTime:0.002000s ]

[ 2015-04-25T00:14:07+08:00 ] 127.0.0.1 /AUNET/index.php/Home/Index/index.html
INFO: [ app_init ] --START--
INFO: Run Behavior\BuildLiteBehavior [ RunTime:0.000000s ]
INFO: [ app_init ] --END-- [ RunTime:0.000000s ]
INFO: [ app_begin ] --START--
INFO: Run Behavior\ReadHtmlCacheBehavior [ RunTime:0.001000s ]
INFO: [ app_begin ] --END-- [ RunTime:0.001000s ]
SQL: SHOW COLUMNS FROM `aunet_news` [ RunTime:0.0040s ]
SQL: SELECT * FROM `aunet_news` ORDER BY time desc LIMIT 4   [ RunTime:0.0000s ]
INFO: [ view_parse ] --START--
INFO: [ template_filter ] --START--
INFO: Run Behavior\ContentReplaceBehavior [ RunTime:0.000000s ]
INFO: [ template_filter ] --END-- [ RunTime:0.000000s ]
NOTIC: [8] Undefined offset: 3 C:\xampp\htdocs\AUNET\App\Runtime\Cache\Home\00e52909bed743ea261af4b6823297ff.php 第 298 行.
NOTIC: [8] Undefined offset: 3 C:\xampp\htdocs\AUNET\App\Runtime\Cache\Home\00e52909bed743ea261af4b6823297ff.php 第 298 行.
NOTIC: [8] Undefined offset: 3 C:\xampp\htdocs\AUNET\App\Runtime\Cache\Home\00e52909bed743ea261af4b6823297ff.php 第 298 行.
NOTIC: [8] Undefined offset: 3 C:\xampp\htdocs\AUNET\App\Runtime\Cache\Home\00e52909bed743ea261af4b6823297ff.php 第 300 行.
INFO: Run Behavior\ParseTemplateBehavior [ RunTime:0.008001s ]
INFO: [ view_parse ] --END-- [ RunTime:0.008001s ]
INFO: [ view_filter ] --START--
INFO: Run Behavior\WriteHtmlCacheBehavior [ RunTime:0.000000s ]
INFO: [ view_filter ] --END-- [ RunTime:0.000000s ]
INFO: [ app_end ] --START--
INFO: Run Behavior\ShowPageTraceBehavior [ RunTime:0.001000s ]
INFO: [ app_end ] --END-- [ RunTime:0.001000s ]

[ 2015-04-25T00:14:08+08:00 ] 127.0.0.1 /AUNET/index.php/Home/Index/index.html
INFO: [ app_init ] --START--
INFO: Run Behavior\BuildLiteBehavior [ RunTime:0.000000s ]
INFO: [ app_init ] --END-- [ RunTime:0.000000s ]
INFO: [ app_begin ] --START--
INFO: Run Behavior\ReadHtmlCacheBehavior [ RunTime:0.000000s ]
INFO: [ app_begin ] --END-- [ RunTime:0.000000s ]
SQL: SHOW COLUMNS FROM `aunet_news` [ RunTime:0.0030s ]
SQL: SELECT * FROM `aunet_news` ORDER BY time desc LIMIT 4   [ RunTime:0.0000s ]
INFO: [ view_parse ] --START--
INFO: [ template_filter ] --START--
INFO: Run Behavior\ContentReplaceBehavior [ RunTime:0.001000s ]
INFO: [ template_filter ] --END-- [ RunTime:0.001000s ]
NOTIC: [8] Undefined offset: 3 C:\xampp\htdocs\AUNET\App\Runtime\Cache\Home\00e52909bed743ea261af4b6823297ff.php 第 298 行.
NOTIC: [8] Undefined offset: 3 C:\xampp\htdocs\AUNET\App\Runtime\Cache\Home\00e52909bed743ea261af4b6823297ff.php 第 298 行.
NOTIC: [8] Undefined offset: 3 C:\xampp\htdocs\AUNET\App\Runtime\Cache\Home\00e52909bed743ea261af4b6823297ff.php 第 298 行.
NOTIC: [8] Undefined offset: 3 C:\xampp\htdocs\AUNET\App\Runtime\Cache\Home\00e52909bed743ea261af4b6823297ff.php 第 300 行.
INFO: Run Behavior\ParseTemplateBehavior [ RunTime:0.007000s ]
INFO: [ view_parse ] --END-- [ RunTime:0.007000s ]
INFO: [ view_filter ] --START--
INFO: Run Behavior\WriteHtmlCacheBehavior [ RunTime:0.000000s ]
INFO: [ view_filter ] --END-- [ RunTime:0.000000s ]
INFO: [ app_end ] --START--
INFO: Run Behavior\ShowPageTraceBehavior [ RunTime:0.001000s ]
INFO: [ app_end ] --END-- [ RunTime:0.001000s ]

[ 2015-04-25T00:15:27+08:00 ] 127.0.0.1 /AUNET/index.php/Home/Index/index.html
INFO: [ app_init ] --START--
INFO: Run Behavior\BuildLiteBehavior [ RunTime:0.000000s ]
INFO: [ app_init ] --END-- [ RunTime:0.001000s ]
INFO: [ app_begin ] --START--
INFO: Run Behavior\ReadHtmlCacheBehavior [ RunTime:0.001000s ]
INFO: [ app_begin ] --END-- [ RunTime:0.001000s ]
SQL: SHOW COLUMNS FROM `aunet_news` [ RunTime:0.0020s ]
SQL: SELECT * FROM `aunet_news` ORDER BY time desc LIMIT 4   [ RunTime:0.0000s ]
INFO: [ view_parse ] --START--
INFO: [ template_filter ] --START--
INFO: Run Behavior\ContentReplaceBehavior [ RunTime:0.000000s ]
INFO: [ template_filter ] --END-- [ RunTime:0.000000s ]
NOTIC: [8] Undefined offset: 3 C:\xampp\htdocs\AUNET\App\Runtime\Cache\Home\00e52909bed743ea261af4b6823297ff.php 第 298 行.
NOTIC: [8] Undefined offset: 3 C:\xampp\htdocs\AUNET\App\Runtime\Cache\Home\00e52909bed743ea261af4b6823297ff.php 第 298 行.
NOTIC: [8] Undefined offset: 3 C:\xampp\htdocs\AUNET\App\Runtime\Cache\Home\00e52909bed743ea261af4b6823297ff.php 第 298 行.
NOTIC: [8] Undefined offset: 3 C:\xampp\htdocs\AUNET\App\Runtime\Cache\Home\00e52909bed743ea261af4b6823297ff.php 第 300 行.
INFO: Run Behavior\ParseTemplateBehavior [ RunTime:0.008001s ]
INFO: [ view_parse ] --END-- [ RunTime:0.008001s ]
INFO: [ view_filter ] --START--
INFO: Run Behavior\WriteHtmlCacheBehavior [ RunTime:0.001000s ]
INFO: [ view_filter ] --END-- [ RunTime:0.001000s ]
INFO: [ app_end ] --START--
INFO: Run Behavior\ShowPageTraceBehavior [ RunTime:0.001000s ]
INFO: [ app_end ] --END-- [ RunTime:0.001000s ]

[ 2015-04-25T00:15:28+08:00 ] 127.0.0.1 /AUNET/index.php/Home/Index/index.html
INFO: [ app_init ] --START--
INFO: Run Behavior\BuildLiteBehavior [ RunTime:0.000000s ]
INFO: [ app_init ] --END-- [ RunTime:0.000000s ]
INFO: [ app_begin ] --START--
INFO: Run Behavior\ReadHtmlCacheBehavior [ RunTime:0.000000s ]
INFO: [ app_begin ] --END-- [ RunTime:0.000000s ]
SQL: SHOW COLUMNS FROM `aunet_news` [ RunTime:0.0020s ]
SQL: SELECT * FROM `aunet_news` ORDER BY time desc LIMIT 4   [ RunTime:0.0000s ]
INFO: [ view_parse ] --START--
INFO: [ template_filter ] --START--
INFO: Run Behavior\ContentReplaceBehavior [ RunTime:0.000000s ]
INFO: [ template_filter ] --END-- [ RunTime:0.001000s ]
NOTIC: [8] Undefined offset: 3 C:\xampp\htdocs\AUNET\App\Runtime\Cache\Home\00e52909bed743ea261af4b6823297ff.php 第 298 行.
NOTIC: [8] Undefined offset: 3 C:\xampp\htdocs\AUNET\App\Runtime\Cache\Home\00e52909bed743ea261af4b6823297ff.php 第 298 行.
NOTIC: [8] Undefined offset: 3 C:\xampp\htdocs\AUNET\App\Runtime\Cache\Home\00e52909bed743ea261af4b6823297ff.php 第 298 行.
NOTIC: [8] Undefined offset: 3 C:\xampp\htdocs\AUNET\App\Runtime\Cache\Home\00e52909bed743ea261af4b6823297ff.php 第 300 行.
INFO: Run Behavior\ParseTemplateBehavior [ RunTime:0.008000s ]
INFO: [ view_parse ] --END-- [ RunTime:0.008000s ]
INFO: [ view_filter ] --START--
INFO: Run Behavior\WriteHtmlCacheBehavior [ RunTime:0.001000s ]
INFO: [ view_filter ] --END-- [ RunTime:0.001000s ]
INFO: [ app_end ] --START--
INFO: Run Behavior\ShowPageTraceBehavior [ RunTime:0.001001s ]
INFO: [ app_end ] --END-- [ RunTime:0.001001s ]

[ 2015-04-25T00:15:48+08:00 ] 127.0.0.1 /AUNET/index.php/Home/Index/index.html
INFO: [ app_init ] --START--
INFO: Run Behavior\BuildLiteBehavior [ RunTime:0.000000s ]
INFO: [ app_init ] --END-- [ RunTime:0.000000s ]
INFO: [ app_begin ] --START--
INFO: Run Behavior\ReadHtmlCacheBehavior [ RunTime:0.000000s ]
INFO: [ app_begin ] --END-- [ RunTime:0.000000s ]
SQL: SHOW COLUMNS FROM `aunet_news` [ RunTime:0.0000s ]
SQL: SELECT * FROM `aunet_news` ORDER BY time desc LIMIT 4   [ RunTime:0.0000s ]
INFO: [ view_parse ] --START--
INFO: [ template_filter ] --START--
INFO: Run Behavior\ContentReplaceBehavior [ RunTime:0.001000s ]
INFO: [ template_filter ] --END-- [ RunTime:0.001000s ]
NOTIC: [8] Undefined offset: 3 C:\xampp\htdocs\AUNET\App\Runtime\Cache\Home\00e52909bed743ea261af4b6823297ff.php 第 298 行.
NOTIC: [8] Undefined offset: 3 C:\xampp\htdocs\AUNET\App\Runtime\Cache\Home\00e52909bed743ea261af4b6823297ff.php 第 298 行.
NOTIC: [8] Undefined offset: 3 C:\xampp\htdocs\AUNET\App\Runtime\Cache\Home\00e52909bed743ea261af4b6823297ff.php 第 298 行.
NOTIC: [8] Undefined offset: 3 C:\xampp\htdocs\AUNET\App\Runtime\Cache\Home\00e52909bed743ea261af4b6823297ff.php 第 300 行.
INFO: Run Behavior\ParseTemplateBehavior [ RunTime:0.017600s ]
INFO: [ view_parse ] --END-- [ RunTime:0.017600s ]
INFO: [ view_filter ] --START--
INFO: Run Behavior\WriteHtmlCacheBehavior [ RunTime:0.000000s ]
INFO: [ view_filter ] --END-- [ RunTime:0.000000s ]
INFO: [ app_end ] --START--
INFO: Run Behavior\ShowPageTraceBehavior [ RunTime:0.001000s ]
INFO: [ app_end ] --END-- [ RunTime:0.001000s ]

[ 2015-04-25T00:17:05+08:00 ] 127.0.0.1 /AUNET/index.php/Home/Index/index.html
INFO: [ app_init ] --START--
INFO: Run Behavior\BuildLiteBehavior [ RunTime:0.000000s ]
INFO: [ app_init ] --END-- [ RunTime:0.001001s ]
INFO: [ app_begin ] --START--
INFO: Run Behavior\ReadHtmlCacheBehavior [ RunTime:0.001000s ]
INFO: [ app_begin ] --END-- [ RunTime:0.001000s ]
SQL: SHOW COLUMNS FROM `aunet_news` [ RunTime:0.0020s ]
SQL: SELECT * FROM `aunet_news` ORDER BY time desc LIMIT 4   [ RunTime:0.0010s ]
INFO: [ view_parse ] --START--
INFO: [ template_filter ] --START--
INFO: Run Behavior\ContentReplaceBehavior [ RunTime:0.000000s ]
INFO: [ template_filter ] --END-- [ RunTime:0.000000s ]
NOTIC: [8] Undefined offset: 3 C:\xampp\htdocs\AUNET\App\Runtime\Cache\Home\00e52909bed743ea261af4b6823297ff.php 第 298 行.
NOTIC: [8] Undefined offset: 3 C:\xampp\htdocs\AUNET\App\Runtime\Cache\Home\00e52909bed743ea261af4b6823297ff.php 第 298 行.
NOTIC: [8] Undefined offset: 3 C:\xampp\htdocs\AUNET\App\Runtime\Cache\Home\00e52909bed743ea261af4b6823297ff.php 第 298 行.
NOTIC: [8] Undefined offset: 3 C:\xampp\htdocs\AUNET\App\Runtime\Cache\Home\00e52909bed743ea261af4b6823297ff.php 第 300 行.
INFO: Run Behavior\ParseTemplateBehavior [ RunTime:0.011001s ]
INFO: [ view_parse ] --END-- [ RunTime:0.011001s ]
INFO: [ view_filter ] --START--
INFO: Run Behavior\WriteHtmlCacheBehavior [ RunTime:0.001000s ]
INFO: [ view_filter ] --END-- [ RunTime:0.001000s ]
INFO: [ app_end ] --START--
INFO: Run Behavior\ShowPageTraceBehavior [ RunTime:0.005000s ]
INFO: [ app_end ] --END-- [ RunTime:0.005000s ]

[ 2015-04-25T00:17:06+08:00 ] 127.0.0.1 /AUNET/index.php/Home/Index/index.html
INFO: [ app_init ] --START--
INFO: Run Behavior\BuildLiteBehavior [ RunTime:0.000000s ]
INFO: [ app_init ] --END-- [ RunTime:0.000000s ]
INFO: [ app_begin ] --START--
INFO: Run Behavior\ReadHtmlCacheBehavior [ RunTime:0.002000s ]
INFO: [ app_begin ] --END-- [ RunTime:0.002000s ]
SQL: SHOW COLUMNS FROM `aunet_news` [ RunTime:0.0010s ]
SQL: SELECT * FROM `aunet_news` ORDER BY time desc LIMIT 4   [ RunTime:0.0010s ]
INFO: [ view_parse ] --START--
INFO: [ template_filter ] --START--
INFO: Run Behavior\ContentReplaceBehavior [ RunTime:0.000000s ]
INFO: [ template_filter ] --END-- [ RunTime:0.000000s ]
NOTIC: [8] Undefined offset: 3 C:\xampp\htdocs\AUNET\App\Runtime\Cache\Home\00e52909bed743ea261af4b6823297ff.php 第 298 行.
NOTIC: [8] Undefined offset: 3 C:\xampp\htdocs\AUNET\App\Runtime\Cache\Home\00e52909bed743ea261af4b6823297ff.php 第 298 行.
NOTIC: [8] Undefined offset: 3 C:\xampp\htdocs\AUNET\App\Runtime\Cache\Home\00e52909bed743ea261af4b6823297ff.php 第 298 行.
NOTIC: [8] Undefined offset: 3 C:\xampp\htdocs\AUNET\App\Runtime\Cache\Home\00e52909bed743ea261af4b6823297ff.php 第 300 行.
INFO: Run Behavior\ParseTemplateBehavior [ RunTime:0.007001s ]
INFO: [ view_parse ] --END-- [ RunTime:0.007001s ]
INFO: [ view_filter ] --START--
INFO: Run Behavior\WriteHtmlCacheBehavior [ RunTime:0.000000s ]
INFO: [ view_filter ] --END-- [ RunTime:0.000000s ]
INFO: [ app_end ] --START--
INFO: Run Behavior\ShowPageTraceBehavior [ RunTime:0.000000s ]
INFO: [ app_end ] --END-- [ RunTime:0.000000s ]

[ 2015-04-25T00:17:22+08:00 ] 127.0.0.1 /AUNET/index.php/Home/Index/index.html
INFO: [ app_init ] --START--
INFO: Run Behavior\BuildLiteBehavior [ RunTime:0.000000s ]
INFO: [ app_init ] --END-- [ RunTime:0.000000s ]
INFO: [ app_begin ] --START--
INFO: Run Behavior\ReadHtmlCacheBehavior [ RunTime:0.001000s ]
INFO: [ app_begin ] --END-- [ RunTime:0.001000s ]
SQL: SHOW COLUMNS FROM `aunet_news` [ RunTime:0.0030s ]
SQL: SELECT * FROM `aunet_news` ORDER BY time desc LIMIT 4   [ RunTime:0.0010s ]
INFO: [ view_parse ] --START--
INFO: [ template_filter ] --START--
INFO: Run Behavior\ContentReplaceBehavior [ RunTime:0.000000s ]
INFO: [ template_filter ] --END-- [ RunTime:0.000000s ]
NOTIC: [8] Undefined offset: 3 C:\xampp\htdocs\AUNET\App\Runtime\Cache\Home\00e52909bed743ea261af4b6823297ff.php 第 298 行.
NOTIC: [8] Undefined offset: 3 C:\xampp\htdocs\AUNET\App\Runtime\Cache\Home\00e52909bed743ea261af4b6823297ff.php 第 298 行.
NOTIC: [8] Undefined offset: 3 C:\xampp\htdocs\AUNET\App\Runtime\Cache\Home\00e52909bed743ea261af4b6823297ff.php 第 298 行.
NOTIC: [8] Undefined offset: 3 C:\xampp\htdocs\AUNET\App\Runtime\Cache\Home\00e52909bed743ea261af4b6823297ff.php 第 300 行.
INFO: Run Behavior\ParseTemplateBehavior [ RunTime:0.017001s ]
INFO: [ view_parse ] --END-- [ RunTime:0.017001s ]
INFO: [ view_filter ] --START--
INFO: Run Behavior\WriteHtmlCacheBehavior [ RunTime:0.001000s ]
INFO: [ view_filter ] --END-- [ RunTime:0.001000s ]
INFO: [ app_end ] --START--
INFO: Run Behavior\ShowPageTraceBehavior [ RunTime:0.001000s ]
INFO: [ app_end ] --END-- [ RunTime:0.001000s ]

[ 2015-04-25T00:17:28+08:00 ] 127.0.0.1 /AUNET/index.php/Home/Index/index.html
INFO: [ app_init ] --START--
INFO: Run Behavior\BuildLiteBehavior [ RunTime:0.000000s ]
INFO: [ app_init ] --END-- [ RunTime:0.000000s ]
INFO: [ app_begin ] --START--
INFO: Run Behavior\ReadHtmlCacheBehavior [ RunTime:0.000000s ]
INFO: [ app_begin ] --END-- [ RunTime:0.000000s ]
SQL: SHOW COLUMNS FROM `aunet_news` [ RunTime:0.0000s ]
SQL: SELECT * FROM `aunet_news` ORDER BY time desc LIMIT 4   [ RunTime:0.0000s ]
INFO: [ view_parse ] --START--
INFO: [ template_filter ] --START--
INFO: Run Behavior\ContentReplaceBehavior [ RunTime:0.000000s ]
INFO: [ template_filter ] --END-- [ RunTime:0.000000s ]
NOTIC: [8] Undefined offset: 3 C:\xampp\htdocs\AUNET\App\Runtime\Cache\Home\00e52909bed743ea261af4b6823297ff.php 第 298 行.
NOTIC: [8] Undefined offset: 3 C:\xampp\htdocs\AUNET\App\Runtime\Cache\Home\00e52909bed743ea261af4b6823297ff.php 第 298 行.
NOTIC: [8] Undefined offset: 3 C:\xampp\htdocs\AUNET\App\Runtime\Cache\Home\00e52909bed743ea261af4b6823297ff.php 第 298 行.
NOTIC: [8] Undefined offset: 3 C:\xampp\htdocs\AUNET\App\Runtime\Cache\Home\00e52909bed743ea261af4b6823297ff.php 第 300 行.
INFO: Run Behavior\ParseTemplateBehavior [ RunTime:0.019600s ]
INFO: [ view_parse ] --END-- [ RunTime:0.019600s ]
INFO: [ view_filter ] --START--
INFO: Run Behavior\WriteHtmlCacheBehavior [ RunTime:0.001000s ]
INFO: [ view_filter ] --END-- [ RunTime:0.002001s ]
INFO: [ app_end ] --START--
INFO: Run Behavior\ShowPageTraceBehavior [ RunTime:0.001000s ]
INFO: [ app_end ] --END-- [ RunTime:0.001000s ]

[ 2015-04-25T00:17:36+08:00 ] 127.0.0.1 /AUNET/index.php/Home/Index/index.html
INFO: [ app_init ] --START--
INFO: Run Behavior\BuildLiteBehavior [ RunTime:0.000000s ]
INFO: [ app_init ] --END-- [ RunTime:0.001000s ]
INFO: [ app_begin ] --START--
INFO: Run Behavior\ReadHtmlCacheBehavior [ RunTime:0.002000s ]
INFO: [ app_begin ] --END-- [ RunTime:0.002000s ]
SQL: SHOW COLUMNS FROM `aunet_news` [ RunTime:0.0040s ]
SQL: SELECT * FROM `aunet_news` ORDER BY time desc LIMIT 4   [ RunTime:0.0010s ]
INFO: [ view_parse ] --START--
INFO: [ template_filter ] --START--
INFO: Run Behavior\ContentReplaceBehavior [ RunTime:0.000000s ]
INFO: [ template_filter ] --END-- [ RunTime:0.000000s ]
NOTIC: [8] Undefined offset: 3 C:\xampp\htdocs\AUNET\App\Runtime\Cache\Home\00e52909bed743ea261af4b6823297ff.php 第 298 行.
NOTIC: [8] Undefined offset: 3 C:\xampp\htdocs\AUNET\App\Runtime\Cache\Home\00e52909bed743ea261af4b6823297ff.php 第 298 行.
NOTIC: [8] Undefined offset: 3 C:\xampp\htdocs\AUNET\App\Runtime\Cache\Home\00e52909bed743ea261af4b6823297ff.php 第 298 行.
NOTIC: [8] Undefined offset: 3 C:\xampp\htdocs\AUNET\App\Runtime\Cache\Home\00e52909bed743ea261af4b6823297ff.php 第 300 行.
INFO: Run Behavior\ParseTemplateBehavior [ RunTime:0.015001s ]
INFO: [ view_parse ] --END-- [ RunTime:0.015001s ]
INFO: [ view_filter ] --START--
INFO: Run Behavior\WriteHtmlCacheBehavior [ RunTime:0.002000s ]
INFO: [ view_filter ] --END-- [ RunTime:0.002000s ]
INFO: [ app_end ] --START--
INFO: Run Behavior\ShowPageTraceBehavior [ RunTime:0.001000s ]
INFO: [ app_end ] --END-- [ RunTime:0.001000s ]

[ 2015-04-25T00:22:32+08:00 ] 127.0.0.1 /AUNET/index.php/Home/Index/index.html
INFO: [ app_init ] --START--
INFO: Run Behavior\BuildLiteBehavior [ RunTime:0.000000s ]
INFO: [ app_init ] --END-- [ RunTime:0.000000s ]
INFO: [ app_begin ] --START--
INFO: Run Behavior\ReadHtmlCacheBehavior [ RunTime:0.000000s ]
INFO: [ app_begin ] --END-- [ RunTime:0.000000s ]
SQL: SHOW COLUMNS FROM `aunet_news` [ RunTime:0.0010s ]
SQL: SELECT * FROM `aunet_news` ORDER BY time desc LIMIT 4   [ RunTime:0.0000s ]
INFO: [ view_parse ] --START--
INFO: [ template_filter ] --START--
INFO: Run Behavior\ContentReplaceBehavior [ RunTime:0.000000s ]
INFO: [ template_filter ] --END-- [ RunTime:0.000000s ]
INFO: Run Behavior\ParseTemplateBehavior [ RunTime:0.014001s ]
INFO: [ view_parse ] --END-- [ RunTime:0.014001s ]
INFO: [ view_filter ] --START--
INFO: Run Behavior\WriteHtmlCacheBehavior [ RunTime:0.000000s ]
INFO: [ view_filter ] --END-- [ RunTime:0.000000s ]
INFO: [ app_end ] --START--
INFO: Run Behavior\ShowPageTraceBehavior [ RunTime:0.001000s ]
INFO: [ app_end ] --END-- [ RunTime:0.001000s ]

