[ 2015-04-26T16:18:10+08:00 ] 127.0.0.1 /AUNET/
INFO: [ app_init ] --START--
INFO: Run Behavior\BuildLiteBehavior [ RunTime:0.000000s ]
INFO: [ app_init ] --END-- [ RunTime:0.000000s ]
INFO: [ app_begin ] --START--
INFO: Run Behavior\ReadHtmlCacheBehavior [ RunTime:0.001000s ]
INFO: [ app_begin ] --END-- [ RunTime:0.001000s ]
SQL: SHOW COLUMNS FROM `aunet_news` [ RunTime:0.0150s ]
SQL: SELECT * FROM `aunet_news` ORDER BY time desc LIMIT 4   [ RunTime:0.0000s ]
INFO: [ view_parse ] --START--
INFO: [ template_filter ] --START--
INFO: Run Behavior\ContentReplaceBehavior [ RunTime:0.000000s ]
INFO: [ template_filter ] --END-- [ RunTime:0.000000s ]
NOTIC: [8] Undefined offset: 1 C:\xampp\htdocs\AUNET\App\Runtime\Cache\Home\00e52909bed743ea261af4b6823297ff.php 第 278 行.
NOTIC: [8] Undefined offset: 1 C:\xampp\htdocs\AUNET\App\Runtime\Cache\Home\00e52909bed743ea261af4b6823297ff.php 第 278 行.
NOTIC: [8] Undefined offset: 1 C:\xampp\htdocs\AUNET\App\Runtime\Cache\Home\00e52909bed743ea261af4b6823297ff.php 第 278 行.
NOTIC: [8] Undefined offset: 1 C:\xampp\htdocs\AUNET\App\Runtime\Cache\Home\00e52909bed743ea261af4b6823297ff.php 第 279 行.
NOTIC: [8] Undefined offset: 2 C:\xampp\htdocs\AUNET\App\Runtime\Cache\Home\00e52909bed743ea261af4b6823297ff.php 第 292 行.
NOTIC: [8] Undefined offset: 2 C:\xampp\htdocs\AUNET\App\Runtime\Cache\Home\00e52909bed743ea261af4b6823297ff.php 第 292 行.
NOTIC: [8] Undefined offset: 2 C:\xampp\htdocs\AUNET\App\Runtime\Cache\Home\00e52909bed743ea261af4b6823297ff.php 第 292 行.
NOTIC: [8] Undefined offset: 2 C:\xampp\htdocs\AUNET\App\Runtime\Cache\Home\00e52909bed743ea261af4b6823297ff.php 第 293 行.
NOTIC: [8] Undefined offset: 3 C:\xampp\htdocs\AUNET\App\Runtime\Cache\Home\00e52909bed743ea261af4b6823297ff.php 第 302 行.
NOTIC: [8] Undefined offset: 3 C:\xampp\htdocs\AUNET\App\Runtime\Cache\Home\00e52909bed743ea261af4b6823297ff.php 第 302 行.
NOTIC: [8] Undefined offset: 3 C:\xampp\htdocs\AUNET\App\Runtime\Cache\Home\00e52909bed743ea261af4b6823297ff.php 第 302 行.
NOTIC: [8] Undefined offset: 3 C:\xampp\htdocs\AUNET\App\Runtime\Cache\Home\00e52909bed743ea261af4b6823297ff.php 第 303 行.
INFO: Run Behavior\ParseTemplateBehavior [ RunTime:0.008000s ]
INFO: [ view_parse ] --END-- [ RunTime:0.008000s ]
INFO: [ view_filter ] --START--
INFO: Run Behavior\WriteHtmlCacheBehavior [ RunTime:0.000000s ]
INFO: [ view_filter ] --END-- [ RunTime:0.000000s ]
INFO: [ app_end ] --START--
INFO: Run Behavior\ShowPageTraceBehavior [ RunTime:0.000000s ]
INFO: [ app_end ] --END-- [ RunTime:0.000000s ]

[ 2015-04-26T16:18:15+08:00 ] 127.0.0.1 /AUNET/index.php/Home/News/index.html
INFO: [ app_init ] --START--
INFO: Run Behavior\BuildLiteBehavior [ RunTime:0.000000s ]
INFO: [ app_init ] --END-- [ RunTime:0.000000s ]
INFO: [ app_begin ] --START--
INFO: Run Behavior\ReadHtmlCacheBehavior [ RunTime:0.000000s ]
INFO: [ app_begin ] --END-- [ RunTime:0.000000s ]
SQL: SHOW COLUMNS FROM `aunet_news` [ RunTime:0.0550s ]
SQL: SELECT COUNT(*) AS tp_count FROM `aunet_news` LIMIT 1   [ RunTime:0.0010s ]
SQL: SELECT * FROM `aunet_news` ORDER BY time desc LIMIT 0,3   [ RunTime:0.0000s ]
INFO: [ view_parse ] --START--
INFO: [ template_filter ] --START--
INFO: Run Behavior\ContentReplaceBehavior [ RunTime:0.000000s ]
INFO: [ template_filter ] --END-- [ RunTime:0.001000s ]
NOTIC: [8] Undefined offset: 1 C:\xampp\htdocs\AUNET\App\Runtime\Cache\Home\e050d5619624146a648edb153a9a4fd8.php 第 287 行.
NOTIC: [8] Undefined offset: 1 C:\xampp\htdocs\AUNET\App\Runtime\Cache\Home\e050d5619624146a648edb153a9a4fd8.php 第 290 行.
NOTIC: [8] Undefined offset: 1 C:\xampp\htdocs\AUNET\App\Runtime\Cache\Home\e050d5619624146a648edb153a9a4fd8.php 第 293 行.
NOTIC: [8] Undefined offset: 1 C:\xampp\htdocs\AUNET\App\Runtime\Cache\Home\e050d5619624146a648edb153a9a4fd8.php 第 293 行.
NOTIC: [8] Undefined offset: 1 C:\xampp\htdocs\AUNET\App\Runtime\Cache\Home\e050d5619624146a648edb153a9a4fd8.php 第 294 行.
NOTIC: [8] Undefined offset: 1 C:\xampp\htdocs\AUNET\App\Runtime\Cache\Home\e050d5619624146a648edb153a9a4fd8.php 第 294 行.
NOTIC: [8] Undefined offset: 1 C:\xampp\htdocs\AUNET\App\Runtime\Cache\Home\e050d5619624146a648edb153a9a4fd8.php 第 298 行.
NOTIC: [8] Undefined offset: 2 C:\xampp\htdocs\AUNET\App\Runtime\Cache\Home\e050d5619624146a648edb153a9a4fd8.php 第 287 行.
NOTIC: [8] Undefined offset: 2 C:\xampp\htdocs\AUNET\App\Runtime\Cache\Home\e050d5619624146a648edb153a9a4fd8.php 第 290 行.
NOTIC: [8] Undefined offset: 2 C:\xampp\htdocs\AUNET\App\Runtime\Cache\Home\e050d5619624146a648edb153a9a4fd8.php 第 293 行.
NOTIC: [8] Undefined offset: 2 C:\xampp\htdocs\AUNET\App\Runtime\Cache\Home\e050d5619624146a648edb153a9a4fd8.php 第 293 行.
NOTIC: [8] Undefined offset: 2 C:\xampp\htdocs\AUNET\App\Runtime\Cache\Home\e050d5619624146a648edb153a9a4fd8.php 第 294 行.
NOTIC: [8] Undefined offset: 2 C:\xampp\htdocs\AUNET\App\Runtime\Cache\Home\e050d5619624146a648edb153a9a4fd8.php 第 294 行.
NOTIC: [8] Undefined offset: 2 C:\xampp\htdocs\AUNET\App\Runtime\Cache\Home\e050d5619624146a648edb153a9a4fd8.php 第 298 行.
INFO: Run Behavior\ParseTemplateBehavior [ RunTime:0.028001s ]
INFO: [ view_parse ] --END-- [ RunTime:0.028001s ]
INFO: [ view_filter ] --START--
INFO: Run Behavior\WriteHtmlCacheBehavior [ RunTime:0.001000s ]
INFO: [ view_filter ] --END-- [ RunTime:0.001000s ]
INFO: [ app_end ] --START--
INFO: Run Behavior\ShowPageTraceBehavior [ RunTime:0.002000s ]
INFO: [ app_end ] --END-- [ RunTime:0.003000s ]

[ 2015-04-26T16:18:17+08:00 ] 127.0.0.1 /AUNET/index.php/Home/Activity/Index.html
INFO: [ app_init ] --START--
INFO: Run Behavior\BuildLiteBehavior [ RunTime:0.000000s ]
INFO: [ app_init ] --END-- [ RunTime:0.000000s ]
INFO: [ app_begin ] --START--
INFO: Run Behavior\ReadHtmlCacheBehavior [ RunTime:0.000000s ]
INFO: [ app_begin ] --END-- [ RunTime:0.002500s ]
SQL: SHOW COLUMNS FROM `aunet_forecast` [ RunTime:0.0745s ]
SQL: SELECT * FROM `aunet_forecast` ORDER BY time desc  [ RunTime:0.0000s ]
INFO: [ view_parse ] --START--
INFO: [ template_filter ] --START--
INFO: Run Behavior\ContentReplaceBehavior [ RunTime:0.000000s ]
INFO: [ template_filter ] --END-- [ RunTime:0.000000s ]
INFO: Run Behavior\ParseTemplateBehavior [ RunTime:0.008000s ]
INFO: [ view_parse ] --END-- [ RunTime:0.008000s ]
INFO: [ view_filter ] --START--
INFO: Run Behavior\WriteHtmlCacheBehavior [ RunTime:0.001000s ]
INFO: [ view_filter ] --END-- [ RunTime:0.001000s ]
INFO: [ app_end ] --START--
INFO: Run Behavior\ShowPageTraceBehavior [ RunTime:0.000000s ]
INFO: [ app_end ] --END-- [ RunTime:0.000000s ]

[ 2015-04-26T16:18:19+08:00 ] 127.0.0.1 /AUNET/index.php/Home/BroadCast/Index.html
INFO: [ app_init ] --START--
INFO: Run Behavior\BuildLiteBehavior [ RunTime:0.000000s ]
INFO: [ app_init ] --END-- [ RunTime:0.002500s ]
INFO: [ app_begin ] --START--
INFO: Run Behavior\ReadHtmlCacheBehavior [ RunTime:0.000000s ]
INFO: [ app_begin ] --END-- [ RunTime:0.000000s ]
SQL: SHOW COLUMNS FROM `aunet_announce` [ RunTime:0.0800s ]
SQL: SELECT * FROM `aunet_announce` ORDER BY time desc  [ RunTime:0.0010s ]
INFO: [ view_parse ] --START--
INFO: [ template_filter ] --START--
INFO: Run Behavior\ContentReplaceBehavior [ RunTime:0.001000s ]
INFO: [ template_filter ] --END-- [ RunTime:0.001000s ]
INFO: Run Behavior\ParseTemplateBehavior [ RunTime:0.013500s ]
INFO: [ view_parse ] --END-- [ RunTime:0.013500s ]
INFO: [ view_filter ] --START--
INFO: Run Behavior\WriteHtmlCacheBehavior [ RunTime:0.001001s ]
INFO: [ view_filter ] --END-- [ RunTime:0.001001s ]
INFO: [ app_end ] --START--
INFO: Run Behavior\ShowPageTraceBehavior [ RunTime:0.001000s ]
INFO: [ app_end ] --END-- [ RunTime:0.001000s ]

[ 2015-04-26T16:18:21+08:00 ] 127.0.0.1 /AUNET/index.php/Home/News/Index.html
INFO: [ app_init ] --START--
INFO: Run Behavior\BuildLiteBehavior [ RunTime:0.000000s ]
INFO: [ app_init ] --END-- [ RunTime:0.001000s ]
INFO: [ app_begin ] --START--
INFO: Run Behavior\ReadHtmlCacheBehavior [ RunTime:0.000000s ]
INFO: [ app_begin ] --END-- [ RunTime:0.000000s ]
SQL: SHOW COLUMNS FROM `aunet_news` [ RunTime:0.0030s ]
SQL: SELECT COUNT(*) AS tp_count FROM `aunet_news` LIMIT 1   [ RunTime:0.0010s ]
SQL: SELECT * FROM `aunet_news` ORDER BY time desc LIMIT 0,3   [ RunTime:0.0000s ]
INFO: [ view_parse ] --START--
INFO: [ template_filter ] --START--
INFO: Run Behavior\ContentReplaceBehavior [ RunTime:0.001000s ]
INFO: [ template_filter ] --END-- [ RunTime:0.001000s ]
NOTIC: [8] Undefined offset: 1 C:\xampp\htdocs\AUNET\App\Runtime\Cache\Home\019cf4c3d92b7a47682974fe4251cef4.php 第 287 行.
NOTIC: [8] Undefined offset: 1 C:\xampp\htdocs\AUNET\App\Runtime\Cache\Home\019cf4c3d92b7a47682974fe4251cef4.php 第 290 行.
NOTIC: [8] Undefined offset: 1 C:\xampp\htdocs\AUNET\App\Runtime\Cache\Home\019cf4c3d92b7a47682974fe4251cef4.php 第 293 行.
NOTIC: [8] Undefined offset: 1 C:\xampp\htdocs\AUNET\App\Runtime\Cache\Home\019cf4c3d92b7a47682974fe4251cef4.php 第 293 行.
NOTIC: [8] Undefined offset: 1 C:\xampp\htdocs\AUNET\App\Runtime\Cache\Home\019cf4c3d92b7a47682974fe4251cef4.php 第 294 行.
NOTIC: [8] Undefined offset: 1 C:\xampp\htdocs\AUNET\App\Runtime\Cache\Home\019cf4c3d92b7a47682974fe4251cef4.php 第 294 行.
NOTIC: [8] Undefined offset: 1 C:\xampp\htdocs\AUNET\App\Runtime\Cache\Home\019cf4c3d92b7a47682974fe4251cef4.php 第 298 行.
NOTIC: [8] Undefined offset: 2 C:\xampp\htdocs\AUNET\App\Runtime\Cache\Home\019cf4c3d92b7a47682974fe4251cef4.php 第 287 行.
NOTIC: [8] Undefined offset: 2 C:\xampp\htdocs\AUNET\App\Runtime\Cache\Home\019cf4c3d92b7a47682974fe4251cef4.php 第 290 行.
NOTIC: [8] Undefined offset: 2 C:\xampp\htdocs\AUNET\App\Runtime\Cache\Home\019cf4c3d92b7a47682974fe4251cef4.php 第 293 行.
NOTIC: [8] Undefined offset: 2 C:\xampp\htdocs\AUNET\App\Runtime\Cache\Home\019cf4c3d92b7a47682974fe4251cef4.php 第 293 行.
NOTIC: [8] Undefined offset: 2 C:\xampp\htdocs\AUNET\App\Runtime\Cache\Home\019cf4c3d92b7a47682974fe4251cef4.php 第 294 行.
NOTIC: [8] Undefined offset: 2 C:\xampp\htdocs\AUNET\App\Runtime\Cache\Home\019cf4c3d92b7a47682974fe4251cef4.php 第 294 行.
NOTIC: [8] Undefined offset: 2 C:\xampp\htdocs\AUNET\App\Runtime\Cache\Home\019cf4c3d92b7a47682974fe4251cef4.php 第 298 行.
INFO: Run Behavior\ParseTemplateBehavior [ RunTime:0.008000s ]
INFO: [ view_parse ] --END-- [ RunTime:0.008000s ]
INFO: [ view_filter ] --START--
INFO: Run Behavior\WriteHtmlCacheBehavior [ RunTime:0.001000s ]
INFO: [ view_filter ] --END-- [ RunTime:0.001000s ]
INFO: [ app_end ] --START--
INFO: Run Behavior\ShowPageTraceBehavior [ RunTime:0.001000s ]
INFO: [ app_end ] --END-- [ RunTime:0.002000s ]

[ 2015-04-26T16:18:22+08:00 ] 127.0.0.1 /AUNET/index.php/Home/BroadCast/Index.html
INFO: [ app_init ] --START--
INFO: Run Behavior\BuildLiteBehavior [ RunTime:0.000000s ]
INFO: [ app_init ] --END-- [ RunTime:0.002500s ]
INFO: [ app_begin ] --START--
INFO: Run Behavior\ReadHtmlCacheBehavior [ RunTime:0.002500s ]
INFO: [ app_begin ] --END-- [ RunTime:0.002500s ]
SQL: SHOW COLUMNS FROM `aunet_announce` [ RunTime:0.0025s ]
SQL: SELECT * FROM `aunet_announce` ORDER BY time desc  [ RunTime:0.0000s ]
INFO: [ view_parse ] --START--
INFO: [ template_filter ] --START--
INFO: Run Behavior\ContentReplaceBehavior [ RunTime:0.000000s ]
INFO: [ template_filter ] --END-- [ RunTime:0.000000s ]
INFO: Run Behavior\ParseTemplateBehavior [ RunTime:0.011501s ]
INFO: [ view_parse ] --END-- [ RunTime:0.011501s ]
INFO: [ view_filter ] --START--
INFO: Run Behavior\WriteHtmlCacheBehavior [ RunTime:0.000000s ]
INFO: [ view_filter ] --END-- [ RunTime:0.000000s ]
INFO: [ app_end ] --START--
INFO: Run Behavior\ShowPageTraceBehavior [ RunTime:0.001000s ]
INFO: [ app_end ] --END-- [ RunTime:0.001000s ]

[ 2015-04-26T16:18:22+08:00 ] 127.0.0.1 /AUNET/index.php/Home/Activity/Index.html
INFO: [ app_init ] --START--
INFO: Run Behavior\BuildLiteBehavior [ RunTime:0.000000s ]
INFO: [ app_init ] --END-- [ RunTime:0.001000s ]
INFO: [ app_begin ] --START--
INFO: Run Behavior\ReadHtmlCacheBehavior [ RunTime:0.001000s ]
INFO: [ app_begin ] --END-- [ RunTime:0.001000s ]
SQL: SHOW COLUMNS FROM `aunet_forecast` [ RunTime:0.0030s ]
SQL: SELECT * FROM `aunet_forecast` ORDER BY time desc  [ RunTime:0.0010s ]
INFO: [ view_parse ] --START--
INFO: [ template_filter ] --START--
INFO: Run Behavior\ContentReplaceBehavior [ RunTime:0.000000s ]
INFO: [ template_filter ] --END-- [ RunTime:0.000000s ]
INFO: Run Behavior\ParseTemplateBehavior [ RunTime:0.009000s ]
INFO: [ view_parse ] --END-- [ RunTime:0.009000s ]
INFO: [ view_filter ] --START--
INFO: Run Behavior\WriteHtmlCacheBehavior [ RunTime:0.000000s ]
INFO: [ view_filter ] --END-- [ RunTime:0.000000s ]
INFO: [ app_end ] --START--
INFO: Run Behavior\ShowPageTraceBehavior [ RunTime:0.001000s ]
INFO: [ app_end ] --END-- [ RunTime:0.001000s ]

[ 2015-04-26T16:18:29+08:00 ] 127.0.0.1 /AUNET/index.php/Home/Index/index.html
INFO: [ app_init ] --START--
INFO: Run Behavior\BuildLiteBehavior [ RunTime:0.000000s ]
INFO: [ app_init ] --END-- [ RunTime:0.000000s ]
INFO: [ app_begin ] --START--
INFO: Run Behavior\ReadHtmlCacheBehavior [ RunTime:0.002500s ]
INFO: [ app_begin ] --END-- [ RunTime:0.002500s ]
SQL: SHOW COLUMNS FROM `aunet_news` [ RunTime:0.0025s ]
SQL: SELECT * FROM `aunet_news` ORDER BY time desc LIMIT 4   [ RunTime:0.0025s ]
INFO: [ view_parse ] --START--
INFO: [ template_filter ] --START--
INFO: Run Behavior\ContentReplaceBehavior [ RunTime:0.000000s ]
INFO: [ template_filter ] --END-- [ RunTime:0.002500s ]
NOTIC: [8] Undefined offset: 1 C:\xampp\htdocs\AUNET\App\Runtime\Cache\Home\00e52909bed743ea261af4b6823297ff.php 第 278 行.
NOTIC: [8] Undefined offset: 1 C:\xampp\htdocs\AUNET\App\Runtime\Cache\Home\00e52909bed743ea261af4b6823297ff.php 第 278 行.
NOTIC: [8] Undefined offset: 1 C:\xampp\htdocs\AUNET\App\Runtime\Cache\Home\00e52909bed743ea261af4b6823297ff.php 第 278 行.
NOTIC: [8] Undefined offset: 1 C:\xampp\htdocs\AUNET\App\Runtime\Cache\Home\00e52909bed743ea261af4b6823297ff.php 第 279 行.
NOTIC: [8] Undefined offset: 2 C:\xampp\htdocs\AUNET\App\Runtime\Cache\Home\00e52909bed743ea261af4b6823297ff.php 第 292 行.
NOTIC: [8] Undefined offset: 2 C:\xampp\htdocs\AUNET\App\Runtime\Cache\Home\00e52909bed743ea261af4b6823297ff.php 第 292 行.
NOTIC: [8] Undefined offset: 2 C:\xampp\htdocs\AUNET\App\Runtime\Cache\Home\00e52909bed743ea261af4b6823297ff.php 第 292 行.
NOTIC: [8] Undefined offset: 2 C:\xampp\htdocs\AUNET\App\Runtime\Cache\Home\00e52909bed743ea261af4b6823297ff.php 第 293 行.
NOTIC: [8] Undefined offset: 3 C:\xampp\htdocs\AUNET\App\Runtime\Cache\Home\00e52909bed743ea261af4b6823297ff.php 第 302 行.
NOTIC: [8] Undefined offset: 3 C:\xampp\htdocs\AUNET\App\Runtime\Cache\Home\00e52909bed743ea261af4b6823297ff.php 第 302 行.
NOTIC: [8] Undefined offset: 3 C:\xampp\htdocs\AUNET\App\Runtime\Cache\Home\00e52909bed743ea261af4b6823297ff.php 第 302 行.
NOTIC: [8] Undefined offset: 3 C:\xampp\htdocs\AUNET\App\Runtime\Cache\Home\00e52909bed743ea261af4b6823297ff.php 第 303 行.
INFO: Run Behavior\ParseTemplateBehavior [ RunTime:0.015000s ]
INFO: [ view_parse ] --END-- [ RunTime:0.015000s ]
INFO: [ view_filter ] --START--
INFO: Run Behavior\WriteHtmlCacheBehavior [ RunTime:0.001000s ]
INFO: [ view_filter ] --END-- [ RunTime:0.001000s ]
INFO: [ app_end ] --START--
INFO: Run Behavior\ShowPageTraceBehavior [ RunTime:0.001000s ]
INFO: [ app_end ] --END-- [ RunTime:0.001000s ]

[ 2015-04-26T16:18:37+08:00 ] 127.0.0.1 /AUNET/index.php/Home/AU/index.html
INFO: [ app_init ] --START--
INFO: Run Behavior\BuildLiteBehavior [ RunTime:0.000000s ]
INFO: [ app_init ] --END-- [ RunTime:0.000000s ]
INFO: [ app_begin ] --START--
INFO: Run Behavior\ReadHtmlCacheBehavior [ RunTime:0.001000s ]
INFO: [ app_begin ] --END-- [ RunTime:0.001000s ]
INFO: [ view_parse ] --START--
INFO: [ template_filter ] --START--
INFO: Run Behavior\ContentReplaceBehavior [ RunTime:0.000000s ]
INFO: [ template_filter ] --END-- [ RunTime:0.000000s ]
INFO: Run Behavior\ParseTemplateBehavior [ RunTime:0.013000s ]
INFO: [ view_parse ] --END-- [ RunTime:0.013000s ]
INFO: [ view_filter ] --START--
INFO: Run Behavior\WriteHtmlCacheBehavior [ RunTime:0.000000s ]
INFO: [ view_filter ] --END-- [ RunTime:0.001000s ]
INFO: [ app_end ] --START--
INFO: Run Behavior\ShowPageTraceBehavior [ RunTime:0.000000s ]
INFO: [ app_end ] --END-- [ RunTime:0.000000s ]

[ 2015-04-26T16:18:49+08:00 ] 127.0.0.1 /AUNET/index.php/Home/AU/department.html
INFO: [ app_init ] --START--
INFO: Run Behavior\BuildLiteBehavior [ RunTime:0.000000s ]
INFO: [ app_init ] --END-- [ RunTime:0.000000s ]
INFO: [ app_begin ] --START--
INFO: Run Behavior\ReadHtmlCacheBehavior [ RunTime:0.002500s ]
INFO: [ app_begin ] --END-- [ RunTime:0.002500s ]
INFO: [ view_parse ] --START--
INFO: [ template_filter ] --START--
INFO: Run Behavior\ContentReplaceBehavior [ RunTime:0.000000s ]
INFO: [ template_filter ] --END-- [ RunTime:0.000000s ]
INFO: Run Behavior\ParseTemplateBehavior [ RunTime:0.012500s ]
INFO: [ view_parse ] --END-- [ RunTime:0.012500s ]
INFO: [ view_filter ] --START--
INFO: Run Behavior\WriteHtmlCacheBehavior [ RunTime:0.000000s ]
INFO: [ view_filter ] --END-- [ RunTime:0.000000s ]
INFO: [ app_end ] --START--
INFO: Run Behavior\ShowPageTraceBehavior [ RunTime:0.002500s ]
INFO: [ app_end ] --END-- [ RunTime:0.002500s ]

[ 2015-04-26T16:18:51+08:00 ] 127.0.0.1 /AUNET/index.php/Home/Department/caiwu.html
INFO: [ app_init ] --START--
INFO: Run Behavior\BuildLiteBehavior [ RunTime:0.000000s ]
INFO: [ app_init ] --END-- [ RunTime:0.000000s ]
INFO: [ app_begin ] --START--
INFO: Run Behavior\ReadHtmlCacheBehavior [ RunTime:0.000000s ]
INFO: [ app_begin ] --END-- [ RunTime:0.000000s ]
INFO: [ view_parse ] --START--
INFO: [ template_filter ] --START--
INFO: Run Behavior\ContentReplaceBehavior [ RunTime:0.000000s ]
INFO: [ template_filter ] --END-- [ RunTime:0.000000s ]
INFO: Run Behavior\ParseTemplateBehavior [ RunTime:0.007501s ]
INFO: [ view_parse ] --END-- [ RunTime:0.007501s ]
INFO: [ view_filter ] --START--
INFO: Run Behavior\WriteHtmlCacheBehavior [ RunTime:0.002500s ]
INFO: [ view_filter ] --END-- [ RunTime:0.002500s ]
INFO: [ app_end ] --START--
INFO: Run Behavior\ShowPageTraceBehavior [ RunTime:0.000000s ]
INFO: [ app_end ] --END-- [ RunTime:0.000000s ]

[ 2015-04-26T16:18:51+08:00 ] 127.0.0.1 /AUNET/index.php/Home/Department/js/jquery.js
INFO: [ app_init ] --START--
INFO: Run Behavior\BuildLiteBehavior [ RunTime:0.000000s ]
INFO: [ app_init ] --END-- [ RunTime:0.001000s ]
INFO: [ app_begin ] --START--
INFO: Run Behavior\ReadHtmlCacheBehavior [ RunTime:0.001000s ]
INFO: [ app_begin ] --END-- [ RunTime:0.001000s ]
ERR: 非法操作:js

[ 2015-04-26T16:18:53+08:00 ] 127.0.0.1 /AUNET/index.php/Home/AU/department.html
INFO: [ app_init ] --START--
INFO: Run Behavior\BuildLiteBehavior [ RunTime:0.002500s ]
INFO: [ app_init ] --END-- [ RunTime:0.002500s ]
INFO: [ app_begin ] --START--
INFO: Run Behavior\ReadHtmlCacheBehavior [ RunTime:0.002500s ]
INFO: [ app_begin ] --END-- [ RunTime:0.002500s ]
INFO: [ view_parse ] --START--
INFO: [ template_filter ] --START--
INFO: Run Behavior\ContentReplaceBehavior [ RunTime:0.002500s ]
INFO: [ template_filter ] --END-- [ RunTime:0.002500s ]
INFO: Run Behavior\ParseTemplateBehavior [ RunTime:0.017501s ]
INFO: [ view_parse ] --END-- [ RunTime:0.017501s ]
INFO: [ view_filter ] --START--
INFO: Run Behavior\WriteHtmlCacheBehavior [ RunTime:0.000000s ]
INFO: [ view_filter ] --END-- [ RunTime:0.000000s ]
INFO: [ app_end ] --START--
INFO: Run Behavior\ShowPageTraceBehavior [ RunTime:0.002500s ]
INFO: [ app_end ] --END-- [ RunTime:0.002500s ]

[ 2015-04-26T16:18:54+08:00 ] 127.0.0.1 /AUNET/index.php/Home/Department/sicun.html
INFO: [ app_init ] --START--
INFO: Run Behavior\BuildLiteBehavior [ RunTime:0.000000s ]
INFO: [ app_init ] --END-- [ RunTime:0.002500s ]
INFO: [ app_begin ] --START--
INFO: Run Behavior\ReadHtmlCacheBehavior [ RunTime:0.002500s ]
INFO: [ app_begin ] --END-- [ RunTime:0.002500s ]
INFO: [ view_parse ] --START--
INFO: [ template_filter ] --START--
INFO: Run Behavior\ContentReplaceBehavior [ RunTime:0.000000s ]
INFO: [ template_filter ] --END-- [ RunTime:0.000000s ]
INFO: Run Behavior\ParseTemplateBehavior [ RunTime:0.010001s ]
INFO: [ view_parse ] --END-- [ RunTime:0.010001s ]
INFO: [ view_filter ] --START--
INFO: Run Behavior\WriteHtmlCacheBehavior [ RunTime:0.000000s ]
INFO: [ view_filter ] --END-- [ RunTime:0.000000s ]
INFO: [ app_end ] --START--
INFO: Run Behavior\ShowPageTraceBehavior [ RunTime:0.002500s ]
INFO: [ app_end ] --END-- [ RunTime:0.002500s ]

[ 2015-04-26T16:18:54+08:00 ] 127.0.0.1 /AUNET/index.php/Home/Department/js/jquery.js
INFO: [ app_init ] --START--
INFO: Run Behavior\BuildLiteBehavior [ RunTime:0.000000s ]
INFO: [ app_init ] --END-- [ RunTime:0.000000s ]
INFO: [ app_begin ] --START--
INFO: Run Behavior\ReadHtmlCacheBehavior [ RunTime:0.000000s ]
INFO: [ app_begin ] --END-- [ RunTime:0.000000s ]
ERR: 非法操作:js

[ 2015-04-26T16:18:59+08:00 ] 127.0.0.1 /AUNET/index.php/Home/AU/regulation.html
INFO: [ app_init ] --START--
INFO: Run Behavior\BuildLiteBehavior [ RunTime:0.000000s ]
INFO: [ app_init ] --END-- [ RunTime:0.001001s ]
INFO: [ app_begin ] --START--
INFO: Run Behavior\ReadHtmlCacheBehavior [ RunTime:0.001000s ]
INFO: [ app_begin ] --END-- [ RunTime:0.001000s ]
INFO: [ view_parse ] --START--
INFO: [ template_filter ] --START--
INFO: Run Behavior\ContentReplaceBehavior [ RunTime:0.001000s ]
INFO: [ template_filter ] --END-- [ RunTime:0.001000s ]
INFO: Run Behavior\ParseTemplateBehavior [ RunTime:0.016501s ]
INFO: [ view_parse ] --END-- [ RunTime:0.016501s ]
INFO: [ view_filter ] --START--
INFO: Run Behavior\WriteHtmlCacheBehavior [ RunTime:0.001000s ]
INFO: [ view_filter ] --END-- [ RunTime:0.001000s ]
INFO: [ app_end ] --START--
INFO: Run Behavior\ShowPageTraceBehavior [ RunTime:0.004500s ]
INFO: [ app_end ] --END-- [ RunTime:0.005500s ]

[ 2015-04-26T16:19:00+08:00 ] 127.0.0.1 /AUNET/index.php/Home/AU/index.html
INFO: [ app_init ] --START--
INFO: Run Behavior\BuildLiteBehavior [ RunTime:0.000000s ]
INFO: [ app_init ] --END-- [ RunTime:0.000000s ]
INFO: [ app_begin ] --START--
INFO: Run Behavior\ReadHtmlCacheBehavior [ RunTime:0.000000s ]
INFO: [ app_begin ] --END-- [ RunTime:0.000000s ]
INFO: [ view_parse ] --START--
INFO: [ template_filter ] --START--
INFO: Run Behavior\ContentReplaceBehavior [ RunTime:0.000000s ]
INFO: [ template_filter ] --END-- [ RunTime:0.000000s ]
INFO: Run Behavior\ParseTemplateBehavior [ RunTime:0.015000s ]
INFO: [ view_parse ] --END-- [ RunTime:0.015000s ]
INFO: [ view_filter ] --START--
INFO: Run Behavior\WriteHtmlCacheBehavior [ RunTime:0.002500s ]
INFO: [ view_filter ] --END-- [ RunTime:0.002500s ]
INFO: [ app_end ] --START--
INFO: Run Behavior\ShowPageTraceBehavior [ RunTime:0.000000s ]
INFO: [ app_end ] --END-- [ RunTime:0.000000s ]

[ 2015-04-26T16:19:03+08:00 ] 127.0.0.1 /AUNET/index.php/Home/Other/advice.html
INFO: [ app_init ] --START--
INFO: Run Behavior\BuildLiteBehavior [ RunTime:0.000000s ]
INFO: [ app_init ] --END-- [ RunTime:0.000000s ]
INFO: [ app_begin ] --START--
INFO: Run Behavior\ReadHtmlCacheBehavior [ RunTime:0.000000s ]
INFO: [ app_begin ] --END-- [ RunTime:0.000000s ]
INFO: [ view_parse ] --START--
INFO: [ template_filter ] --START--
INFO: Run Behavior\ContentReplaceBehavior [ RunTime:0.000000s ]
INFO: [ template_filter ] --END-- [ RunTime:0.000000s ]
INFO: Run Behavior\ParseTemplateBehavior [ RunTime:0.025000s ]
INFO: [ view_parse ] --END-- [ RunTime:0.025000s ]
INFO: [ view_filter ] --START--
INFO: Run Behavior\WriteHtmlCacheBehavior [ RunTime:0.000000s ]
INFO: [ view_filter ] --END-- [ RunTime:0.000000s ]
INFO: [ app_end ] --START--
INFO: Run Behavior\ShowPageTraceBehavior [ RunTime:0.000000s ]
INFO: [ app_end ] --END-- [ RunTime:0.002500s ]

[ 2015-04-26T16:19:06+08:00 ] 127.0.0.1 /AUNET/index.php/Home/Other/contact.html
INFO: [ app_init ] --START--
INFO: Run Behavior\BuildLiteBehavior [ RunTime:0.002500s ]
INFO: [ app_init ] --END-- [ RunTime:0.002500s ]
INFO: [ app_begin ] --START--
INFO: Run Behavior\ReadHtmlCacheBehavior [ RunTime:0.000000s ]
INFO: [ app_begin ] --END-- [ RunTime:0.000000s ]
INFO: [ view_parse ] --START--
INFO: [ template_filter ] --START--
INFO: Run Behavior\ContentReplaceBehavior [ RunTime:0.002500s ]
INFO: [ template_filter ] --END-- [ RunTime:0.002500s ]
INFO: Run Behavior\ParseTemplateBehavior [ RunTime:0.010000s ]
INFO: [ view_parse ] --END-- [ RunTime:0.012500s ]
INFO: [ view_filter ] --START--
INFO: Run Behavior\WriteHtmlCacheBehavior [ RunTime:0.000000s ]
INFO: [ view_filter ] --END-- [ RunTime:0.000000s ]
INFO: [ app_end ] --START--
INFO: Run Behavior\ShowPageTraceBehavior [ RunTime:0.002500s ]
INFO: [ app_end ] --END-- [ RunTime:0.002500s ]

[ 2015-04-26T16:19:06+08:00 ] 127.0.0.1 /AUNET/index.php/Home/Other/image/AUweibo.png
INFO: [ app_init ] --START--
INFO: Run Behavior\BuildLiteBehavior [ RunTime:0.000000s ]
INFO: [ app_init ] --END-- [ RunTime:0.001000s ]

[ 2015-04-26T16:19:06+08:00 ] 127.0.0.1 /AUNET/index.php/Home/Other/image/ihustauer.jpg
INFO: [ app_init ] --START--
INFO: Run Behavior\BuildLiteBehavior [ RunTime:0.000000s ]
INFO: [ app_init ] --END-- [ RunTime:0.001000s ]

[ 2015-04-26T16:19:13+08:00 ] 127.0.0.1 /AUNET/index.php/Home/Index/index.html
INFO: [ app_init ] --START--
INFO: Run Behavior\BuildLiteBehavior [ RunTime:0.000000s ]
INFO: [ app_init ] --END-- [ RunTime:0.000000s ]
INFO: [ app_begin ] --START--
INFO: Run Behavior\ReadHtmlCacheBehavior [ RunTime:0.002500s ]
INFO: [ app_begin ] --END-- [ RunTime:0.002500s ]
SQL: SHOW COLUMNS FROM `aunet_news` [ RunTime:0.0025s ]
SQL: SELECT * FROM `aunet_news` ORDER BY time desc LIMIT 4   [ RunTime:0.0000s ]
INFO: [ view_parse ] --START--
INFO: [ template_filter ] --START--
INFO: Run Behavior\ContentReplaceBehavior [ RunTime:0.000000s ]
INFO: [ template_filter ] --END-- [ RunTime:0.000000s ]
NOTIC: [8] Undefined offset: 1 C:\xampp\htdocs\AUNET\App\Runtime\Cache\Home\00e52909bed743ea261af4b6823297ff.php 第 278 行.
NOTIC: [8] Undefined offset: 1 C:\xampp\htdocs\AUNET\App\Runtime\Cache\Home\00e52909bed743ea261af4b6823297ff.php 第 278 行.
NOTIC: [8] Undefined offset: 1 C:\xampp\htdocs\AUNET\App\Runtime\Cache\Home\00e52909bed743ea261af4b6823297ff.php 第 278 行.
NOTIC: [8] Undefined offset: 1 C:\xampp\htdocs\AUNET\App\Runtime\Cache\Home\00e52909bed743ea261af4b6823297ff.php 第 279 行.
NOTIC: [8] Undefined offset: 2 C:\xampp\htdocs\AUNET\App\Runtime\Cache\Home\00e52909bed743ea261af4b6823297ff.php 第 292 行.
NOTIC: [8] Undefined offset: 2 C:\xampp\htdocs\AUNET\App\Runtime\Cache\Home\00e52909bed743ea261af4b6823297ff.php 第 292 行.
NOTIC: [8] Undefined offset: 2 C:\xampp\htdocs\AUNET\App\Runtime\Cache\Home\00e52909bed743ea261af4b6823297ff.php 第 292 行.
NOTIC: [8] Undefined offset: 2 C:\xampp\htdocs\AUNET\App\Runtime\Cache\Home\00e52909bed743ea261af4b6823297ff.php 第 293 行.
NOTIC: [8] Undefined offset: 3 C:\xampp\htdocs\AUNET\App\Runtime\Cache\Home\00e52909bed743ea261af4b6823297ff.php 第 302 行.
NOTIC: [8] Undefined offset: 3 C:\xampp\htdocs\AUNET\App\Runtime\Cache\Home\00e52909bed743ea261af4b6823297ff.php 第 302 行.
NOTIC: [8] Undefined offset: 3 C:\xampp\htdocs\AUNET\App\Runtime\Cache\Home\00e52909bed743ea261af4b6823297ff.php 第 302 行.
NOTIC: [8] Undefined offset: 3 C:\xampp\htdocs\AUNET\App\Runtime\Cache\Home\00e52909bed743ea261af4b6823297ff.php 第 303 行.
INFO: Run Behavior\ParseTemplateBehavior [ RunTime:0.010500s ]
INFO: [ view_parse ] --END-- [ RunTime:0.010500s ]
INFO: [ view_filter ] --START--
INFO: Run Behavior\WriteHtmlCacheBehavior [ RunTime:0.000000s ]
INFO: [ view_filter ] --END-- [ RunTime:0.000000s ]
INFO: [ app_end ] --START--
INFO: Run Behavior\ShowPageTraceBehavior [ RunTime:0.000000s ]
INFO: [ app_end ] --END-- [ RunTime:0.001000s ]

