[ 2015-04-24T23:57:39+08:00 ] 127.0.0.1 /AUNET/index.php/Home/Index/index.html
INFO: [ app_init ] --START--
INFO: Run Behavior\BuildLiteBehavior [ RunTime:0.000000s ]
INFO: [ app_init ] --END-- [ RunTime:0.000000s ]
INFO: [ app_begin ] --START--
INFO: Run Behavior\ReadHtmlCacheBehavior [ RunTime:0.000000s ]
INFO: [ app_begin ] --END-- [ RunTime:0.000000s ]
SQL: SHOW COLUMNS FROM `aunet_news` [ RunTime:0.0010s ]
SQL: SELECT * FROM `aunet_news` ORDER BY time desc LIMIT 4   [ RunTime:0.0000s ]

[ 2015-04-24T23:57:39+08:00 ] 127.0.0.1 /AUNET/index.php/Home/Index/index.html
INFO: [ app_init ] --START--
INFO: Run Behavior\BuildLiteBehavior [ RunTime:0.000000s ]
INFO: [ app_init ] --END-- [ RunTime:0.000000s ]
INFO: [ app_begin ] --START--
INFO: Run Behavior\ReadHtmlCacheBehavior [ RunTime:0.000000s ]
INFO: [ app_begin ] --END-- [ RunTime:0.000000s ]
SQL: SHOW COLUMNS FROM `aunet_news` [ RunTime:0.0020s ]
SQL: SELECT * FROM `aunet_news` ORDER BY time desc LIMIT 4   [ RunTime:0.0010s ]

[ 2015-04-24T23:57:40+08:00 ] 127.0.0.1 /AUNET/index.php/Home/Index/index.html
INFO: [ app_init ] --START--
INFO: Run Behavior\BuildLiteBehavior [ RunTime:0.000000s ]
INFO: [ app_init ] --END-- [ RunTime:0.000000s ]
INFO: [ app_begin ] --START--
INFO: Run Behavior\ReadHtmlCacheBehavior [ RunTime:0.000000s ]
INFO: [ app_begin ] --END-- [ RunTime:0.000000s ]
SQL: SHOW COLUMNS FROM `aunet_news` [ RunTime:0.0000s ]
SQL: SELECT * FROM `aunet_news` ORDER BY time desc LIMIT 4   [ RunTime:0.0000s ]

[ 2015-04-24T23:57:40+08:00 ] 127.0.0.1 /AUNET/index.php/Home/Index/index.html
INFO: [ app_init ] --START--
INFO: Run Behavior\BuildLiteBehavior [ RunTime:0.000000s ]
INFO: [ app_init ] --END-- [ RunTime:0.000000s ]
INFO: [ app_begin ] --START--
INFO: Run Behavior\ReadHtmlCacheBehavior [ RunTime:0.000000s ]
INFO: [ app_begin ] --END-- [ RunTime:0.000000s ]
SQL: SHOW COLUMNS FROM `aunet_news` [ RunTime:0.0010s ]
SQL: SELECT * FROM `aunet_news` ORDER BY time desc LIMIT 4   [ RunTime:0.0000s ]

[ 2015-04-24T23:57:40+08:00 ] 127.0.0.1 /AUNET/index.php/Home/Index/index.html
INFO: [ app_init ] --START--
INFO: Run Behavior\BuildLiteBehavior [ RunTime:0.000000s ]
INFO: [ app_init ] --END-- [ RunTime:0.000000s ]
INFO: [ app_begin ] --START--
INFO: Run Behavior\ReadHtmlCacheBehavior [ RunTime:0.000000s ]
INFO: [ app_begin ] --END-- [ RunTime:0.001000s ]
SQL: SHOW COLUMNS FROM `aunet_news` [ RunTime:0.0010s ]
SQL: SELECT * FROM `aunet_news` ORDER BY time desc LIMIT 4   [ RunTime:0.0000s ]

[ 2015-04-24T23:57:40+08:00 ] 127.0.0.1 /AUNET/index.php/Home/Index/index.html
INFO: [ app_init ] --START--
INFO: Run Behavior\BuildLiteBehavior [ RunTime:0.000000s ]
INFO: [ app_init ] --END-- [ RunTime:0.000000s ]
INFO: [ app_begin ] --START--
INFO: Run Behavior\ReadHtmlCacheBehavior [ RunTime:0.000000s ]
INFO: [ app_begin ] --END-- [ RunTime:0.000000s ]
SQL: SHOW COLUMNS FROM `aunet_news` [ RunTime:0.0020s ]
SQL: SELECT * FROM `aunet_news` ORDER BY time desc LIMIT 4   [ RunTime:0.0000s ]

[ 2015-04-24T23:57:40+08:00 ] 127.0.0.1 /AUNET/index.php/Home/Index/index.html
INFO: [ app_init ] --START--
INFO: Run Behavior\BuildLiteBehavior [ RunTime:0.000000s ]
INFO: [ app_init ] --END-- [ RunTime:0.000000s ]
INFO: [ app_begin ] --START--
INFO: Run Behavior\ReadHtmlCacheBehavior [ RunTime:0.000000s ]
INFO: [ app_begin ] --END-- [ RunTime:0.000000s ]
SQL: SHOW COLUMNS FROM `aunet_news` [ RunTime:0.0020s ]
SQL: SELECT * FROM `aunet_news` ORDER BY time desc LIMIT 4   [ RunTime:0.0000s ]

[ 2015-04-24T23:57:42+08:00 ] 127.0.0.1 /AUNET/index.php/Home/Index/index.html
INFO: [ app_init ] --START--
INFO: Run Behavior\BuildLiteBehavior [ RunTime:0.000000s ]
INFO: [ app_init ] --END-- [ RunTime:0.000000s ]
INFO: [ app_begin ] --START--
INFO: Run Behavior\ReadHtmlCacheBehavior [ RunTime:0.000000s ]
INFO: [ app_begin ] --END-- [ RunTime:0.000000s ]
SQL: SHOW COLUMNS FROM `aunet_news` [ RunTime:0.0025s ]
SQL: SELECT * FROM `aunet_news` ORDER BY time desc LIMIT 4   [ RunTime:0.0000s ]

[ 2015-04-24T23:57:42+08:00 ] 127.0.0.1 /AUNET/index.php/Home/Index/index.html
INFO: [ app_init ] --START--
INFO: Run Behavior\BuildLiteBehavior [ RunTime:0.000000s ]
INFO: [ app_init ] --END-- [ RunTime:0.000000s ]
INFO: [ app_begin ] --START--
INFO: Run Behavior\ReadHtmlCacheBehavior [ RunTime:0.001000s ]
INFO: [ app_begin ] --END-- [ RunTime:0.001000s ]
SQL: SHOW COLUMNS FROM `aunet_news` [ RunTime:0.0030s ]
SQL: SELECT * FROM `aunet_news` ORDER BY time desc LIMIT 4   [ RunTime:0.0000s ]

[ 2015-04-24T23:57:42+08:00 ] 127.0.0.1 /AUNET/index.php/Home/Index/index.html
INFO: [ app_init ] --START--
INFO: Run Behavior\BuildLiteBehavior [ RunTime:0.000000s ]
INFO: [ app_init ] --END-- [ RunTime:0.000000s ]
INFO: [ app_begin ] --START--
INFO: Run Behavior\ReadHtmlCacheBehavior [ RunTime:0.000000s ]
INFO: [ app_begin ] --END-- [ RunTime:0.000000s ]
SQL: SHOW COLUMNS FROM `aunet_news` [ RunTime:0.0030s ]
SQL: SELECT * FROM `aunet_news` ORDER BY time desc LIMIT 4   [ RunTime:0.0020s ]

[ 2015-04-24T23:57:44+08:00 ] 127.0.0.1 /AUNET/index.php/Home/Index/index.html
INFO: [ app_init ] --START--
INFO: Run Behavior\BuildLiteBehavior [ RunTime:0.000000s ]
INFO: [ app_init ] --END-- [ RunTime:0.001000s ]
INFO: [ app_begin ] --START--
INFO: Run Behavior\ReadHtmlCacheBehavior [ RunTime:0.000000s ]
INFO: [ app_begin ] --END-- [ RunTime:0.000000s ]
SQL: SHOW COLUMNS FROM `aunet_news` [ RunTime:0.0045s ]
SQL: SELECT * FROM `aunet_news` ORDER BY time desc LIMIT 4   [ RunTime:0.0020s ]

[ 2015-04-24T23:58:52+08:00 ] 127.0.0.1 /AUNET/index.php/Home/Index/index.html
INFO: [ app_init ] --START--
INFO: Run Behavior\BuildLiteBehavior [ RunTime:0.000000s ]
INFO: [ app_init ] --END-- [ RunTime:0.000000s ]
INFO: [ app_begin ] --START--
INFO: Run Behavior\ReadHtmlCacheBehavior [ RunTime:0.000000s ]
INFO: [ app_begin ] --END-- [ RunTime:0.000000s ]
SQL: SHOW COLUMNS FROM `aunet_news` [ RunTime:0.0040s ]
SQL: SELECT * FROM `aunet_news` ORDER BY time desc LIMIT 4   [ RunTime:0.0000s ]

[ 2015-04-24T23:59:16+08:00 ] 127.0.0.1 /AUNET/index.php/Home/Index/index.html
INFO: [ app_init ] --START--
INFO: Run Behavior\BuildLiteBehavior [ RunTime:0.000000s ]
INFO: [ app_init ] --END-- [ RunTime:0.000000s ]
INFO: [ app_begin ] --START--
INFO: Run Behavior\ReadHtmlCacheBehavior [ RunTime:0.000000s ]
INFO: [ app_begin ] --END-- [ RunTime:0.000000s ]
SQL: SHOW COLUMNS FROM `aunet_news` [ RunTime:0.0025s ]
SQL: SELECT * FROM `aunet_news` ORDER BY time desc LIMIT 4   [ RunTime:0.0000s ]
INFO: [ view_parse ] --START--
INFO: [ template_filter ] --START--
INFO: Run Behavior\ContentReplaceBehavior [ RunTime:0.000000s ]
INFO: [ template_filter ] --END-- [ RunTime:0.000000s ]
NOTIC: [8] Undefined offset: 3 C:\xampp\htdocs\AUNET\App\Runtime\Cache\Home\00e52909bed743ea261af4b6823297ff.php 第 298 行.
NOTIC: [8] Undefined offset: 3 C:\xampp\htdocs\AUNET\App\Runtime\Cache\Home\00e52909bed743ea261af4b6823297ff.php 第 298 行.
NOTIC: [8] Undefined offset: 3 C:\xampp\htdocs\AUNET\App\Runtime\Cache\Home\00e52909bed743ea261af4b6823297ff.php 第 298 行.
NOTIC: [8] Undefined offset: 3 C:\xampp\htdocs\AUNET\App\Runtime\Cache\Home\00e52909bed743ea261af4b6823297ff.php 第 300 行.
INFO: Run Behavior\ParseTemplateBehavior [ RunTime:0.010001s ]
INFO: [ view_parse ] --END-- [ RunTime:0.010001s ]
INFO: [ view_filter ] --START--
INFO: Run Behavior\WriteHtmlCacheBehavior [ RunTime:0.000000s ]
INFO: [ view_filter ] --END-- [ RunTime:0.000000s ]
INFO: [ app_end ] --START--
INFO: Run Behavior\ShowPageTraceBehavior [ RunTime:0.001000s ]
INFO: [ app_end ] --END-- [ RunTime:0.001000s ]

