[ 2015-04-27T00:35:19+08:00 ] 127.0.0.1 /AUNEt/
INFO: [ app_init ] --START--
INFO: Run Behavior\BuildLiteBehavior [ RunTime:0.000000s ]
INFO: [ app_init ] --END-- [ RunTime:0.000000s ]
INFO: [ app_begin ] --START--
INFO: Run Behavior\ReadHtmlCacheBehavior [ RunTime:0.001000s ]
INFO: [ app_begin ] --END-- [ RunTime:0.001000s ]
SQL: SHOW COLUMNS FROM `aunet_news` [ RunTime:0.0020s ]
SQL: SELECT * FROM `aunet_news` ORDER BY time desc LIMIT 4   [ RunTime:0.0000s ]
INFO: [ view_parse ] --START--
INFO: [ template_filter ] --START--
INFO: Run Behavior\ContentReplaceBehavior [ RunTime:0.000000s ]
INFO: [ template_filter ] --END-- [ RunTime:0.000000s ]
NOTIC: [8] Undefined offset: 1 C:\xampp\htdocs\AUNET\App\Runtime\Cache\Home\00e52909bed743ea261af4b6823297ff.php 第 278 行.
NOTIC: [8] Undefined offset: 1 C:\xampp\htdocs\AUNET\App\Runtime\Cache\Home\00e52909bed743ea261af4b6823297ff.php 第 278 行.
NOTIC: [8] Undefined offset: 1 C:\xampp\htdocs\AUNET\App\Runtime\Cache\Home\00e52909bed743ea261af4b6823297ff.php 第 278 行.
NOTIC: [8] Undefined offset: 1 C:\xampp\htdocs\AUNET\App\Runtime\Cache\Home\00e52909bed743ea261af4b6823297ff.php 第 279 行.
NOTIC: [8] Undefined offset: 2 C:\xampp\htdocs\AUNET\App\Runtime\Cache\Home\00e52909bed743ea261af4b6823297ff.php 第 292 行.
NOTIC: [8] Undefined offset: 2 C:\xampp\htdocs\AUNET\App\Runtime\Cache\Home\00e52909bed743ea261af4b6823297ff.php 第 292 行.
NOTIC: [8] Undefined offset: 2 C:\xampp\htdocs\AUNET\App\Runtime\Cache\Home\00e52909bed743ea261af4b6823297ff.php 第 292 行.
NOTIC: [8] Undefined offset: 2 C:\xampp\htdocs\AUNET\App\Runtime\Cache\Home\00e52909bed743ea261af4b6823297ff.php 第 293 行.
NOTIC: [8] Undefined offset: 3 C:\xampp\htdocs\AUNET\App\Runtime\Cache\Home\00e52909bed743ea261af4b6823297ff.php 第 302 行.
NOTIC: [8] Undefined offset: 3 C:\xampp\htdocs\AUNET\App\Runtime\Cache\Home\00e52909bed743ea261af4b6823297ff.php 第 302 行.
NOTIC: [8] Undefined offset: 3 C:\xampp\htdocs\AUNET\App\Runtime\Cache\Home\00e52909bed743ea261af4b6823297ff.php 第 302 行.
NOTIC: [8] Undefined offset: 3 C:\xampp\htdocs\AUNET\App\Runtime\Cache\Home\00e52909bed743ea261af4b6823297ff.php 第 303 行.
INFO: Run Behavior\ParseTemplateBehavior [ RunTime:0.009001s ]
INFO: [ view_parse ] --END-- [ RunTime:0.009001s ]
INFO: [ view_filter ] --START--
INFO: Run Behavior\WriteHtmlCacheBehavior [ RunTime:0.000000s ]
INFO: [ view_filter ] --END-- [ RunTime:0.000000s ]
INFO: [ app_end ] --START--
INFO: Run Behavior\ShowPageTraceBehavior [ RunTime:0.001000s ]
INFO: [ app_end ] --END-- [ RunTime:0.001000s ]

[ 2015-04-27T00:35:21+08:00 ] 127.0.0.1 /AUNEt/index.php/Home/News/index.html
INFO: [ app_init ] --START--
INFO: Run Behavior\BuildLiteBehavior [ RunTime:0.000000s ]
INFO: [ app_init ] --END-- [ RunTime:0.000000s ]
INFO: [ app_begin ] --START--
INFO: Run Behavior\ReadHtmlCacheBehavior [ RunTime:0.000000s ]
INFO: [ app_begin ] --END-- [ RunTime:0.000000s ]
SQL: SHOW COLUMNS FROM `aunet_news` [ RunTime:0.0000s ]
SQL: SELECT COUNT(*) AS tp_count FROM `aunet_news` LIMIT 1   [ RunTime:0.0000s ]
SQL: SELECT * FROM `aunet_news` ORDER BY time desc LIMIT 0,3   [ RunTime:0.0000s ]
INFO: [ view_parse ] --START--
INFO: [ template_filter ] --START--
INFO: Run Behavior\ContentReplaceBehavior [ RunTime:0.000000s ]
INFO: [ template_filter ] --END-- [ RunTime:0.000000s ]
NOTIC: [8] Undefined offset: 1 C:\xampp\htdocs\AUNET\App\Runtime\Cache\Home\e050d5619624146a648edb153a9a4fd8.php 第 287 行.
NOTIC: [8] Undefined offset: 1 C:\xampp\htdocs\AUNET\App\Runtime\Cache\Home\e050d5619624146a648edb153a9a4fd8.php 第 290 行.
NOTIC: [8] Undefined offset: 1 C:\xampp\htdocs\AUNET\App\Runtime\Cache\Home\e050d5619624146a648edb153a9a4fd8.php 第 293 行.
NOTIC: [8] Undefined offset: 1 C:\xampp\htdocs\AUNET\App\Runtime\Cache\Home\e050d5619624146a648edb153a9a4fd8.php 第 293 行.
NOTIC: [8] Undefined offset: 1 C:\xampp\htdocs\AUNET\App\Runtime\Cache\Home\e050d5619624146a648edb153a9a4fd8.php 第 294 行.
NOTIC: [8] Undefined offset: 1 C:\xampp\htdocs\AUNET\App\Runtime\Cache\Home\e050d5619624146a648edb153a9a4fd8.php 第 294 行.
NOTIC: [8] Undefined offset: 1 C:\xampp\htdocs\AUNET\App\Runtime\Cache\Home\e050d5619624146a648edb153a9a4fd8.php 第 298 行.
NOTIC: [8] Undefined offset: 2 C:\xampp\htdocs\AUNET\App\Runtime\Cache\Home\e050d5619624146a648edb153a9a4fd8.php 第 287 行.
NOTIC: [8] Undefined offset: 2 C:\xampp\htdocs\AUNET\App\Runtime\Cache\Home\e050d5619624146a648edb153a9a4fd8.php 第 290 行.
NOTIC: [8] Undefined offset: 2 C:\xampp\htdocs\AUNET\App\Runtime\Cache\Home\e050d5619624146a648edb153a9a4fd8.php 第 293 行.
NOTIC: [8] Undefined offset: 2 C:\xampp\htdocs\AUNET\App\Runtime\Cache\Home\e050d5619624146a648edb153a9a4fd8.php 第 293 行.
NOTIC: [8] Undefined offset: 2 C:\xampp\htdocs\AUNET\App\Runtime\Cache\Home\e050d5619624146a648edb153a9a4fd8.php 第 294 行.
NOTIC: [8] Undefined offset: 2 C:\xampp\htdocs\AUNET\App\Runtime\Cache\Home\e050d5619624146a648edb153a9a4fd8.php 第 294 行.
NOTIC: [8] Undefined offset: 2 C:\xampp\htdocs\AUNET\App\Runtime\Cache\Home\e050d5619624146a648edb153a9a4fd8.php 第 298 行.
INFO: Run Behavior\ParseTemplateBehavior [ RunTime:0.018600s ]
INFO: [ view_parse ] --END-- [ RunTime:0.018600s ]
INFO: [ view_filter ] --START--
INFO: Run Behavior\WriteHtmlCacheBehavior [ RunTime:0.000000s ]
INFO: [ view_filter ] --END-- [ RunTime:0.000000s ]
INFO: [ app_end ] --START--
INFO: Run Behavior\ShowPageTraceBehavior [ RunTime:0.001000s ]
INFO: [ app_end ] --END-- [ RunTime:0.001000s ]

[ 2015-04-27T00:35:51+08:00 ] 127.0.0.1 /AUNET/
INFO: [ app_init ] --START--
INFO: Run Behavior\BuildLiteBehavior [ RunTime:0.000000s ]
INFO: [ app_init ] --END-- [ RunTime:0.000000s ]
INFO: [ app_begin ] --START--
INFO: Run Behavior\ReadHtmlCacheBehavior [ RunTime:0.000000s ]
INFO: [ app_begin ] --END-- [ RunTime:0.000000s ]
SQL: SHOW COLUMNS FROM `aunet_news` [ RunTime:0.0010s ]
SQL: SELECT * FROM `aunet_news` ORDER BY time desc LIMIT 4   [ RunTime:0.0010s ]
INFO: [ view_parse ] --START--
INFO: [ template_filter ] --START--
INFO: Run Behavior\ContentReplaceBehavior [ RunTime:0.000000s ]
INFO: [ template_filter ] --END-- [ RunTime:0.000000s ]
NOTIC: [8] Undefined offset: 2 C:\xampp\htdocs\AUNET\App\Runtime\Cache\Home\00e52909bed743ea261af4b6823297ff.php 第 292 行.
NOTIC: [8] Undefined offset: 2 C:\xampp\htdocs\AUNET\App\Runtime\Cache\Home\00e52909bed743ea261af4b6823297ff.php 第 292 行.
NOTIC: [8] Undefined offset: 2 C:\xampp\htdocs\AUNET\App\Runtime\Cache\Home\00e52909bed743ea261af4b6823297ff.php 第 292 行.
NOTIC: [8] Undefined offset: 2 C:\xampp\htdocs\AUNET\App\Runtime\Cache\Home\00e52909bed743ea261af4b6823297ff.php 第 293 行.
NOTIC: [8] Undefined offset: 3 C:\xampp\htdocs\AUNET\App\Runtime\Cache\Home\00e52909bed743ea261af4b6823297ff.php 第 302 行.
NOTIC: [8] Undefined offset: 3 C:\xampp\htdocs\AUNET\App\Runtime\Cache\Home\00e52909bed743ea261af4b6823297ff.php 第 302 行.
NOTIC: [8] Undefined offset: 3 C:\xampp\htdocs\AUNET\App\Runtime\Cache\Home\00e52909bed743ea261af4b6823297ff.php 第 302 行.
NOTIC: [8] Undefined offset: 3 C:\xampp\htdocs\AUNET\App\Runtime\Cache\Home\00e52909bed743ea261af4b6823297ff.php 第 303 行.
INFO: Run Behavior\ParseTemplateBehavior [ RunTime:0.008001s ]
INFO: [ view_parse ] --END-- [ RunTime:0.008001s ]
INFO: [ view_filter ] --START--
INFO: Run Behavior\WriteHtmlCacheBehavior [ RunTime:0.001000s ]
INFO: [ view_filter ] --END-- [ RunTime:0.001000s ]
INFO: [ app_end ] --START--
INFO: Run Behavior\ShowPageTraceBehavior [ RunTime:0.001000s ]
INFO: [ app_end ] --END-- [ RunTime:0.001000s ]

[ 2015-04-27T00:35:53+08:00 ] 127.0.0.1 /AUNET/index.php/Home/News/index.html
INFO: [ app_init ] --START--
INFO: Run Behavior\BuildLiteBehavior [ RunTime:0.000000s ]
INFO: [ app_init ] --END-- [ RunTime:0.000000s ]
INFO: [ app_begin ] --START--
INFO: Run Behavior\ReadHtmlCacheBehavior [ RunTime:0.000000s ]
INFO: [ app_begin ] --END-- [ RunTime:0.000000s ]
SQL: SHOW COLUMNS FROM `aunet_news` [ RunTime:0.0000s ]
SQL: SELECT COUNT(*) AS tp_count FROM `aunet_news` LIMIT 1   [ RunTime:0.0000s ]
SQL: SELECT * FROM `aunet_news` ORDER BY time desc LIMIT 0,3   [ RunTime:0.0000s ]
INFO: [ view_parse ] --START--
INFO: [ template_filter ] --START--
INFO: Run Behavior\ContentReplaceBehavior [ RunTime:0.000000s ]
INFO: [ template_filter ] --END-- [ RunTime:0.000000s ]
NOTIC: [8] Undefined offset: 2 C:\xampp\htdocs\AUNET\App\Runtime\Cache\Home\e050d5619624146a648edb153a9a4fd8.php 第 287 行.
NOTIC: [8] Undefined offset: 2 C:\xampp\htdocs\AUNET\App\Runtime\Cache\Home\e050d5619624146a648edb153a9a4fd8.php 第 290 行.
NOTIC: [8] Undefined offset: 2 C:\xampp\htdocs\AUNET\App\Runtime\Cache\Home\e050d5619624146a648edb153a9a4fd8.php 第 293 行.
NOTIC: [8] Undefined offset: 2 C:\xampp\htdocs\AUNET\App\Runtime\Cache\Home\e050d5619624146a648edb153a9a4fd8.php 第 293 行.
NOTIC: [8] Undefined offset: 2 C:\xampp\htdocs\AUNET\App\Runtime\Cache\Home\e050d5619624146a648edb153a9a4fd8.php 第 294 行.
NOTIC: [8] Undefined offset: 2 C:\xampp\htdocs\AUNET\App\Runtime\Cache\Home\e050d5619624146a648edb153a9a4fd8.php 第 294 行.
NOTIC: [8] Undefined offset: 2 C:\xampp\htdocs\AUNET\App\Runtime\Cache\Home\e050d5619624146a648edb153a9a4fd8.php 第 298 行.
INFO: Run Behavior\ParseTemplateBehavior [ RunTime:0.020601s ]
INFO: [ view_parse ] --END-- [ RunTime:0.020601s ]
INFO: [ view_filter ] --START--
INFO: Run Behavior\WriteHtmlCacheBehavior [ RunTime:0.001000s ]
INFO: [ view_filter ] --END-- [ RunTime:0.001000s ]
INFO: [ app_end ] --START--
INFO: Run Behavior\ShowPageTraceBehavior [ RunTime:0.001000s ]
INFO: [ app_end ] --END-- [ RunTime:0.001000s ]

[ 2015-04-27T01:41:21+08:00 ] 127.0.0.1 /AUNET/index.php/Home/Index/index.html
INFO: [ app_init ] --START--
INFO: Run Behavior\BuildLiteBehavior [ RunTime:0.000000s ]
INFO: [ app_init ] --END-- [ RunTime:0.001000s ]
INFO: [ app_begin ] --START--
INFO: Run Behavior\ReadHtmlCacheBehavior [ RunTime:0.002000s ]
INFO: [ app_begin ] --END-- [ RunTime:0.002000s ]
SQL: SHOW COLUMNS FROM `aunet_news` [ RunTime:0.0040s ]
SQL: SELECT * FROM `aunet_news` ORDER BY time desc LIMIT 4   [ RunTime:0.0020s ]
INFO: [ view_parse ] --START--
INFO: [ template_filter ] --START--
INFO: Run Behavior\ContentReplaceBehavior [ RunTime:0.000000s ]
INFO: [ template_filter ] --END-- [ RunTime:0.001000s ]
NOTIC: [8] Undefined offset: 2 C:\xampp\htdocs\AUNET\App\Runtime\Cache\Home\00e52909bed743ea261af4b6823297ff.php 第 292 行.
NOTIC: [8] Undefined offset: 2 C:\xampp\htdocs\AUNET\App\Runtime\Cache\Home\00e52909bed743ea261af4b6823297ff.php 第 292 行.
NOTIC: [8] Undefined offset: 2 C:\xampp\htdocs\AUNET\App\Runtime\Cache\Home\00e52909bed743ea261af4b6823297ff.php 第 292 行.
NOTIC: [8] Undefined offset: 2 C:\xampp\htdocs\AUNET\App\Runtime\Cache\Home\00e52909bed743ea261af4b6823297ff.php 第 293 行.
NOTIC: [8] Undefined offset: 3 C:\xampp\htdocs\AUNET\App\Runtime\Cache\Home\00e52909bed743ea261af4b6823297ff.php 第 302 行.
NOTIC: [8] Undefined offset: 3 C:\xampp\htdocs\AUNET\App\Runtime\Cache\Home\00e52909bed743ea261af4b6823297ff.php 第 302 行.
NOTIC: [8] Undefined offset: 3 C:\xampp\htdocs\AUNET\App\Runtime\Cache\Home\00e52909bed743ea261af4b6823297ff.php 第 302 行.
NOTIC: [8] Undefined offset: 3 C:\xampp\htdocs\AUNET\App\Runtime\Cache\Home\00e52909bed743ea261af4b6823297ff.php 第 303 行.
INFO: Run Behavior\ParseTemplateBehavior [ RunTime:0.018001s ]
INFO: [ view_parse ] --END-- [ RunTime:0.018001s ]
INFO: [ view_filter ] --START--
INFO: Run Behavior\WriteHtmlCacheBehavior [ RunTime:0.001000s ]
INFO: [ view_filter ] --END-- [ RunTime:0.001000s ]
INFO: [ app_end ] --START--
INFO: Run Behavior\ShowPageTraceBehavior [ RunTime:0.002000s ]
INFO: [ app_end ] --END-- [ RunTime:0.002000s ]

[ 2015-04-27T01:44:06+08:00 ] 127.0.0.1 /AUNET/index.php/Home/News/index.html
INFO: [ app_init ] --START--
INFO: Run Behavior\BuildLiteBehavior [ RunTime:0.000000s ]
INFO: [ app_init ] --END-- [ RunTime:0.001000s ]
INFO: [ app_begin ] --START--
INFO: Run Behavior\ReadHtmlCacheBehavior [ RunTime:0.002000s ]
INFO: [ app_begin ] --END-- [ RunTime:0.002000s ]
SQL: SHOW COLUMNS FROM `aunet_news` [ RunTime:0.0050s ]
SQL: SELECT COUNT(*) AS tp_count FROM `aunet_news` LIMIT 1   [ RunTime:0.0000s ]
SQL: SELECT * FROM `aunet_news` ORDER BY time desc LIMIT 0,3   [ RunTime:0.0010s ]
INFO: [ view_parse ] --START--
INFO: [ template_filter ] --START--
INFO: Run Behavior\ContentReplaceBehavior [ RunTime:0.000000s ]
INFO: [ template_filter ] --END-- [ RunTime:0.000000s ]
NOTIC: [8] Undefined offset: 2 C:\xampp\htdocs\AUNET\App\Runtime\Cache\Home\e050d5619624146a648edb153a9a4fd8.php 第 287 行.
NOTIC: [8] Undefined offset: 2 C:\xampp\htdocs\AUNET\App\Runtime\Cache\Home\e050d5619624146a648edb153a9a4fd8.php 第 290 行.
NOTIC: [8] Undefined offset: 2 C:\xampp\htdocs\AUNET\App\Runtime\Cache\Home\e050d5619624146a648edb153a9a4fd8.php 第 293 行.
NOTIC: [8] Undefined offset: 2 C:\xampp\htdocs\AUNET\App\Runtime\Cache\Home\e050d5619624146a648edb153a9a4fd8.php 第 293 行.
NOTIC: [8] Undefined offset: 2 C:\xampp\htdocs\AUNET\App\Runtime\Cache\Home\e050d5619624146a648edb153a9a4fd8.php 第 294 行.
NOTIC: [8] Undefined offset: 2 C:\xampp\htdocs\AUNET\App\Runtime\Cache\Home\e050d5619624146a648edb153a9a4fd8.php 第 294 行.
NOTIC: [8] Undefined offset: 2 C:\xampp\htdocs\AUNET\App\Runtime\Cache\Home\e050d5619624146a648edb153a9a4fd8.php 第 298 行.
INFO: Run Behavior\ParseTemplateBehavior [ RunTime:0.018001s ]
INFO: [ view_parse ] --END-- [ RunTime:0.019001s ]
INFO: [ view_filter ] --START--
INFO: Run Behavior\WriteHtmlCacheBehavior [ RunTime:0.001000s ]
INFO: [ view_filter ] --END-- [ RunTime:0.001000s ]
INFO: [ app_end ] --START--
INFO: Run Behavior\ShowPageTraceBehavior [ RunTime:0.002000s ]
INFO: [ app_end ] --END-- [ RunTime:0.002000s ]

[ 2015-04-27T01:44:07+08:00 ] 127.0.0.1 /AUNET/index.php/Home/Activity/Index.html
INFO: [ app_init ] --START--
INFO: Run Behavior\BuildLiteBehavior [ RunTime:0.000000s ]
INFO: [ app_init ] --END-- [ RunTime:0.000000s ]
INFO: [ app_begin ] --START--
INFO: Run Behavior\ReadHtmlCacheBehavior [ RunTime:0.000000s ]
INFO: [ app_begin ] --END-- [ RunTime:0.001000s ]
SQL: SHOW COLUMNS FROM `aunet_forecast` [ RunTime:0.0040s ]
SQL: SELECT * FROM `aunet_forecast` ORDER BY time desc  [ RunTime:0.0000s ]
INFO: [ view_parse ] --START--
INFO: [ template_filter ] --START--
INFO: Run Behavior\ContentReplaceBehavior [ RunTime:0.000000s ]
INFO: [ template_filter ] --END-- [ RunTime:0.000000s ]
INFO: Run Behavior\ParseTemplateBehavior [ RunTime:0.009000s ]
INFO: [ view_parse ] --END-- [ RunTime:0.009000s ]
INFO: [ view_filter ] --START--
INFO: Run Behavior\WriteHtmlCacheBehavior [ RunTime:0.000000s ]
INFO: [ view_filter ] --END-- [ RunTime:0.000000s ]
INFO: [ app_end ] --START--
INFO: Run Behavior\ShowPageTraceBehavior [ RunTime:0.000000s ]
INFO: [ app_end ] --END-- [ RunTime:0.000000s ]

[ 2015-04-27T01:44:09+08:00 ] 127.0.0.1 /AUNET/index.php/Home/ActivityDetail/Index/id/26.html
INFO: [ app_init ] --START--
INFO: Run Behavior\BuildLiteBehavior [ RunTime:0.000000s ]
INFO: [ app_init ] --END-- [ RunTime:0.000000s ]
INFO: [ app_begin ] --START--
INFO: Run Behavior\ReadHtmlCacheBehavior [ RunTime:0.000000s ]
INFO: [ app_begin ] --END-- [ RunTime:0.000000s ]
SQL: SHOW COLUMNS FROM `aunet_forecast` [ RunTime:0.0020s ]
SQL: SELECT * FROM `aunet_forecast` WHERE `id` = 26 LIMIT 1   [ RunTime:0.0010s ]
INFO: [ view_parse ] --START--
INFO: [ template_filter ] --START--
INFO: Run Behavior\ContentReplaceBehavior [ RunTime:0.000000s ]
INFO: [ template_filter ] --END-- [ RunTime:0.000000s ]
INFO: Run Behavior\ParseTemplateBehavior [ RunTime:0.006000s ]
INFO: [ view_parse ] --END-- [ RunTime:0.007000s ]
INFO: [ view_filter ] --START--
INFO: Run Behavior\WriteHtmlCacheBehavior [ RunTime:0.000000s ]
INFO: [ view_filter ] --END-- [ RunTime:0.000000s ]
INFO: [ app_end ] --START--
INFO: Run Behavior\ShowPageTraceBehavior [ RunTime:0.001001s ]
INFO: [ app_end ] --END-- [ RunTime:0.001001s ]

[ 2015-04-27T01:58:31+08:00 ] 127.0.0.1 /AUNET/index.php/Home/News/Index.html
INFO: [ app_init ] --START--
INFO: Run Behavior\BuildLiteBehavior [ RunTime:0.000000s ]
INFO: [ app_init ] --END-- [ RunTime:0.001000s ]
INFO: [ app_begin ] --START--
INFO: Run Behavior\ReadHtmlCacheBehavior [ RunTime:0.000000s ]
INFO: [ app_begin ] --END-- [ RunTime:0.001000s ]
SQL: SHOW COLUMNS FROM `aunet_news` [ RunTime:0.0030s ]
SQL: SELECT COUNT(*) AS tp_count FROM `aunet_news` LIMIT 1   [ RunTime:0.0000s ]
SQL: SELECT * FROM `aunet_news` ORDER BY time desc LIMIT 0,3   [ RunTime:0.0000s ]
INFO: [ view_parse ] --START--
INFO: [ template_filter ] --START--
INFO: Run Behavior\ContentReplaceBehavior [ RunTime:0.000000s ]
INFO: [ template_filter ] --END-- [ RunTime:0.000000s ]
NOTIC: [8] Undefined offset: 2 C:\xampp\htdocs\AUNET\App\Runtime\Cache\Home\019cf4c3d92b7a47682974fe4251cef4.php 第 287 行.
NOTIC: [8] Undefined offset: 2 C:\xampp\htdocs\AUNET\App\Runtime\Cache\Home\019cf4c3d92b7a47682974fe4251cef4.php 第 290 行.
NOTIC: [8] Undefined offset: 2 C:\xampp\htdocs\AUNET\App\Runtime\Cache\Home\019cf4c3d92b7a47682974fe4251cef4.php 第 293 行.
NOTIC: [8] Undefined offset: 2 C:\xampp\htdocs\AUNET\App\Runtime\Cache\Home\019cf4c3d92b7a47682974fe4251cef4.php 第 293 行.
NOTIC: [8] Undefined offset: 2 C:\xampp\htdocs\AUNET\App\Runtime\Cache\Home\019cf4c3d92b7a47682974fe4251cef4.php 第 294 行.
NOTIC: [8] Undefined offset: 2 C:\xampp\htdocs\AUNET\App\Runtime\Cache\Home\019cf4c3d92b7a47682974fe4251cef4.php 第 294 行.
NOTIC: [8] Undefined offset: 2 C:\xampp\htdocs\AUNET\App\Runtime\Cache\Home\019cf4c3d92b7a47682974fe4251cef4.php 第 298 行.
INFO: Run Behavior\ParseTemplateBehavior [ RunTime:0.008000s ]
INFO: [ view_parse ] --END-- [ RunTime:0.008000s ]
INFO: [ view_filter ] --START--
INFO: Run Behavior\WriteHtmlCacheBehavior [ RunTime:0.000000s ]
INFO: [ view_filter ] --END-- [ RunTime:0.000000s ]
INFO: [ app_end ] --START--
INFO: Run Behavior\ShowPageTraceBehavior [ RunTime:0.000000s ]
INFO: [ app_end ] --END-- [ RunTime:0.001000s ]

[ 2015-04-27T01:58:34+08:00 ] 127.0.0.1 /AUNET/index.php/Home/Activity/Index.html
INFO: [ app_init ] --START--
INFO: Run Behavior\BuildLiteBehavior [ RunTime:0.000000s ]
INFO: [ app_init ] --END-- [ RunTime:0.000000s ]
INFO: [ app_begin ] --START--
INFO: Run Behavior\ReadHtmlCacheBehavior [ RunTime:0.002000s ]
INFO: [ app_begin ] --END-- [ RunTime:0.002000s ]
SQL: SHOW COLUMNS FROM `aunet_forecast` [ RunTime:0.0020s ]
SQL: SELECT * FROM `aunet_forecast` ORDER BY time desc  [ RunTime:0.0010s ]
INFO: [ view_parse ] --START--
INFO: [ template_filter ] --START--
INFO: Run Behavior\ContentReplaceBehavior [ RunTime:0.000000s ]
INFO: [ template_filter ] --END-- [ RunTime:0.000000s ]
INFO: Run Behavior\ParseTemplateBehavior [ RunTime:0.009000s ]
INFO: [ view_parse ] --END-- [ RunTime:0.009000s ]
INFO: [ view_filter ] --START--
INFO: Run Behavior\WriteHtmlCacheBehavior [ RunTime:0.000000s ]
INFO: [ view_filter ] --END-- [ RunTime:0.000000s ]
INFO: [ app_end ] --START--
INFO: Run Behavior\ShowPageTraceBehavior [ RunTime:0.001000s ]
INFO: [ app_end ] --END-- [ RunTime:0.001000s ]

[ 2015-04-27T02:15:29+08:00 ] 127.0.0.1 /AUNET/index.php/Home/BroadCast/Index.html
INFO: [ app_init ] --START--
INFO: Run Behavior\BuildLiteBehavior [ RunTime:0.000000s ]
INFO: [ app_init ] --END-- [ RunTime:0.002000s ]
INFO: [ app_begin ] --START--
INFO: Run Behavior\ReadHtmlCacheBehavior [ RunTime:0.002000s ]
INFO: [ app_begin ] --END-- [ RunTime:0.002000s ]
SQL: SHOW COLUMNS FROM `aunet_announce` [ RunTime:0.0080s ]
SQL: SELECT * FROM `aunet_announce` ORDER BY time desc  [ RunTime:0.0000s ]
INFO: [ view_parse ] --START--
INFO: [ template_filter ] --START--
INFO: Run Behavior\ContentReplaceBehavior [ RunTime:0.000000s ]
INFO: [ template_filter ] --END-- [ RunTime:0.000000s ]
INFO: Run Behavior\ParseTemplateBehavior [ RunTime:0.021001s ]
INFO: [ view_parse ] --END-- [ RunTime:0.021001s ]
INFO: [ view_filter ] --START--
INFO: Run Behavior\WriteHtmlCacheBehavior [ RunTime:0.001000s ]
INFO: [ view_filter ] --END-- [ RunTime:0.001000s ]
INFO: [ app_end ] --START--
INFO: Run Behavior\ShowPageTraceBehavior [ RunTime:0.002000s ]
INFO: [ app_end ] --END-- [ RunTime:0.002000s ]

[ 2015-04-27T02:15:30+08:00 ] 127.0.0.1 /AUNET/index.php/Home/News/Index.html
INFO: [ app_init ] --START--
INFO: Run Behavior\BuildLiteBehavior [ RunTime:0.000000s ]
INFO: [ app_init ] --END-- [ RunTime:0.001000s ]
INFO: [ app_begin ] --START--
INFO: Run Behavior\ReadHtmlCacheBehavior [ RunTime:0.000000s ]
INFO: [ app_begin ] --END-- [ RunTime:0.000000s ]
SQL: SHOW COLUMNS FROM `aunet_news` [ RunTime:0.0080s ]
SQL: SELECT COUNT(*) AS tp_count FROM `aunet_news` LIMIT 1   [ RunTime:0.0000s ]
SQL: SELECT * FROM `aunet_news` ORDER BY time desc LIMIT 0,3   [ RunTime:0.0000s ]
INFO: [ view_parse ] --START--
INFO: [ template_filter ] --START--
INFO: Run Behavior\ContentReplaceBehavior [ RunTime:0.001000s ]
INFO: [ template_filter ] --END-- [ RunTime:0.001000s ]
NOTIC: [8] Undefined offset: 2 C:\xampp\htdocs\AUNET\App\Runtime\Cache\Home\019cf4c3d92b7a47682974fe4251cef4.php 第 287 行.
NOTIC: [8] Undefined offset: 2 C:\xampp\htdocs\AUNET\App\Runtime\Cache\Home\019cf4c3d92b7a47682974fe4251cef4.php 第 290 行.
NOTIC: [8] Undefined offset: 2 C:\xampp\htdocs\AUNET\App\Runtime\Cache\Home\019cf4c3d92b7a47682974fe4251cef4.php 第 293 行.
NOTIC: [8] Undefined offset: 2 C:\xampp\htdocs\AUNET\App\Runtime\Cache\Home\019cf4c3d92b7a47682974fe4251cef4.php 第 293 行.
NOTIC: [8] Undefined offset: 2 C:\xampp\htdocs\AUNET\App\Runtime\Cache\Home\019cf4c3d92b7a47682974fe4251cef4.php 第 294 行.
NOTIC: [8] Undefined offset: 2 C:\xampp\htdocs\AUNET\App\Runtime\Cache\Home\019cf4c3d92b7a47682974fe4251cef4.php 第 294 行.
NOTIC: [8] Undefined offset: 2 C:\xampp\htdocs\AUNET\App\Runtime\Cache\Home\019cf4c3d92b7a47682974fe4251cef4.php 第 298 行.
INFO: Run Behavior\ParseTemplateBehavior [ RunTime:0.011000s ]
INFO: [ view_parse ] --END-- [ RunTime:0.011000s ]
INFO: [ view_filter ] --START--
INFO: Run Behavior\WriteHtmlCacheBehavior [ RunTime:0.001000s ]
INFO: [ view_filter ] --END-- [ RunTime:0.001000s ]
INFO: [ app_end ] --START--
INFO: Run Behavior\ShowPageTraceBehavior [ RunTime:0.001000s ]
INFO: [ app_end ] --END-- [ RunTime:0.001000s ]

[ 2015-04-27T02:19:34+08:00 ] 127.0.0.1 /AUNET/index.php/Home/News/Index.html
INFO: [ app_init ] --START--
INFO: Run Behavior\BuildLiteBehavior [ RunTime:0.000000s ]
INFO: [ app_init ] --END-- [ RunTime:0.001000s ]
INFO: [ app_begin ] --START--
INFO: Run Behavior\ReadHtmlCacheBehavior [ RunTime:0.002000s ]
INFO: [ app_begin ] --END-- [ RunTime:0.002000s ]
SQL: SHOW COLUMNS FROM `aunet_news` [ RunTime:0.0080s ]
SQL: SELECT COUNT(*) AS tp_count FROM `aunet_news` LIMIT 1   [ RunTime:0.0010s ]
SQL: SELECT * FROM `aunet_news` ORDER BY time desc LIMIT 0,3   [ RunTime:0.0010s ]
INFO: [ view_parse ] --START--
INFO: [ template_filter ] --START--
INFO: Run Behavior\ContentReplaceBehavior [ RunTime:0.000000s ]
INFO: [ template_filter ] --END-- [ RunTime:0.000000s ]
NOTIC: [8] Undefined offset: 2 C:\xampp\htdocs\AUNET\App\Runtime\Cache\Home\019cf4c3d92b7a47682974fe4251cef4.php 第 287 行.
NOTIC: [8] Undefined offset: 2 C:\xampp\htdocs\AUNET\App\Runtime\Cache\Home\019cf4c3d92b7a47682974fe4251cef4.php 第 290 行.
NOTIC: [8] Undefined offset: 2 C:\xampp\htdocs\AUNET\App\Runtime\Cache\Home\019cf4c3d92b7a47682974fe4251cef4.php 第 293 行.
NOTIC: [8] Undefined offset: 2 C:\xampp\htdocs\AUNET\App\Runtime\Cache\Home\019cf4c3d92b7a47682974fe4251cef4.php 第 293 行.
NOTIC: [8] Undefined offset: 2 C:\xampp\htdocs\AUNET\App\Runtime\Cache\Home\019cf4c3d92b7a47682974fe4251cef4.php 第 294 行.
NOTIC: [8] Undefined offset: 2 C:\xampp\htdocs\AUNET\App\Runtime\Cache\Home\019cf4c3d92b7a47682974fe4251cef4.php 第 294 行.
NOTIC: [8] Undefined offset: 2 C:\xampp\htdocs\AUNET\App\Runtime\Cache\Home\019cf4c3d92b7a47682974fe4251cef4.php 第 298 行.
INFO: Run Behavior\ParseTemplateBehavior [ RunTime:0.026001s ]
INFO: [ view_parse ] --END-- [ RunTime:0.026001s ]
INFO: [ view_filter ] --START--
INFO: Run Behavior\WriteHtmlCacheBehavior [ RunTime:0.002000s ]
INFO: [ view_filter ] --END-- [ RunTime:0.002000s ]
INFO: [ app_end ] --START--
INFO: Run Behavior\ShowPageTraceBehavior [ RunTime:0.003001s ]
INFO: [ app_end ] --END-- [ RunTime:0.003001s ]

[ 2015-04-27T02:19:36+08:00 ] 127.0.0.1 /AUNET/index.php/Home/Activity/Index.html
INFO: [ app_init ] --START--
INFO: Run Behavior\BuildLiteBehavior [ RunTime:0.000000s ]
INFO: [ app_init ] --END-- [ RunTime:0.000000s ]
INFO: [ app_begin ] --START--
INFO: Run Behavior\ReadHtmlCacheBehavior [ RunTime:0.000000s ]
INFO: [ app_begin ] --END-- [ RunTime:0.000000s ]
SQL: SHOW COLUMNS FROM `aunet_forecast` [ RunTime:0.0020s ]
SQL: SELECT * FROM `aunet_forecast` ORDER BY time desc  [ RunTime:0.0010s ]
INFO: [ view_parse ] --START--
INFO: [ template_filter ] --START--
INFO: Run Behavior\ContentReplaceBehavior [ RunTime:0.000000s ]
INFO: [ template_filter ] --END-- [ RunTime:0.000000s ]
INFO: Run Behavior\ParseTemplateBehavior [ RunTime:0.008001s ]
INFO: [ view_parse ] --END-- [ RunTime:0.009001s ]
INFO: [ view_filter ] --START--
INFO: Run Behavior\WriteHtmlCacheBehavior [ RunTime:0.000000s ]
INFO: [ view_filter ] --END-- [ RunTime:0.000000s ]
INFO: [ app_end ] --START--
INFO: Run Behavior\ShowPageTraceBehavior [ RunTime:0.000000s ]
INFO: [ app_end ] --END-- [ RunTime:0.001000s ]

[ 2015-04-27T02:19:38+08:00 ] 127.0.0.1 /AUNET/index.php/Home/ActivityDetail/Index/id/26.html
INFO: [ app_init ] --START--
INFO: Run Behavior\BuildLiteBehavior [ RunTime:0.000000s ]
INFO: [ app_init ] --END-- [ RunTime:0.000000s ]
INFO: [ app_begin ] --START--
INFO: Run Behavior\ReadHtmlCacheBehavior [ RunTime:0.001000s ]
INFO: [ app_begin ] --END-- [ RunTime:0.001000s ]
SQL: SHOW COLUMNS FROM `aunet_forecast` [ RunTime:0.0020s ]
SQL: SELECT * FROM `aunet_forecast` WHERE `id` = 26 LIMIT 1   [ RunTime:0.0010s ]
INFO: [ view_parse ] --START--
INFO: [ template_filter ] --START--
INFO: Run Behavior\ContentReplaceBehavior [ RunTime:0.000000s ]
INFO: [ template_filter ] --END-- [ RunTime:0.000000s ]
INFO: Run Behavior\ParseTemplateBehavior [ RunTime:0.007000s ]
INFO: [ view_parse ] --END-- [ RunTime:0.007000s ]
INFO: [ view_filter ] --START--
INFO: Run Behavior\WriteHtmlCacheBehavior [ RunTime:0.000000s ]
INFO: [ view_filter ] --END-- [ RunTime:0.001000s ]
INFO: [ app_end ] --START--
INFO: Run Behavior\ShowPageTraceBehavior [ RunTime:0.001000s ]
INFO: [ app_end ] --END-- [ RunTime:0.001000s ]

[ 2015-04-27T02:19:40+08:00 ] 127.0.0.1 /AUNET/index.php/Home/BroadCast/Index.html
INFO: [ app_init ] --START--
INFO: Run Behavior\BuildLiteBehavior [ RunTime:0.000000s ]
INFO: [ app_init ] --END-- [ RunTime:0.000000s ]
INFO: [ app_begin ] --START--
INFO: Run Behavior\ReadHtmlCacheBehavior [ RunTime:0.001001s ]
INFO: [ app_begin ] --END-- [ RunTime:0.001001s ]
SQL: SHOW COLUMNS FROM `aunet_announce` [ RunTime:0.0020s ]
SQL: SELECT * FROM `aunet_announce` ORDER BY time desc  [ RunTime:0.0000s ]
INFO: [ view_parse ] --START--
INFO: [ template_filter ] --START--
INFO: Run Behavior\ContentReplaceBehavior [ RunTime:0.000000s ]
INFO: [ template_filter ] --END-- [ RunTime:0.000000s ]
INFO: Run Behavior\ParseTemplateBehavior [ RunTime:0.011000s ]
INFO: [ view_parse ] --END-- [ RunTime:0.011000s ]
INFO: [ view_filter ] --START--
INFO: Run Behavior\WriteHtmlCacheBehavior [ RunTime:0.001000s ]
INFO: [ view_filter ] --END-- [ RunTime:0.001000s ]
INFO: [ app_end ] --START--
INFO: Run Behavior\ShowPageTraceBehavior [ RunTime:0.001000s ]
INFO: [ app_end ] --END-- [ RunTime:0.001000s ]

