[ 2015-04-28T01:11:03+08:00 ] 127.0.0.1 /AUNET/
INFO: [ app_init ] --START--
INFO: Run Behavior\BuildLiteBehavior [ RunTime:0.000000s ]
INFO: [ app_init ] --END-- [ RunTime:0.000000s ]
INFO: [ app_begin ] --START--
INFO: Run Behavior\ReadHtmlCacheBehavior [ RunTime:0.001000s ]
INFO: [ app_begin ] --END-- [ RunTime:0.001000s ]
SQL: SHOW COLUMNS FROM `aunet_news` [ RunTime:0.0020s ]
SQL: SELECT * FROM `aunet_news` ORDER BY time desc LIMIT 4   [ RunTime:0.0010s ]
INFO: [ view_parse ] --START--
INFO: [ template_filter ] --START--
INFO: Run Behavior\ContentReplaceBehavior [ RunTime:0.000000s ]
INFO: [ template_filter ] --END-- [ RunTime:0.000000s ]
NOTIC: [8] Undefined offset: 2 C:\xampp\htdocs\AUNET\App\Runtime\Cache\Home\00e52909bed743ea261af4b6823297ff.php 第 293 行.
NOTIC: [8] Undefined offset: 2 C:\xampp\htdocs\AUNET\App\Runtime\Cache\Home\00e52909bed743ea261af4b6823297ff.php 第 293 行.
NOTIC: [8] Undefined offset: 2 C:\xampp\htdocs\AUNET\App\Runtime\Cache\Home\00e52909bed743ea261af4b6823297ff.php 第 293 行.
NOTIC: [8] Undefined offset: 2 C:\xampp\htdocs\AUNET\App\Runtime\Cache\Home\00e52909bed743ea261af4b6823297ff.php 第 294 行.
NOTIC: [8] Undefined offset: 3 C:\xampp\htdocs\AUNET\App\Runtime\Cache\Home\00e52909bed743ea261af4b6823297ff.php 第 303 行.
NOTIC: [8] Undefined offset: 3 C:\xampp\htdocs\AUNET\App\Runtime\Cache\Home\00e52909bed743ea261af4b6823297ff.php 第 303 行.
NOTIC: [8] Undefined offset: 3 C:\xampp\htdocs\AUNET\App\Runtime\Cache\Home\00e52909bed743ea261af4b6823297ff.php 第 303 行.
NOTIC: [8] Undefined offset: 3 C:\xampp\htdocs\AUNET\App\Runtime\Cache\Home\00e52909bed743ea261af4b6823297ff.php 第 304 行.
INFO: Run Behavior\ParseTemplateBehavior [ RunTime:0.007000s ]
INFO: [ view_parse ] --END-- [ RunTime:0.007000s ]
INFO: [ view_filter ] --START--
INFO: Run Behavior\WriteHtmlCacheBehavior [ RunTime:0.000000s ]
INFO: [ view_filter ] --END-- [ RunTime:0.000000s ]
INFO: [ app_end ] --START--
INFO: Run Behavior\ShowPageTraceBehavior [ RunTime:0.000000s ]
INFO: [ app_end ] --END-- [ RunTime:0.000000s ]

[ 2015-04-28T01:11:08+08:00 ] 127.0.0.1 /AUNET/index.php/Home/News/index.html
INFO: [ app_init ] --START--
INFO: Run Behavior\BuildLiteBehavior [ RunTime:0.000000s ]
INFO: [ app_init ] --END-- [ RunTime:0.001000s ]
INFO: [ app_begin ] --START--
INFO: Run Behavior\ReadHtmlCacheBehavior [ RunTime:0.001001s ]
INFO: [ app_begin ] --END-- [ RunTime:0.001001s ]
SQL: SHOW COLUMNS FROM `aunet_news` [ RunTime:0.0020s ]
SQL: SELECT COUNT(*) AS tp_count FROM `aunet_news` LIMIT 1   [ RunTime:0.0000s ]
SQL: SELECT * FROM `aunet_news` ORDER BY time desc LIMIT 0,3   [ RunTime:0.0010s ]
INFO: [ view_parse ] --START--
INFO: [ template_filter ] --START--
INFO: Run Behavior\ContentReplaceBehavior [ RunTime:0.000000s ]
INFO: [ template_filter ] --END-- [ RunTime:0.000000s ]
NOTIC: [8] Undefined offset: 2 C:\xampp\htdocs\AUNET\App\Runtime\Cache\Home\e050d5619624146a648edb153a9a4fd8.php 第 286 行.
NOTIC: [8] Undefined offset: 2 C:\xampp\htdocs\AUNET\App\Runtime\Cache\Home\e050d5619624146a648edb153a9a4fd8.php 第 289 行.
NOTIC: [8] Undefined offset: 2 C:\xampp\htdocs\AUNET\App\Runtime\Cache\Home\e050d5619624146a648edb153a9a4fd8.php 第 292 行.
NOTIC: [8] Undefined offset: 2 C:\xampp\htdocs\AUNET\App\Runtime\Cache\Home\e050d5619624146a648edb153a9a4fd8.php 第 292 行.
NOTIC: [8] Undefined offset: 2 C:\xampp\htdocs\AUNET\App\Runtime\Cache\Home\e050d5619624146a648edb153a9a4fd8.php 第 293 行.
NOTIC: [8] Undefined offset: 2 C:\xampp\htdocs\AUNET\App\Runtime\Cache\Home\e050d5619624146a648edb153a9a4fd8.php 第 293 行.
NOTIC: [8] Undefined offset: 2 C:\xampp\htdocs\AUNET\App\Runtime\Cache\Home\e050d5619624146a648edb153a9a4fd8.php 第 297 行.
INFO: Run Behavior\ParseTemplateBehavior [ RunTime:0.011001s ]
INFO: [ view_parse ] --END-- [ RunTime:0.012001s ]
INFO: [ view_filter ] --START--
INFO: Run Behavior\WriteHtmlCacheBehavior [ RunTime:0.000000s ]
INFO: [ view_filter ] --END-- [ RunTime:0.000000s ]
INFO: [ app_end ] --START--
INFO: Run Behavior\ShowPageTraceBehavior [ RunTime:0.001000s ]
INFO: [ app_end ] --END-- [ RunTime:0.001000s ]

