[ 2015-02-20T17:22:42+08:00 ] 127.0.0.1 /AUNET/index.php/Admin/Rbac/help.html
INFO: [ app_init ] --START--
INFO: Run Behavior\BuildLiteBehavior [ RunTime:0.000000s ]
INFO: [ app_init ] --END-- [ RunTime:0.001000s ]
INFO: [ app_begin ] --START--
INFO: Run Behavior\ReadHtmlCacheBehavior [ RunTime:0.000000s ]
INFO: [ app_begin ] --END-- [ RunTime:0.000000s ]
SQL: SHOW COLUMNS FROM `aunet_user` [ RunTime:0.0020s ]
SQL: SELECT * FROM `aunet_user` WHERE `id` = 5 LIMIT 1   [ RunTime:0.0000s ]
SQL: SHOW COLUMNS FROM `aunet_role` [ RunTime:0.0020s ]
NOTIC: [8] Undefined index: mapping_order C:\xampp\htdocs\AUNET\ThinkPHP\Library\Think\Model\RelationModel.class.php 第 186 行.
NOTIC: [8] Undefined index: mapping_limit C:\xampp\htdocs\AUNET\ThinkPHP\Library\Think\Model\RelationModel.class.php 第 187 行.
NOTIC: [8] Undefined index: relation_foreign_key C:\xampp\htdocs\AUNET\ThinkPHP\Library\Think\Model\RelationModel.class.php 第 188 行.
SQL: SELECT b.id,name,remark FROM aunet_role_user AS a, aunet_role AS b WHERE a.role_id = b.id AND a. user_id='5' [ RunTime:0.0010s ]
SQL: SHOW COLUMNS FROM `aunet_access` [ RunTime:0.0010s ]
SQL: SELECT `node_id` FROM `aunet_access` WHERE `role_id` = 4 AND `level` = 3  [ RunTime:0.0010s ]
SQL: SHOW COLUMNS FROM `aunet_node` [ RunTime:0.0020s ]
SQL: SELECT `title` FROM `aunet_node` WHERE `id` = 49 LIMIT 1   [ RunTime:0.0000s ]
SQL: SELECT `title` FROM `aunet_node` WHERE `id` = 46 LIMIT 1   [ RunTime:0.0000s ]
SQL: SELECT `title` FROM `aunet_node` WHERE `id` = 41 LIMIT 1   [ RunTime:0.0000s ]
SQL: SELECT `title` FROM `aunet_node` WHERE `id` = 38 LIMIT 1   [ RunTime:0.0000s ]
SQL: SELECT `title` FROM `aunet_node` WHERE `id` = 37 LIMIT 1   [ RunTime:0.0000s ]
SQL: SELECT `title` FROM `aunet_node` WHERE `id` = 36 LIMIT 1   [ RunTime:0.0000s ]
SQL: SELECT `title` FROM `aunet_node` WHERE `id` = 52 LIMIT 1   [ RunTime:0.0000s ]
SQL: SELECT `title` FROM `aunet_node` WHERE `id` = 54 LIMIT 1   [ RunTime:0.0000s ]
SQL: SELECT `title` FROM `aunet_node` WHERE `id` = 53 LIMIT 1   [ RunTime:0.0000s ]
SQL: SELECT `title` FROM `aunet_node` WHERE `id` = 70 LIMIT 1   [ RunTime:0.0000s ]
SQL: SELECT `title` FROM `aunet_node` WHERE `id` = 69 LIMIT 1   [ RunTime:0.0000s ]
SQL: SELECT `title` FROM `aunet_node` WHERE `id` = 68 LIMIT 1   [ RunTime:0.0000s ]
INFO: [ view_parse ] --START--
INFO: [ template_filter ] --START--
INFO: Run Behavior\ContentReplaceBehavior [ RunTime:0.000000s ]
INFO: [ template_filter ] --END-- [ RunTime:0.000000s ]
INFO: Run Behavior\ParseTemplateBehavior [ RunTime:0.006000s ]
INFO: [ view_parse ] --END-- [ RunTime:0.006000s ]
INFO: [ view_filter ] --START--
INFO: Run Behavior\WriteHtmlCacheBehavior [ RunTime:0.000000s ]
INFO: [ view_filter ] --END-- [ RunTime:0.000000s ]
INFO: [ app_end ] --START--
INFO: Run Behavior\ShowPageTraceBehavior [ RunTime:0.000000s ]
INFO: [ app_end ] --END-- [ RunTime:0.000000s ]

[ 2015-02-20T17:22:42+08:00 ] 127.0.0.1 /AUNET/index.php/Admin/Rbac/help.html
INFO: [ app_init ] --START--
INFO: Run Behavior\BuildLiteBehavior [ RunTime:0.000000s ]
INFO: [ app_init ] --END-- [ RunTime:0.000000s ]
INFO: [ app_begin ] --START--
INFO: Run Behavior\ReadHtmlCacheBehavior [ RunTime:0.000000s ]
INFO: [ app_begin ] --END-- [ RunTime:0.000000s ]
SQL: SHOW COLUMNS FROM `aunet_user` [ RunTime:0.0010s ]
SQL: SELECT * FROM `aunet_user` WHERE `id` = 5 LIMIT 1   [ RunTime:0.0000s ]
SQL: SHOW COLUMNS FROM `aunet_role` [ RunTime:0.0020s ]
NOTIC: [8] Undefined index: mapping_order C:\xampp\htdocs\AUNET\ThinkPHP\Library\Think\Model\RelationModel.class.php 第 186 行.
NOTIC: [8] Undefined index: mapping_limit C:\xampp\htdocs\AUNET\ThinkPHP\Library\Think\Model\RelationModel.class.php 第 187 行.
NOTIC: [8] Undefined index: relation_foreign_key C:\xampp\htdocs\AUNET\ThinkPHP\Library\Think\Model\RelationModel.class.php 第 188 行.
SQL: SELECT b.id,name,remark FROM aunet_role_user AS a, aunet_role AS b WHERE a.role_id = b.id AND a. user_id='5' [ RunTime:0.0000s ]
SQL: SHOW COLUMNS FROM `aunet_access` [ RunTime:0.0020s ]
SQL: SELECT `node_id` FROM `aunet_access` WHERE `role_id` = 4 AND `level` = 3  [ RunTime:0.0000s ]
SQL: SHOW COLUMNS FROM `aunet_node` [ RunTime:0.0020s ]
SQL: SELECT `title` FROM `aunet_node` WHERE `id` = 49 LIMIT 1   [ RunTime:0.0000s ]
SQL: SELECT `title` FROM `aunet_node` WHERE `id` = 46 LIMIT 1   [ RunTime:0.0000s ]
SQL: SELECT `title` FROM `aunet_node` WHERE `id` = 41 LIMIT 1   [ RunTime:0.0000s ]
SQL: SELECT `title` FROM `aunet_node` WHERE `id` = 38 LIMIT 1   [ RunTime:0.0000s ]
SQL: SELECT `title` FROM `aunet_node` WHERE `id` = 37 LIMIT 1   [ RunTime:0.0000s ]
SQL: SELECT `title` FROM `aunet_node` WHERE `id` = 36 LIMIT 1   [ RunTime:0.0000s ]
SQL: SELECT `title` FROM `aunet_node` WHERE `id` = 52 LIMIT 1   [ RunTime:0.0000s ]
SQL: SELECT `title` FROM `aunet_node` WHERE `id` = 54 LIMIT 1   [ RunTime:0.0010s ]
SQL: SELECT `title` FROM `aunet_node` WHERE `id` = 53 LIMIT 1   [ RunTime:0.0000s ]
SQL: SELECT `title` FROM `aunet_node` WHERE `id` = 70 LIMIT 1   [ RunTime:0.0000s ]
SQL: SELECT `title` FROM `aunet_node` WHERE `id` = 69 LIMIT 1   [ RunTime:0.0000s ]
SQL: SELECT `title` FROM `aunet_node` WHERE `id` = 68 LIMIT 1   [ RunTime:0.0000s ]
INFO: [ view_parse ] --START--
INFO: [ template_filter ] --START--
INFO: Run Behavior\ContentReplaceBehavior [ RunTime:0.000000s ]
INFO: [ template_filter ] --END-- [ RunTime:0.000000s ]
INFO: Run Behavior\ParseTemplateBehavior [ RunTime:0.005001s ]
INFO: [ view_parse ] --END-- [ RunTime:0.005001s ]
INFO: [ view_filter ] --START--
INFO: Run Behavior\WriteHtmlCacheBehavior [ RunTime:0.000000s ]
INFO: [ view_filter ] --END-- [ RunTime:0.000000s ]
INFO: [ app_end ] --START--
INFO: Run Behavior\ShowPageTraceBehavior [ RunTime:0.000000s ]
INFO: [ app_end ] --END-- [ RunTime:0.000000s ]

[ 2015-02-20T17:23:31+08:00 ] 127.0.0.1 /AUNET/index.php/Admin/Rbac/help.html
INFO: [ app_init ] --START--
INFO: Run Behavior\BuildLiteBehavior [ RunTime:0.000000s ]
INFO: [ app_init ] --END-- [ RunTime:0.000000s ]
INFO: [ app_begin ] --START--
INFO: Run Behavior\ReadHtmlCacheBehavior [ RunTime:0.001000s ]
INFO: [ app_begin ] --END-- [ RunTime:0.001000s ]
SQL: SHOW COLUMNS FROM `aunet_user` [ RunTime:0.0020s ]
SQL: SELECT * FROM `aunet_user` WHERE `id` = 5 LIMIT 1   [ RunTime:0.0000s ]
SQL: SHOW COLUMNS FROM `aunet_role` [ RunTime:0.0020s ]
NOTIC: [8] Undefined index: mapping_order C:\xampp\htdocs\AUNET\ThinkPHP\Library\Think\Model\RelationModel.class.php 第 186 行.
NOTIC: [8] Undefined index: mapping_limit C:\xampp\htdocs\AUNET\ThinkPHP\Library\Think\Model\RelationModel.class.php 第 187 行.
NOTIC: [8] Undefined index: relation_foreign_key C:\xampp\htdocs\AUNET\ThinkPHP\Library\Think\Model\RelationModel.class.php 第 188 行.
SQL: SELECT b.id,name,remark FROM aunet_role_user AS a, aunet_role AS b WHERE a.role_id = b.id AND a. user_id='5' [ RunTime:0.0000s ]
SQL: SHOW COLUMNS FROM `aunet_access` [ RunTime:0.0020s ]
SQL: SELECT `node_id` FROM `aunet_access` WHERE `role_id` = 4 AND `level` = 3  [ RunTime:0.0010s ]
SQL: SHOW COLUMNS FROM `aunet_node` [ RunTime:0.0010s ]
SQL: SELECT `title` FROM `aunet_node` WHERE `id` = 49 LIMIT 1   [ RunTime:0.0000s ]
SQL: SELECT `title` FROM `aunet_node` WHERE `id` = 46 LIMIT 1   [ RunTime:0.0000s ]
SQL: SELECT `title` FROM `aunet_node` WHERE `id` = 41 LIMIT 1   [ RunTime:0.0000s ]
SQL: SELECT `title` FROM `aunet_node` WHERE `id` = 38 LIMIT 1   [ RunTime:0.0010s ]
SQL: SELECT `title` FROM `aunet_node` WHERE `id` = 37 LIMIT 1   [ RunTime:0.0000s ]
SQL: SELECT `title` FROM `aunet_node` WHERE `id` = 36 LIMIT 1   [ RunTime:0.0000s ]
SQL: SELECT `title` FROM `aunet_node` WHERE `id` = 52 LIMIT 1   [ RunTime:0.0000s ]
SQL: SELECT `title` FROM `aunet_node` WHERE `id` = 54 LIMIT 1   [ RunTime:0.0000s ]
SQL: SELECT `title` FROM `aunet_node` WHERE `id` = 53 LIMIT 1   [ RunTime:0.0000s ]
SQL: SELECT `title` FROM `aunet_node` WHERE `id` = 70 LIMIT 1   [ RunTime:0.0000s ]
SQL: SELECT `title` FROM `aunet_node` WHERE `id` = 69 LIMIT 1   [ RunTime:0.0000s ]
SQL: SELECT `title` FROM `aunet_node` WHERE `id` = 68 LIMIT 1   [ RunTime:0.0000s ]
INFO: [ view_parse ] --START--
INFO: [ template_filter ] --START--
INFO: Run Behavior\ContentReplaceBehavior [ RunTime:0.000000s ]
INFO: [ template_filter ] --END-- [ RunTime:0.000000s ]
INFO: Run Behavior\ParseTemplateBehavior [ RunTime:0.005000s ]
INFO: [ view_parse ] --END-- [ RunTime:0.005000s ]
INFO: [ view_filter ] --START--
INFO: Run Behavior\WriteHtmlCacheBehavior [ RunTime:0.000000s ]
INFO: [ view_filter ] --END-- [ RunTime:0.000000s ]
INFO: [ app_end ] --START--
INFO: Run Behavior\ShowPageTraceBehavior [ RunTime:0.000000s ]
INFO: [ app_end ] --END-- [ RunTime:0.000000s ]

[ 2015-02-20T17:23:39+08:00 ] 127.0.0.1 /AUNET/index.php/Admin/Rbac/help.html
INFO: [ app_init ] --START--
INFO: Run Behavior\BuildLiteBehavior [ RunTime:0.000000s ]
INFO: [ app_init ] --END-- [ RunTime:0.001000s ]
INFO: [ app_begin ] --START--
INFO: Run Behavior\ReadHtmlCacheBehavior [ RunTime:0.001000s ]
INFO: [ app_begin ] --END-- [ RunTime:0.001000s ]
SQL: SHOW COLUMNS FROM `aunet_user` [ RunTime:0.0020s ]
SQL: SELECT * FROM `aunet_user` WHERE `id` = 5 LIMIT 1   [ RunTime:0.0000s ]
SQL: SHOW COLUMNS FROM `aunet_role` [ RunTime:0.0010s ]
NOTIC: [8] Undefined index: mapping_order C:\xampp\htdocs\AUNET\ThinkPHP\Library\Think\Model\RelationModel.class.php 第 186 行.
NOTIC: [8] Undefined index: mapping_limit C:\xampp\htdocs\AUNET\ThinkPHP\Library\Think\Model\RelationModel.class.php 第 187 行.
NOTIC: [8] Undefined index: relation_foreign_key C:\xampp\htdocs\AUNET\ThinkPHP\Library\Think\Model\RelationModel.class.php 第 188 行.
SQL: SELECT b.id,name,remark FROM aunet_role_user AS a, aunet_role AS b WHERE a.role_id = b.id AND a. user_id='5' [ RunTime:0.0000s ]
SQL: SHOW COLUMNS FROM `aunet_access` [ RunTime:0.0010s ]
SQL: SELECT `node_id` FROM `aunet_access` WHERE `role_id` = 4 AND `level` = 3  [ RunTime:0.0000s ]
SQL: SHOW COLUMNS FROM `aunet_node` [ RunTime:0.0020s ]
SQL: SELECT `title` FROM `aunet_node` WHERE `id` = 49 LIMIT 1   [ RunTime:0.0010s ]
SQL: SELECT `title` FROM `aunet_node` WHERE `id` = 46 LIMIT 1   [ RunTime:0.0000s ]
SQL: SELECT `title` FROM `aunet_node` WHERE `id` = 41 LIMIT 1   [ RunTime:0.0010s ]
SQL: SELECT `title` FROM `aunet_node` WHERE `id` = 38 LIMIT 1   [ RunTime:0.0000s ]
SQL: SELECT `title` FROM `aunet_node` WHERE `id` = 37 LIMIT 1   [ RunTime:0.0000s ]
SQL: SELECT `title` FROM `aunet_node` WHERE `id` = 36 LIMIT 1   [ RunTime:0.0010s ]
SQL: SELECT `title` FROM `aunet_node` WHERE `id` = 52 LIMIT 1   [ RunTime:0.0000s ]
SQL: SELECT `title` FROM `aunet_node` WHERE `id` = 54 LIMIT 1   [ RunTime:0.0000s ]
SQL: SELECT `title` FROM `aunet_node` WHERE `id` = 53 LIMIT 1   [ RunTime:0.0000s ]
SQL: SELECT `title` FROM `aunet_node` WHERE `id` = 70 LIMIT 1   [ RunTime:0.0000s ]
SQL: SELECT `title` FROM `aunet_node` WHERE `id` = 69 LIMIT 1   [ RunTime:0.0000s ]
SQL: SELECT `title` FROM `aunet_node` WHERE `id` = 68 LIMIT 1   [ RunTime:0.0000s ]
INFO: [ view_parse ] --START--
INFO: [ template_filter ] --START--
INFO: Run Behavior\ContentReplaceBehavior [ RunTime:0.000000s ]
INFO: [ template_filter ] --END-- [ RunTime:0.000000s ]
INFO: Run Behavior\ParseTemplateBehavior [ RunTime:0.005000s ]
INFO: [ view_parse ] --END-- [ RunTime:0.005000s ]
INFO: [ view_filter ] --START--
INFO: Run Behavior\WriteHtmlCacheBehavior [ RunTime:0.000000s ]
INFO: [ view_filter ] --END-- [ RunTime:0.000000s ]
INFO: [ app_end ] --START--
INFO: Run Behavior\ShowPageTraceBehavior [ RunTime:0.000000s ]
INFO: [ app_end ] --END-- [ RunTime:0.000000s ]

[ 2015-02-20T17:24:26+08:00 ] 127.0.0.1 /AUNET/index.php/Admin/Rbac/help.html
INFO: [ app_init ] --START--
INFO: Run Behavior\BuildLiteBehavior [ RunTime:0.000000s ]
INFO: [ app_init ] --END-- [ RunTime:0.000000s ]
INFO: [ app_begin ] --START--
INFO: Run Behavior\ReadHtmlCacheBehavior [ RunTime:0.000000s ]
INFO: [ app_begin ] --END-- [ RunTime:0.000000s ]
SQL: SHOW COLUMNS FROM `aunet_user` [ RunTime:0.0020s ]
SQL: SELECT * FROM `aunet_user` WHERE `id` = 5 LIMIT 1   [ RunTime:0.0000s ]
SQL: SHOW COLUMNS FROM `aunet_role` [ RunTime:0.0010s ]
NOTIC: [8] Undefined index: mapping_order C:\xampp\htdocs\AUNET\ThinkPHP\Library\Think\Model\RelationModel.class.php 第 186 行.
NOTIC: [8] Undefined index: mapping_limit C:\xampp\htdocs\AUNET\ThinkPHP\Library\Think\Model\RelationModel.class.php 第 187 行.
NOTIC: [8] Undefined index: relation_foreign_key C:\xampp\htdocs\AUNET\ThinkPHP\Library\Think\Model\RelationModel.class.php 第 188 行.
SQL: SELECT b.id,name,remark FROM aunet_role_user AS a, aunet_role AS b WHERE a.role_id = b.id AND a. user_id='5' [ RunTime:0.0000s ]
SQL: SHOW COLUMNS FROM `aunet_access` [ RunTime:0.0010s ]
SQL: SELECT `node_id` FROM `aunet_access` WHERE `role_id` = 4 AND `level` = 3  [ RunTime:0.0000s ]
SQL: SHOW COLUMNS FROM `aunet_node` [ RunTime:0.0010s ]
SQL: SELECT `title` FROM `aunet_node` WHERE `id` = 49 LIMIT 1   [ RunTime:0.0010s ]
SQL: SELECT `title` FROM `aunet_node` WHERE `id` = 46 LIMIT 1   [ RunTime:0.0000s ]
SQL: SELECT `title` FROM `aunet_node` WHERE `id` = 41 LIMIT 1   [ RunTime:0.0000s ]
SQL: SELECT `title` FROM `aunet_node` WHERE `id` = 38 LIMIT 1   [ RunTime:0.0000s ]
SQL: SELECT `title` FROM `aunet_node` WHERE `id` = 37 LIMIT 1   [ RunTime:0.0000s ]
SQL: SELECT `title` FROM `aunet_node` WHERE `id` = 36 LIMIT 1   [ RunTime:0.0000s ]
SQL: SELECT `title` FROM `aunet_node` WHERE `id` = 52 LIMIT 1   [ RunTime:0.0000s ]
SQL: SELECT `title` FROM `aunet_node` WHERE `id` = 54 LIMIT 1   [ RunTime:0.0000s ]
SQL: SELECT `title` FROM `aunet_node` WHERE `id` = 53 LIMIT 1   [ RunTime:0.0000s ]
SQL: SELECT `title` FROM `aunet_node` WHERE `id` = 70 LIMIT 1   [ RunTime:0.0000s ]
SQL: SELECT `title` FROM `aunet_node` WHERE `id` = 69 LIMIT 1   [ RunTime:0.0000s ]
SQL: SELECT `title` FROM `aunet_node` WHERE `id` = 68 LIMIT 1   [ RunTime:0.0000s ]
INFO: [ view_parse ] --START--
INFO: [ template_filter ] --START--
INFO: Run Behavior\ContentReplaceBehavior [ RunTime:0.000000s ]
INFO: [ template_filter ] --END-- [ RunTime:0.000000s ]
INFO: Run Behavior\ParseTemplateBehavior [ RunTime:0.004000s ]
INFO: [ view_parse ] --END-- [ RunTime:0.004000s ]
INFO: [ view_filter ] --START--
INFO: Run Behavior\WriteHtmlCacheBehavior [ RunTime:0.000000s ]
INFO: [ view_filter ] --END-- [ RunTime:0.000000s ]
INFO: [ app_end ] --START--
INFO: Run Behavior\ShowPageTraceBehavior [ RunTime:0.001000s ]
INFO: [ app_end ] --END-- [ RunTime:0.001000s ]

[ 2015-02-20T17:24:55+08:00 ] 127.0.0.1 /AUNET/index.php/Admin/Rbac/help.html
INFO: [ app_init ] --START--
INFO: Run Behavior\BuildLiteBehavior [ RunTime:0.000000s ]
INFO: [ app_init ] --END-- [ RunTime:0.000000s ]
INFO: [ app_begin ] --START--
INFO: Run Behavior\ReadHtmlCacheBehavior [ RunTime:0.001000s ]
INFO: [ app_begin ] --END-- [ RunTime:0.001000s ]
SQL: SHOW COLUMNS FROM `aunet_user` [ RunTime:0.0020s ]
SQL: SELECT * FROM `aunet_user` WHERE `id` = 5 LIMIT 1   [ RunTime:0.0000s ]
SQL: SHOW COLUMNS FROM `aunet_role` [ RunTime:0.0020s ]
NOTIC: [8] Undefined index: mapping_order C:\xampp\htdocs\AUNET\ThinkPHP\Library\Think\Model\RelationModel.class.php 第 186 行.
NOTIC: [8] Undefined index: mapping_limit C:\xampp\htdocs\AUNET\ThinkPHP\Library\Think\Model\RelationModel.class.php 第 187 行.
NOTIC: [8] Undefined index: relation_foreign_key C:\xampp\htdocs\AUNET\ThinkPHP\Library\Think\Model\RelationModel.class.php 第 188 行.
SQL: SELECT b.id,name,remark FROM aunet_role_user AS a, aunet_role AS b WHERE a.role_id = b.id AND a. user_id='5' [ RunTime:0.0000s ]
SQL: SHOW COLUMNS FROM `aunet_access` [ RunTime:0.0020s ]
SQL: SELECT `node_id` FROM `aunet_access` WHERE `role_id` = 4 AND `level` = 3  [ RunTime:0.0000s ]
SQL: SHOW COLUMNS FROM `aunet_node` [ RunTime:0.0020s ]
SQL: SELECT `title` FROM `aunet_node` WHERE `id` = 49 LIMIT 1   [ RunTime:0.0010s ]
SQL: SELECT `title` FROM `aunet_node` WHERE `id` = 46 LIMIT 1   [ RunTime:0.0000s ]
SQL: SELECT `title` FROM `aunet_node` WHERE `id` = 41 LIMIT 1   [ RunTime:0.0000s ]
SQL: SELECT `title` FROM `aunet_node` WHERE `id` = 38 LIMIT 1   [ RunTime:0.0000s ]
SQL: SELECT `title` FROM `aunet_node` WHERE `id` = 37 LIMIT 1   [ RunTime:0.0000s ]
SQL: SELECT `title` FROM `aunet_node` WHERE `id` = 36 LIMIT 1   [ RunTime:0.0000s ]
SQL: SELECT `title` FROM `aunet_node` WHERE `id` = 52 LIMIT 1   [ RunTime:0.0000s ]
SQL: SELECT `title` FROM `aunet_node` WHERE `id` = 54 LIMIT 1   [ RunTime:0.0000s ]
SQL: SELECT `title` FROM `aunet_node` WHERE `id` = 53 LIMIT 1   [ RunTime:0.0010s ]
SQL: SELECT `title` FROM `aunet_node` WHERE `id` = 70 LIMIT 1   [ RunTime:0.0000s ]
SQL: SELECT `title` FROM `aunet_node` WHERE `id` = 69 LIMIT 1   [ RunTime:0.0000s ]
SQL: SELECT `title` FROM `aunet_node` WHERE `id` = 68 LIMIT 1   [ RunTime:0.0000s ]
INFO: [ view_parse ] --START--
INFO: [ template_filter ] --START--
INFO: Run Behavior\ContentReplaceBehavior [ RunTime:0.000000s ]
INFO: [ template_filter ] --END-- [ RunTime:0.000000s ]
INFO: Run Behavior\ParseTemplateBehavior [ RunTime:0.005000s ]
INFO: [ view_parse ] --END-- [ RunTime:0.005000s ]
INFO: [ view_filter ] --START--
INFO: Run Behavior\WriteHtmlCacheBehavior [ RunTime:0.001000s ]
INFO: [ view_filter ] --END-- [ RunTime:0.001000s ]
INFO: [ app_end ] --START--
INFO: Run Behavior\ShowPageTraceBehavior [ RunTime:0.001000s ]
INFO: [ app_end ] --END-- [ RunTime:0.001000s ]

[ 2015-02-20T17:25:08+08:00 ] 127.0.0.1 /AUNET/index.php/Admin/Rbac/help.html
INFO: [ app_init ] --START--
INFO: Run Behavior\BuildLiteBehavior [ RunTime:0.000000s ]
INFO: [ app_init ] --END-- [ RunTime:0.001000s ]
INFO: [ app_begin ] --START--
INFO: Run Behavior\ReadHtmlCacheBehavior [ RunTime:0.001000s ]
INFO: [ app_begin ] --END-- [ RunTime:0.001000s ]
SQL: SHOW COLUMNS FROM `aunet_user` [ RunTime:0.0010s ]
SQL: SELECT * FROM `aunet_user` WHERE `id` = 5 LIMIT 1   [ RunTime:0.0000s ]
SQL: SHOW COLUMNS FROM `aunet_role` [ RunTime:0.0020s ]
NOTIC: [8] Undefined index: mapping_order C:\xampp\htdocs\AUNET\ThinkPHP\Library\Think\Model\RelationModel.class.php 第 186 行.
NOTIC: [8] Undefined index: mapping_limit C:\xampp\htdocs\AUNET\ThinkPHP\Library\Think\Model\RelationModel.class.php 第 187 行.
NOTIC: [8] Undefined index: relation_foreign_key C:\xampp\htdocs\AUNET\ThinkPHP\Library\Think\Model\RelationModel.class.php 第 188 行.
SQL: SELECT b.id,name,remark FROM aunet_role_user AS a, aunet_role AS b WHERE a.role_id = b.id AND a. user_id='5' [ RunTime:0.0000s ]
SQL: SHOW COLUMNS FROM `aunet_access` [ RunTime:0.0030s ]
SQL: SELECT `node_id` FROM `aunet_access` WHERE `role_id` = 4 AND `level` = 3  [ RunTime:0.0000s ]
SQL: SHOW COLUMNS FROM `aunet_node` [ RunTime:0.0020s ]
SQL: SELECT `title` FROM `aunet_node` WHERE `id` = 49 LIMIT 1   [ RunTime:0.0000s ]
SQL: SELECT `title` FROM `aunet_node` WHERE `id` = 46 LIMIT 1   [ RunTime:0.0010s ]
SQL: SELECT `title` FROM `aunet_node` WHERE `id` = 41 LIMIT 1   [ RunTime:0.0000s ]
SQL: SELECT `title` FROM `aunet_node` WHERE `id` = 38 LIMIT 1   [ RunTime:0.0000s ]
SQL: SELECT `title` FROM `aunet_node` WHERE `id` = 37 LIMIT 1   [ RunTime:0.0000s ]
SQL: SELECT `title` FROM `aunet_node` WHERE `id` = 36 LIMIT 1   [ RunTime:0.0010s ]
SQL: SELECT `title` FROM `aunet_node` WHERE `id` = 52 LIMIT 1   [ RunTime:0.0000s ]
SQL: SELECT `title` FROM `aunet_node` WHERE `id` = 54 LIMIT 1   [ RunTime:0.0000s ]
SQL: SELECT `title` FROM `aunet_node` WHERE `id` = 53 LIMIT 1   [ RunTime:0.0000s ]
SQL: SELECT `title` FROM `aunet_node` WHERE `id` = 70 LIMIT 1   [ RunTime:0.0000s ]
SQL: SELECT `title` FROM `aunet_node` WHERE `id` = 69 LIMIT 1   [ RunTime:0.0000s ]
SQL: SELECT `title` FROM `aunet_node` WHERE `id` = 68 LIMIT 1   [ RunTime:0.0000s ]
INFO: [ view_parse ] --START--
INFO: [ template_filter ] --START--
INFO: Run Behavior\ContentReplaceBehavior [ RunTime:0.000000s ]
INFO: [ template_filter ] --END-- [ RunTime:0.000000s ]
INFO: Run Behavior\ParseTemplateBehavior [ RunTime:0.004000s ]
INFO: [ view_parse ] --END-- [ RunTime:0.004000s ]
INFO: [ view_filter ] --START--
INFO: Run Behavior\WriteHtmlCacheBehavior [ RunTime:0.000000s ]
INFO: [ view_filter ] --END-- [ RunTime:0.000000s ]
INFO: [ app_end ] --START--
INFO: Run Behavior\ShowPageTraceBehavior [ RunTime:0.001000s ]
INFO: [ app_end ] --END-- [ RunTime:0.001000s ]

[ 2015-02-20T17:25:09+08:00 ] 127.0.0.1 /AUNET/index.php/Admin/Rbac/help.html
INFO: [ app_init ] --START--
INFO: Run Behavior\BuildLiteBehavior [ RunTime:0.000000s ]
INFO: [ app_init ] --END-- [ RunTime:0.001000s ]
INFO: [ app_begin ] --START--
INFO: Run Behavior\ReadHtmlCacheBehavior [ RunTime:0.001000s ]
INFO: [ app_begin ] --END-- [ RunTime:0.001000s ]
SQL: SHOW COLUMNS FROM `aunet_user` [ RunTime:0.0020s ]
SQL: SELECT * FROM `aunet_user` WHERE `id` = 5 LIMIT 1   [ RunTime:0.0000s ]
SQL: SHOW COLUMNS FROM `aunet_role` [ RunTime:0.0010s ]
NOTIC: [8] Undefined index: mapping_order C:\xampp\htdocs\AUNET\ThinkPHP\Library\Think\Model\RelationModel.class.php 第 186 行.
NOTIC: [8] Undefined index: mapping_limit C:\xampp\htdocs\AUNET\ThinkPHP\Library\Think\Model\RelationModel.class.php 第 187 行.
NOTIC: [8] Undefined index: relation_foreign_key C:\xampp\htdocs\AUNET\ThinkPHP\Library\Think\Model\RelationModel.class.php 第 188 行.
SQL: SELECT b.id,name,remark FROM aunet_role_user AS a, aunet_role AS b WHERE a.role_id = b.id AND a. user_id='5' [ RunTime:0.0000s ]
SQL: SHOW COLUMNS FROM `aunet_access` [ RunTime:0.0010s ]
SQL: SELECT `node_id` FROM `aunet_access` WHERE `role_id` = 4 AND `level` = 3  [ RunTime:0.0000s ]
SQL: SHOW COLUMNS FROM `aunet_node` [ RunTime:0.0010s ]
SQL: SELECT `title` FROM `aunet_node` WHERE `id` = 49 LIMIT 1   [ RunTime:0.0000s ]
SQL: SELECT `title` FROM `aunet_node` WHERE `id` = 46 LIMIT 1   [ RunTime:0.0010s ]
SQL: SELECT `title` FROM `aunet_node` WHERE `id` = 41 LIMIT 1   [ RunTime:0.0000s ]
SQL: SELECT `title` FROM `aunet_node` WHERE `id` = 38 LIMIT 1   [ RunTime:0.0000s ]
SQL: SELECT `title` FROM `aunet_node` WHERE `id` = 37 LIMIT 1   [ RunTime:0.0000s ]
SQL: SELECT `title` FROM `aunet_node` WHERE `id` = 36 LIMIT 1   [ RunTime:0.0010s ]
SQL: SELECT `title` FROM `aunet_node` WHERE `id` = 52 LIMIT 1   [ RunTime:0.0000s ]
SQL: SELECT `title` FROM `aunet_node` WHERE `id` = 54 LIMIT 1   [ RunTime:0.0000s ]
SQL: SELECT `title` FROM `aunet_node` WHERE `id` = 53 LIMIT 1   [ RunTime:0.0000s ]
SQL: SELECT `title` FROM `aunet_node` WHERE `id` = 70 LIMIT 1   [ RunTime:0.0000s ]
SQL: SELECT `title` FROM `aunet_node` WHERE `id` = 69 LIMIT 1   [ RunTime:0.0000s ]
SQL: SELECT `title` FROM `aunet_node` WHERE `id` = 68 LIMIT 1   [ RunTime:0.0000s ]
INFO: [ view_parse ] --START--
INFO: [ template_filter ] --START--
INFO: Run Behavior\ContentReplaceBehavior [ RunTime:0.000000s ]
INFO: [ template_filter ] --END-- [ RunTime:0.000000s ]
INFO: Run Behavior\ParseTemplateBehavior [ RunTime:0.005000s ]
INFO: [ view_parse ] --END-- [ RunTime:0.005000s ]
INFO: [ view_filter ] --START--
INFO: Run Behavior\WriteHtmlCacheBehavior [ RunTime:0.000000s ]
INFO: [ view_filter ] --END-- [ RunTime:0.000000s ]
INFO: [ app_end ] --START--
INFO: Run Behavior\ShowPageTraceBehavior [ RunTime:0.001000s ]
INFO: [ app_end ] --END-- [ RunTime:0.001000s ]

[ 2015-02-20T17:25:09+08:00 ] 127.0.0.1 /AUNET/index.php/Admin/Rbac/help.html
INFO: [ app_init ] --START--
INFO: Run Behavior\BuildLiteBehavior [ RunTime:0.000000s ]
INFO: [ app_init ] --END-- [ RunTime:0.001000s ]
INFO: [ app_begin ] --START--
INFO: Run Behavior\ReadHtmlCacheBehavior [ RunTime:0.000000s ]
INFO: [ app_begin ] --END-- [ RunTime:0.000000s ]
SQL: SHOW COLUMNS FROM `aunet_user` [ RunTime:0.0020s ]
SQL: SELECT * FROM `aunet_user` WHERE `id` = 5 LIMIT 1   [ RunTime:0.0000s ]
SQL: SHOW COLUMNS FROM `aunet_role` [ RunTime:0.0020s ]
NOTIC: [8] Undefined index: mapping_order C:\xampp\htdocs\AUNET\ThinkPHP\Library\Think\Model\RelationModel.class.php 第 186 行.
NOTIC: [8] Undefined index: mapping_limit C:\xampp\htdocs\AUNET\ThinkPHP\Library\Think\Model\RelationModel.class.php 第 187 行.
NOTIC: [8] Undefined index: relation_foreign_key C:\xampp\htdocs\AUNET\ThinkPHP\Library\Think\Model\RelationModel.class.php 第 188 行.
SQL: SELECT b.id,name,remark FROM aunet_role_user AS a, aunet_role AS b WHERE a.role_id = b.id AND a. user_id='5' [ RunTime:0.0000s ]
SQL: SHOW COLUMNS FROM `aunet_access` [ RunTime:0.0020s ]
SQL: SELECT `node_id` FROM `aunet_access` WHERE `role_id` = 4 AND `level` = 3  [ RunTime:0.0000s ]
SQL: SHOW COLUMNS FROM `aunet_node` [ RunTime:0.0020s ]
SQL: SELECT `title` FROM `aunet_node` WHERE `id` = 49 LIMIT 1   [ RunTime:0.0000s ]
SQL: SELECT `title` FROM `aunet_node` WHERE `id` = 46 LIMIT 1   [ RunTime:0.0000s ]
SQL: SELECT `title` FROM `aunet_node` WHERE `id` = 41 LIMIT 1   [ RunTime:0.0010s ]
SQL: SELECT `title` FROM `aunet_node` WHERE `id` = 38 LIMIT 1   [ RunTime:0.0000s ]
SQL: SELECT `title` FROM `aunet_node` WHERE `id` = 37 LIMIT 1   [ RunTime:0.0000s ]
SQL: SELECT `title` FROM `aunet_node` WHERE `id` = 36 LIMIT 1   [ RunTime:0.0000s ]
SQL: SELECT `title` FROM `aunet_node` WHERE `id` = 52 LIMIT 1   [ RunTime:0.0010s ]
SQL: SELECT `title` FROM `aunet_node` WHERE `id` = 54 LIMIT 1   [ RunTime:0.0000s ]
SQL: SELECT `title` FROM `aunet_node` WHERE `id` = 53 LIMIT 1   [ RunTime:0.0000s ]
SQL: SELECT `title` FROM `aunet_node` WHERE `id` = 70 LIMIT 1   [ RunTime:0.0000s ]
SQL: SELECT `title` FROM `aunet_node` WHERE `id` = 69 LIMIT 1   [ RunTime:0.0010s ]
SQL: SELECT `title` FROM `aunet_node` WHERE `id` = 68 LIMIT 1   [ RunTime:0.0000s ]
INFO: [ view_parse ] --START--
INFO: [ template_filter ] --START--
INFO: Run Behavior\ContentReplaceBehavior [ RunTime:0.000000s ]
INFO: [ template_filter ] --END-- [ RunTime:0.000000s ]
INFO: Run Behavior\ParseTemplateBehavior [ RunTime:0.005000s ]
INFO: [ view_parse ] --END-- [ RunTime:0.005000s ]
INFO: [ view_filter ] --START--
INFO: Run Behavior\WriteHtmlCacheBehavior [ RunTime:0.000000s ]
INFO: [ view_filter ] --END-- [ RunTime:0.000000s ]
INFO: [ app_end ] --START--
INFO: Run Behavior\ShowPageTraceBehavior [ RunTime:0.000000s ]
INFO: [ app_end ] --END-- [ RunTime:0.000000s ]

[ 2015-02-20T17:25:09+08:00 ] 127.0.0.1 /AUNET/index.php/Admin/Rbac/help.html
INFO: [ app_init ] --START--
INFO: Run Behavior\BuildLiteBehavior [ RunTime:0.000000s ]
INFO: [ app_init ] --END-- [ RunTime:0.000000s ]
INFO: [ app_begin ] --START--
INFO: Run Behavior\ReadHtmlCacheBehavior [ RunTime:0.001000s ]
INFO: [ app_begin ] --END-- [ RunTime:0.001000s ]
SQL: SHOW COLUMNS FROM `aunet_user` [ RunTime:0.0010s ]
SQL: SELECT * FROM `aunet_user` WHERE `id` = 5 LIMIT 1   [ RunTime:0.0000s ]
SQL: SHOW COLUMNS FROM `aunet_role` [ RunTime:0.0020s ]
NOTIC: [8] Undefined index: mapping_order C:\xampp\htdocs\AUNET\ThinkPHP\Library\Think\Model\RelationModel.class.php 第 186 行.
NOTIC: [8] Undefined index: mapping_limit C:\xampp\htdocs\AUNET\ThinkPHP\Library\Think\Model\RelationModel.class.php 第 187 行.
NOTIC: [8] Undefined index: relation_foreign_key C:\xampp\htdocs\AUNET\ThinkPHP\Library\Think\Model\RelationModel.class.php 第 188 行.
SQL: SELECT b.id,name,remark FROM aunet_role_user AS a, aunet_role AS b WHERE a.role_id = b.id AND a. user_id='5' [ RunTime:0.0000s ]
SQL: SHOW COLUMNS FROM `aunet_access` [ RunTime:0.0010s ]
SQL: SELECT `node_id` FROM `aunet_access` WHERE `role_id` = 4 AND `level` = 3  [ RunTime:0.0000s ]
SQL: SHOW COLUMNS FROM `aunet_node` [ RunTime:0.0020s ]
SQL: SELECT `title` FROM `aunet_node` WHERE `id` = 49 LIMIT 1   [ RunTime:0.0000s ]
SQL: SELECT `title` FROM `aunet_node` WHERE `id` = 46 LIMIT 1   [ RunTime:0.0000s ]
SQL: SELECT `title` FROM `aunet_node` WHERE `id` = 41 LIMIT 1   [ RunTime:0.0010s ]
SQL: SELECT `title` FROM `aunet_node` WHERE `id` = 38 LIMIT 1   [ RunTime:0.0010s ]
SQL: SELECT `title` FROM `aunet_node` WHERE `id` = 37 LIMIT 1   [ RunTime:0.0000s ]
SQL: SELECT `title` FROM `aunet_node` WHERE `id` = 36 LIMIT 1   [ RunTime:0.0000s ]
SQL: SELECT `title` FROM `aunet_node` WHERE `id` = 52 LIMIT 1   [ RunTime:0.0000s ]
SQL: SELECT `title` FROM `aunet_node` WHERE `id` = 54 LIMIT 1   [ RunTime:0.0000s ]
SQL: SELECT `title` FROM `aunet_node` WHERE `id` = 53 LIMIT 1   [ RunTime:0.0000s ]
SQL: SELECT `title` FROM `aunet_node` WHERE `id` = 70 LIMIT 1   [ RunTime:0.0010s ]
SQL: SELECT `title` FROM `aunet_node` WHERE `id` = 69 LIMIT 1   [ RunTime:0.0000s ]
SQL: SELECT `title` FROM `aunet_node` WHERE `id` = 68 LIMIT 1   [ RunTime:0.0000s ]
INFO: [ view_parse ] --START--
INFO: [ template_filter ] --START--
INFO: Run Behavior\ContentReplaceBehavior [ RunTime:0.001000s ]
INFO: [ template_filter ] --END-- [ RunTime:0.001000s ]
INFO: Run Behavior\ParseTemplateBehavior [ RunTime:0.004000s ]
INFO: [ view_parse ] --END-- [ RunTime:0.004000s ]
INFO: [ view_filter ] --START--
INFO: Run Behavior\WriteHtmlCacheBehavior [ RunTime:0.000000s ]
INFO: [ view_filter ] --END-- [ RunTime:0.000000s ]
INFO: [ app_end ] --START--
INFO: Run Behavior\ShowPageTraceBehavior [ RunTime:0.000000s ]
INFO: [ app_end ] --END-- [ RunTime:0.000000s ]

[ 2015-02-20T17:25:09+08:00 ] 127.0.0.1 /AUNET/index.php/Admin/Rbac/help.html
INFO: [ app_init ] --START--
INFO: Run Behavior\BuildLiteBehavior [ RunTime:0.000000s ]
INFO: [ app_init ] --END-- [ RunTime:0.000000s ]
INFO: [ app_begin ] --START--
INFO: Run Behavior\ReadHtmlCacheBehavior [ RunTime:0.001000s ]
INFO: [ app_begin ] --END-- [ RunTime:0.001000s ]
SQL: SHOW COLUMNS FROM `aunet_user` [ RunTime:0.0020s ]
SQL: SELECT * FROM `aunet_user` WHERE `id` = 5 LIMIT 1   [ RunTime:0.0000s ]
SQL: SHOW COLUMNS FROM `aunet_role` [ RunTime:0.0010s ]
NOTIC: [8] Undefined index: mapping_order C:\xampp\htdocs\AUNET\ThinkPHP\Library\Think\Model\RelationModel.class.php 第 186 行.
NOTIC: [8] Undefined index: mapping_limit C:\xampp\htdocs\AUNET\ThinkPHP\Library\Think\Model\RelationModel.class.php 第 187 行.
NOTIC: [8] Undefined index: relation_foreign_key C:\xampp\htdocs\AUNET\ThinkPHP\Library\Think\Model\RelationModel.class.php 第 188 行.
SQL: SELECT b.id,name,remark FROM aunet_role_user AS a, aunet_role AS b WHERE a.role_id = b.id AND a. user_id='5' [ RunTime:0.0000s ]
SQL: SHOW COLUMNS FROM `aunet_access` [ RunTime:0.0010s ]
SQL: SELECT `node_id` FROM `aunet_access` WHERE `role_id` = 4 AND `level` = 3  [ RunTime:0.0010s ]
SQL: SHOW COLUMNS FROM `aunet_node` [ RunTime:0.0020s ]
SQL: SELECT `title` FROM `aunet_node` WHERE `id` = 49 LIMIT 1   [ RunTime:0.0000s ]
SQL: SELECT `title` FROM `aunet_node` WHERE `id` = 46 LIMIT 1   [ RunTime:0.0000s ]
SQL: SELECT `title` FROM `aunet_node` WHERE `id` = 41 LIMIT 1   [ RunTime:0.0000s ]
SQL: SELECT `title` FROM `aunet_node` WHERE `id` = 38 LIMIT 1   [ RunTime:0.0000s ]
SQL: SELECT `title` FROM `aunet_node` WHERE `id` = 37 LIMIT 1   [ RunTime:0.0000s ]
SQL: SELECT `title` FROM `aunet_node` WHERE `id` = 36 LIMIT 1   [ RunTime:0.0000s ]
SQL: SELECT `title` FROM `aunet_node` WHERE `id` = 52 LIMIT 1   [ RunTime:0.0010s ]
SQL: SELECT `title` FROM `aunet_node` WHERE `id` = 54 LIMIT 1   [ RunTime:0.0000s ]
SQL: SELECT `title` FROM `aunet_node` WHERE `id` = 53 LIMIT 1   [ RunTime:0.0000s ]
SQL: SELECT `title` FROM `aunet_node` WHERE `id` = 70 LIMIT 1   [ RunTime:0.0000s ]
SQL: SELECT `title` FROM `aunet_node` WHERE `id` = 69 LIMIT 1   [ RunTime:0.0000s ]
SQL: SELECT `title` FROM `aunet_node` WHERE `id` = 68 LIMIT 1   [ RunTime:0.0000s ]
INFO: [ view_parse ] --START--
INFO: [ template_filter ] --START--
INFO: Run Behavior\ContentReplaceBehavior [ RunTime:0.000000s ]
INFO: [ template_filter ] --END-- [ RunTime:0.000000s ]
INFO: Run Behavior\ParseTemplateBehavior [ RunTime:0.005000s ]
INFO: [ view_parse ] --END-- [ RunTime:0.005000s ]
INFO: [ view_filter ] --START--
INFO: Run Behavior\WriteHtmlCacheBehavior [ RunTime:0.000000s ]
INFO: [ view_filter ] --END-- [ RunTime:0.000000s ]
INFO: [ app_end ] --START--
INFO: Run Behavior\ShowPageTraceBehavior [ RunTime:0.001000s ]
INFO: [ app_end ] --END-- [ RunTime:0.001000s ]

[ 2015-02-20T17:25:40+08:00 ] 127.0.0.1 /AUNET/index.php/Admin/Rbac/help.html
INFO: [ app_init ] --START--
INFO: Run Behavior\BuildLiteBehavior [ RunTime:0.000000s ]
INFO: [ app_init ] --END-- [ RunTime:0.001000s ]
INFO: [ app_begin ] --START--
INFO: Run Behavior\ReadHtmlCacheBehavior [ RunTime:0.001000s ]
INFO: [ app_begin ] --END-- [ RunTime:0.001000s ]
SQL: SHOW COLUMNS FROM `aunet_user` [ RunTime:0.0020s ]
SQL: SELECT * FROM `aunet_user` WHERE `id` = 5 LIMIT 1   [ RunTime:0.0010s ]
SQL: SHOW COLUMNS FROM `aunet_role` [ RunTime:0.0010s ]
NOTIC: [8] Undefined index: mapping_order C:\xampp\htdocs\AUNET\ThinkPHP\Library\Think\Model\RelationModel.class.php 第 186 行.
NOTIC: [8] Undefined index: mapping_limit C:\xampp\htdocs\AUNET\ThinkPHP\Library\Think\Model\RelationModel.class.php 第 187 行.
NOTIC: [8] Undefined index: relation_foreign_key C:\xampp\htdocs\AUNET\ThinkPHP\Library\Think\Model\RelationModel.class.php 第 188 行.
SQL: SELECT b.id,name,remark FROM aunet_role_user AS a, aunet_role AS b WHERE a.role_id = b.id AND a. user_id='5' [ RunTime:0.0000s ]
SQL: SHOW COLUMNS FROM `aunet_access` [ RunTime:0.0010s ]
SQL: SELECT `node_id` FROM `aunet_access` WHERE `role_id` = 4 AND `level` = 3  [ RunTime:0.0000s ]
SQL: SHOW COLUMNS FROM `aunet_node` [ RunTime:0.0020s ]
SQL: SELECT `title` FROM `aunet_node` WHERE `id` = 49 LIMIT 1   [ RunTime:0.0010s ]
SQL: SELECT `title` FROM `aunet_node` WHERE `id` = 46 LIMIT 1   [ RunTime:0.0010s ]
SQL: SELECT `title` FROM `aunet_node` WHERE `id` = 41 LIMIT 1   [ RunTime:0.0000s ]
SQL: SELECT `title` FROM `aunet_node` WHERE `id` = 38 LIMIT 1   [ RunTime:0.0000s ]
SQL: SELECT `title` FROM `aunet_node` WHERE `id` = 37 LIMIT 1   [ RunTime:0.0000s ]
SQL: SELECT `title` FROM `aunet_node` WHERE `id` = 36 LIMIT 1   [ RunTime:0.0010s ]
SQL: SELECT `title` FROM `aunet_node` WHERE `id` = 52 LIMIT 1   [ RunTime:0.0000s ]
SQL: SELECT `title` FROM `aunet_node` WHERE `id` = 54 LIMIT 1   [ RunTime:0.0000s ]
SQL: SELECT `title` FROM `aunet_node` WHERE `id` = 53 LIMIT 1   [ RunTime:0.0000s ]
SQL: SELECT `title` FROM `aunet_node` WHERE `id` = 70 LIMIT 1   [ RunTime:0.0010s ]
SQL: SELECT `title` FROM `aunet_node` WHERE `id` = 69 LIMIT 1   [ RunTime:0.0000s ]
SQL: SELECT `title` FROM `aunet_node` WHERE `id` = 68 LIMIT 1   [ RunTime:0.0000s ]
INFO: [ view_parse ] --START--
INFO: [ template_filter ] --START--
INFO: Run Behavior\ContentReplaceBehavior [ RunTime:0.000000s ]
INFO: [ template_filter ] --END-- [ RunTime:0.000000s ]
INFO: Run Behavior\ParseTemplateBehavior [ RunTime:0.006000s ]
INFO: [ view_parse ] --END-- [ RunTime:0.006000s ]
INFO: [ view_filter ] --START--
INFO: Run Behavior\WriteHtmlCacheBehavior [ RunTime:0.000000s ]
INFO: [ view_filter ] --END-- [ RunTime:0.000000s ]
INFO: [ app_end ] --START--
INFO: Run Behavior\ShowPageTraceBehavior [ RunTime:0.000000s ]
INFO: [ app_end ] --END-- [ RunTime:0.000000s ]

[ 2015-02-20T17:25:40+08:00 ] 127.0.0.1 /AUNET/index.php/Admin/Rbac/help.html
INFO: [ app_init ] --START--
INFO: Run Behavior\BuildLiteBehavior [ RunTime:0.000000s ]
INFO: [ app_init ] --END-- [ RunTime:0.001000s ]
INFO: [ app_begin ] --START--
INFO: Run Behavior\ReadHtmlCacheBehavior [ RunTime:0.001000s ]
INFO: [ app_begin ] --END-- [ RunTime:0.001000s ]
SQL: SHOW COLUMNS FROM `aunet_user` [ RunTime:0.0020s ]
SQL: SELECT * FROM `aunet_user` WHERE `id` = 5 LIMIT 1   [ RunTime:0.0000s ]
SQL: SHOW COLUMNS FROM `aunet_role` [ RunTime:0.0020s ]
NOTIC: [8] Undefined index: mapping_order C:\xampp\htdocs\AUNET\ThinkPHP\Library\Think\Model\RelationModel.class.php 第 186 行.
NOTIC: [8] Undefined index: mapping_limit C:\xampp\htdocs\AUNET\ThinkPHP\Library\Think\Model\RelationModel.class.php 第 187 行.
NOTIC: [8] Undefined index: relation_foreign_key C:\xampp\htdocs\AUNET\ThinkPHP\Library\Think\Model\RelationModel.class.php 第 188 行.
SQL: SELECT b.id,name,remark FROM aunet_role_user AS a, aunet_role AS b WHERE a.role_id = b.id AND a. user_id='5' [ RunTime:0.0000s ]
SQL: SHOW COLUMNS FROM `aunet_access` [ RunTime:0.0020s ]
SQL: SELECT `node_id` FROM `aunet_access` WHERE `role_id` = 4 AND `level` = 3  [ RunTime:0.0000s ]
SQL: SHOW COLUMNS FROM `aunet_node` [ RunTime:0.0020s ]
SQL: SELECT `title` FROM `aunet_node` WHERE `id` = 49 LIMIT 1   [ RunTime:0.0000s ]
SQL: SELECT `title` FROM `aunet_node` WHERE `id` = 46 LIMIT 1   [ RunTime:0.0010s ]
SQL: SELECT `title` FROM `aunet_node` WHERE `id` = 41 LIMIT 1   [ RunTime:0.0000s ]
SQL: SELECT `title` FROM `aunet_node` WHERE `id` = 38 LIMIT 1   [ RunTime:0.0000s ]
SQL: SELECT `title` FROM `aunet_node` WHERE `id` = 37 LIMIT 1   [ RunTime:0.0010s ]
SQL: SELECT `title` FROM `aunet_node` WHERE `id` = 36 LIMIT 1   [ RunTime:0.0000s ]
SQL: SELECT `title` FROM `aunet_node` WHERE `id` = 52 LIMIT 1   [ RunTime:0.0000s ]
SQL: SELECT `title` FROM `aunet_node` WHERE `id` = 54 LIMIT 1   [ RunTime:0.0010s ]
SQL: SELECT `title` FROM `aunet_node` WHERE `id` = 53 LIMIT 1   [ RunTime:0.0000s ]
SQL: SELECT `title` FROM `aunet_node` WHERE `id` = 70 LIMIT 1   [ RunTime:0.0000s ]
SQL: SELECT `title` FROM `aunet_node` WHERE `id` = 69 LIMIT 1   [ RunTime:0.0010s ]
SQL: SELECT `title` FROM `aunet_node` WHERE `id` = 68 LIMIT 1   [ RunTime:0.0000s ]
INFO: [ view_parse ] --START--
INFO: [ template_filter ] --START--
INFO: Run Behavior\ContentReplaceBehavior [ RunTime:0.000000s ]
INFO: [ template_filter ] --END-- [ RunTime:0.000000s ]
INFO: Run Behavior\ParseTemplateBehavior [ RunTime:0.005000s ]
INFO: [ view_parse ] --END-- [ RunTime:0.005000s ]
INFO: [ view_filter ] --START--
INFO: Run Behavior\WriteHtmlCacheBehavior [ RunTime:0.000000s ]
INFO: [ view_filter ] --END-- [ RunTime:0.000000s ]
INFO: [ app_end ] --START--
INFO: Run Behavior\ShowPageTraceBehavior [ RunTime:0.000000s ]
INFO: [ app_end ] --END-- [ RunTime:0.000000s ]

[ 2015-02-20T17:25:41+08:00 ] 127.0.0.1 /AUNET/index.php/Admin/Rbac/help.html
INFO: [ app_init ] --START--
INFO: Run Behavior\BuildLiteBehavior [ RunTime:0.000000s ]
INFO: [ app_init ] --END-- [ RunTime:0.001000s ]
INFO: [ app_begin ] --START--
INFO: Run Behavior\ReadHtmlCacheBehavior [ RunTime:0.000000s ]
INFO: [ app_begin ] --END-- [ RunTime:0.000000s ]
SQL: SHOW COLUMNS FROM `aunet_user` [ RunTime:0.0010s ]
SQL: SELECT * FROM `aunet_user` WHERE `id` = 5 LIMIT 1   [ RunTime:0.0000s ]
SQL: SHOW COLUMNS FROM `aunet_role` [ RunTime:0.0020s ]
NOTIC: [8] Undefined index: mapping_order C:\xampp\htdocs\AUNET\ThinkPHP\Library\Think\Model\RelationModel.class.php 第 186 行.
NOTIC: [8] Undefined index: mapping_limit C:\xampp\htdocs\AUNET\ThinkPHP\Library\Think\Model\RelationModel.class.php 第 187 行.
NOTIC: [8] Undefined index: relation_foreign_key C:\xampp\htdocs\AUNET\ThinkPHP\Library\Think\Model\RelationModel.class.php 第 188 行.
SQL: SELECT b.id,name,remark FROM aunet_role_user AS a, aunet_role AS b WHERE a.role_id = b.id AND a. user_id='5' [ RunTime:0.0010s ]
SQL: SHOW COLUMNS FROM `aunet_access` [ RunTime:0.0010s ]
SQL: SELECT `node_id` FROM `aunet_access` WHERE `role_id` = 4 AND `level` = 3  [ RunTime:0.0000s ]
SQL: SHOW COLUMNS FROM `aunet_node` [ RunTime:0.0010s ]
SQL: SELECT `title` FROM `aunet_node` WHERE `id` = 49 LIMIT 1   [ RunTime:0.0000s ]
SQL: SELECT `title` FROM `aunet_node` WHERE `id` = 46 LIMIT 1   [ RunTime:0.0000s ]
SQL: SELECT `title` FROM `aunet_node` WHERE `id` = 41 LIMIT 1   [ RunTime:0.0000s ]
SQL: SELECT `title` FROM `aunet_node` WHERE `id` = 38 LIMIT 1   [ RunTime:0.0000s ]
SQL: SELECT `title` FROM `aunet_node` WHERE `id` = 37 LIMIT 1   [ RunTime:0.0000s ]
SQL: SELECT `title` FROM `aunet_node` WHERE `id` = 36 LIMIT 1   [ RunTime:0.0000s ]
SQL: SELECT `title` FROM `aunet_node` WHERE `id` = 52 LIMIT 1   [ RunTime:0.0000s ]
SQL: SELECT `title` FROM `aunet_node` WHERE `id` = 54 LIMIT 1   [ RunTime:0.0000s ]
SQL: SELECT `title` FROM `aunet_node` WHERE `id` = 53 LIMIT 1   [ RunTime:0.0010s ]
SQL: SELECT `title` FROM `aunet_node` WHERE `id` = 70 LIMIT 1   [ RunTime:0.0000s ]
SQL: SELECT `title` FROM `aunet_node` WHERE `id` = 69 LIMIT 1   [ RunTime:0.0000s ]
SQL: SELECT `title` FROM `aunet_node` WHERE `id` = 68 LIMIT 1   [ RunTime:0.0000s ]
INFO: [ view_parse ] --START--
INFO: [ template_filter ] --START--
INFO: Run Behavior\ContentReplaceBehavior [ RunTime:0.000000s ]
INFO: [ template_filter ] --END-- [ RunTime:0.000000s ]
INFO: Run Behavior\ParseTemplateBehavior [ RunTime:0.005000s ]
INFO: [ view_parse ] --END-- [ RunTime:0.005000s ]
INFO: [ view_filter ] --START--
INFO: Run Behavior\WriteHtmlCacheBehavior [ RunTime:0.000000s ]
INFO: [ view_filter ] --END-- [ RunTime:0.000000s ]
INFO: [ app_end ] --START--
INFO: Run Behavior\ShowPageTraceBehavior [ RunTime:0.001000s ]
INFO: [ app_end ] --END-- [ RunTime:0.001000s ]

[ 2015-02-20T17:25:41+08:00 ] 127.0.0.1 /AUNET/index.php/Admin/Rbac/help.html
INFO: [ app_init ] --START--
INFO: Run Behavior\BuildLiteBehavior [ RunTime:0.000000s ]
INFO: [ app_init ] --END-- [ RunTime:0.000000s ]
INFO: [ app_begin ] --START--
INFO: Run Behavior\ReadHtmlCacheBehavior [ RunTime:0.000000s ]
INFO: [ app_begin ] --END-- [ RunTime:0.000000s ]
SQL: SHOW COLUMNS FROM `aunet_user` [ RunTime:0.0030s ]
SQL: SELECT * FROM `aunet_user` WHERE `id` = 5 LIMIT 1   [ RunTime:0.0000s ]
SQL: SHOW COLUMNS FROM `aunet_role` [ RunTime:0.0020s ]
NOTIC: [8] Undefined index: mapping_order C:\xampp\htdocs\AUNET\ThinkPHP\Library\Think\Model\RelationModel.class.php 第 186 行.
NOTIC: [8] Undefined index: mapping_limit C:\xampp\htdocs\AUNET\ThinkPHP\Library\Think\Model\RelationModel.class.php 第 187 行.
NOTIC: [8] Undefined index: relation_foreign_key C:\xampp\htdocs\AUNET\ThinkPHP\Library\Think\Model\RelationModel.class.php 第 188 行.
SQL: SELECT b.id,name,remark FROM aunet_role_user AS a, aunet_role AS b WHERE a.role_id = b.id AND a. user_id='5' [ RunTime:0.0000s ]
SQL: SHOW COLUMNS FROM `aunet_access` [ RunTime:0.0010s ]
SQL: SELECT `node_id` FROM `aunet_access` WHERE `role_id` = 4 AND `level` = 3  [ RunTime:0.0000s ]
SQL: SHOW COLUMNS FROM `aunet_node` [ RunTime:0.0020s ]
SQL: SELECT `title` FROM `aunet_node` WHERE `id` = 49 LIMIT 1   [ RunTime:0.0010s ]
SQL: SELECT `title` FROM `aunet_node` WHERE `id` = 46 LIMIT 1   [ RunTime:0.0000s ]
SQL: SELECT `title` FROM `aunet_node` WHERE `id` = 41 LIMIT 1   [ RunTime:0.0000s ]
SQL: SELECT `title` FROM `aunet_node` WHERE `id` = 38 LIMIT 1   [ RunTime:0.0000s ]
SQL: SELECT `title` FROM `aunet_node` WHERE `id` = 37 LIMIT 1   [ RunTime:0.0000s ]
SQL: SELECT `title` FROM `aunet_node` WHERE `id` = 36 LIMIT 1   [ RunTime:0.0000s ]
SQL: SELECT `title` FROM `aunet_node` WHERE `id` = 52 LIMIT 1   [ RunTime:0.0000s ]
SQL: SELECT `title` FROM `aunet_node` WHERE `id` = 54 LIMIT 1   [ RunTime:0.0000s ]
SQL: SELECT `title` FROM `aunet_node` WHERE `id` = 53 LIMIT 1   [ RunTime:0.0000s ]
SQL: SELECT `title` FROM `aunet_node` WHERE `id` = 70 LIMIT 1   [ RunTime:0.0000s ]
SQL: SELECT `title` FROM `aunet_node` WHERE `id` = 69 LIMIT 1   [ RunTime:0.0000s ]
SQL: SELECT `title` FROM `aunet_node` WHERE `id` = 68 LIMIT 1   [ RunTime:0.0000s ]
INFO: [ view_parse ] --START--
INFO: [ template_filter ] --START--
INFO: Run Behavior\ContentReplaceBehavior [ RunTime:0.000000s ]
INFO: [ template_filter ] --END-- [ RunTime:0.000000s ]
INFO: Run Behavior\ParseTemplateBehavior [ RunTime:0.005000s ]
INFO: [ view_parse ] --END-- [ RunTime:0.005000s ]
INFO: [ view_filter ] --START--
INFO: Run Behavior\WriteHtmlCacheBehavior [ RunTime:0.000000s ]
INFO: [ view_filter ] --END-- [ RunTime:0.000000s ]
INFO: [ app_end ] --START--
INFO: Run Behavior\ShowPageTraceBehavior [ RunTime:0.001000s ]
INFO: [ app_end ] --END-- [ RunTime:0.001000s ]

