[ 2015-04-25T00:22:18+08:00 ] 127.0.0.1 /AUNET/index.php/Admin/News/news_index.html
INFO: [ app_init ] --START--
INFO: Run Behavior\BuildLiteBehavior [ RunTime:0.000000s ]
INFO: [ app_init ] --END-- [ RunTime:0.000000s ]
INFO: [ app_begin ] --START--
INFO: Run Behavior\ReadHtmlCacheBehavior [ RunTime:0.001000s ]
INFO: [ app_begin ] --END-- [ RunTime:0.001000s ]
SQL: SHOW COLUMNS FROM `aunet_news` [ RunTime:0.0020s ]
SQL: SELECT COUNT(*) AS tp_count FROM `aunet_news` WHERE `del` = 0 LIMIT 1   [ RunTime:0.0000s ]
SQL: SELECT * FROM `aunet_news` WHERE `del` = 0 ORDER BY time desc LIMIT 0,5   [ RunTime:0.0000s ]
INFO: [ view_parse ] --START--
INFO: [ template_filter ] --START--
INFO: Run Behavior\ContentReplaceBehavior [ RunTime:0.000000s ]
INFO: [ template_filter ] --END-- [ RunTime:0.001000s ]
NOTIC: [8] Undefined index: attr C:\xampp\htdocs\AUNET\App\Runtime\Cache\Admin\8ece2bc5e7c5ead8e4212a18898d796b.php 第 88 行.
NOTIC: [8] Undefined index: cate C:\xampp\htdocs\AUNET\App\Runtime\Cache\Admin\8ece2bc5e7c5ead8e4212a18898d796b.php 第 89 行.
NOTIC: [8] Undefined index: attr C:\xampp\htdocs\AUNET\App\Runtime\Cache\Admin\8ece2bc5e7c5ead8e4212a18898d796b.php 第 88 行.
NOTIC: [8] Undefined index: cate C:\xampp\htdocs\AUNET\App\Runtime\Cache\Admin\8ece2bc5e7c5ead8e4212a18898d796b.php 第 89 行.
NOTIC: [8] Undefined index: attr C:\xampp\htdocs\AUNET\App\Runtime\Cache\Admin\8ece2bc5e7c5ead8e4212a18898d796b.php 第 88 行.
NOTIC: [8] Undefined index: cate C:\xampp\htdocs\AUNET\App\Runtime\Cache\Admin\8ece2bc5e7c5ead8e4212a18898d796b.php 第 89 行.
INFO: Run Behavior\ParseTemplateBehavior [ RunTime:0.008000s ]
INFO: [ view_parse ] --END-- [ RunTime:0.008000s ]
INFO: [ view_filter ] --START--
INFO: Run Behavior\WriteHtmlCacheBehavior [ RunTime:0.000000s ]
INFO: [ view_filter ] --END-- [ RunTime:0.000000s ]
INFO: [ app_end ] --START--
INFO: Run Behavior\ShowPageTraceBehavior [ RunTime:0.001000s ]
INFO: [ app_end ] --END-- [ RunTime:0.001000s ]

[ 2015-04-25T00:22:23+08:00 ] 127.0.0.1 /AUNET/index.php/Admin/News/addnews.html
INFO: [ app_init ] --START--
INFO: Run Behavior\BuildLiteBehavior [ RunTime:0.000000s ]
INFO: [ app_init ] --END-- [ RunTime:0.000000s ]
INFO: [ app_begin ] --START--
INFO: Run Behavior\ReadHtmlCacheBehavior [ RunTime:0.000000s ]
INFO: [ app_begin ] --END-- [ RunTime:0.000000s ]
SQL: SHOW COLUMNS FROM `aunet_cate` [ RunTime:0.0166s ]
SQL: SELECT * FROM `aunet_cate` ORDER BY sort  [ RunTime:0.0000s ]
SQL: SHOW COLUMNS FROM `aunet_attr` [ RunTime:0.0020s ]
SQL: SELECT * FROM `aunet_attr`  [ RunTime:0.0000s ]
INFO: [ view_parse ] --START--
INFO: [ template_filter ] --START--
INFO: Run Behavior\ContentReplaceBehavior [ RunTime:0.000000s ]
INFO: [ template_filter ] --END-- [ RunTime:0.000000s ]
INFO: Run Behavior\ParseTemplateBehavior [ RunTime:0.008000s ]
INFO: [ view_parse ] --END-- [ RunTime:0.008000s ]
INFO: [ view_filter ] --START--
INFO: Run Behavior\WriteHtmlCacheBehavior [ RunTime:0.001000s ]
INFO: [ view_filter ] --END-- [ RunTime:0.001000s ]
INFO: [ app_end ] --START--
INFO: Run Behavior\ShowPageTraceBehavior [ RunTime:0.001000s ]
INFO: [ app_end ] --END-- [ RunTime:0.001000s ]

[ 2015-04-25T00:22:23+08:00 ] 127.0.0.1 /AUNET/index.php/Admin/News/lang/zh-cn/zh-cn.js
INFO: [ app_init ] --START--
INFO: Run Behavior\BuildLiteBehavior [ RunTime:0.000000s ]
INFO: [ app_init ] --END-- [ RunTime:0.000000s ]
INFO: [ app_begin ] --START--
INFO: Run Behavior\ReadHtmlCacheBehavior [ RunTime:0.000000s ]
INFO: [ app_begin ] --END-- [ RunTime:0.000000s ]
ERR: 非法操作:lang

[ 2015-04-25T00:22:23+08:00 ] 127.0.0.1 /AUNET/index.php/Admin/News/ueditor.html?action=config&&noCache=1429892543262
INFO: [ app_init ] --START--
INFO: Run Behavior\BuildLiteBehavior [ RunTime:0.000000s ]
INFO: [ app_init ] --END-- [ RunTime:0.001000s ]
INFO: [ app_begin ] --START--
INFO: Run Behavior\ReadHtmlCacheBehavior [ RunTime:0.000000s ]
INFO: [ app_begin ] --END-- [ RunTime:0.001000s ]
INFO: [ app_end ] --START--
INFO: Run Behavior\ShowPageTraceBehavior [ RunTime:0.001000s ]
INFO: [ app_end ] --END-- [ RunTime:0.001000s ]

[ 2015-04-25T00:22:30+08:00 ] 127.0.0.1 /AUNET/index.php/Admin/News/addNewsHandle.html
INFO: [ app_init ] --START--
INFO: Run Behavior\BuildLiteBehavior [ RunTime:0.000000s ]
INFO: [ app_init ] --END-- [ RunTime:0.000000s ]
INFO: [ app_begin ] --START--
INFO: Run Behavior\ReadHtmlCacheBehavior [ RunTime:0.001000s ]
INFO: [ app_begin ] --END-- [ RunTime:0.001000s ]
SQL: SHOW COLUMNS FROM `aunet_news` [ RunTime:0.0010s ]
SQL: SELECT * FROM `aunet_news` WHERE `id` = 0 LIMIT 1   [ RunTime:0.0000s ]
SQL: SHOW COLUMNS FROM `aunet_news` [ RunTime:0.0020s ]
SQL: INSERT INTO `aunet_news` (`pic`,`src`,`title`,`content`,`time`,`cid`) VALUES (' ','','fasdf','<p>asdfsadfasfdasfd</p>','1429892550','10') [ RunTime:0.0000s ]
NOTIC: [8] Undefined index: mapping_name C:\xampp\htdocs\AUNET\ThinkPHP\Library\Think\Model\RelationModel.class.php 第 259 行.
SQL: SHOW COLUMNS FROM `aunet_attr` [ RunTime:0.0020s ]
NOTIC: [2] Illegal string offset 'id' C:\xampp\htdocs\AUNET\ThinkPHP\Library\Think\Model\RelationModel.class.php 第 340 行.
SQL: INSERT INTO aunet_news_attr (nid,aid) SELECT a.id,b.id FROM aunet_news AS a ,aunet_attr AS b where a.id =61 AND  b.id IN (2)  [ RunTime:0.0010s ]
NOTIC: [8] Undefined index: mapping_name C:\xampp\htdocs\AUNET\ThinkPHP\Library\Think\Model\RelationModel.class.php 第 259 行.
SQL: SHOW COLUMNS FROM `aunet_cate` [ RunTime:0.0010s ]
INFO: [ view_parse ] --START--
INFO: [ template_filter ] --START--
INFO: Run Behavior\ContentReplaceBehavior [ RunTime:0.000000s ]
INFO: [ template_filter ] --END-- [ RunTime:0.000000s ]
INFO: Run Behavior\ParseTemplateBehavior [ RunTime:0.015001s ]
INFO: [ view_parse ] --END-- [ RunTime:0.015001s ]
INFO: [ view_filter ] --START--
INFO: Run Behavior\WriteHtmlCacheBehavior [ RunTime:0.000000s ]
INFO: [ view_filter ] --END-- [ RunTime:0.000000s ]
INFO: [ app_end ] --START--
INFO: Run Behavior\ShowPageTraceBehavior [ RunTime:0.001000s ]
INFO: [ app_end ] --END-- [ RunTime:0.001000s ]

[ 2015-04-25T00:22:31+08:00 ] 127.0.0.1 /AUNET/index.php/Admin/News/news_index.html
INFO: [ app_init ] --START--
INFO: Run Behavior\BuildLiteBehavior [ RunTime:0.000000s ]
INFO: [ app_init ] --END-- [ RunTime:0.000000s ]
INFO: [ app_begin ] --START--
INFO: Run Behavior\ReadHtmlCacheBehavior [ RunTime:0.000000s ]
INFO: [ app_begin ] --END-- [ RunTime:0.000000s ]
SQL: SHOW COLUMNS FROM `aunet_news` [ RunTime:0.0166s ]
SQL: SELECT COUNT(*) AS tp_count FROM `aunet_news` WHERE `del` = 0 LIMIT 1   [ RunTime:0.0000s ]
SQL: SELECT * FROM `aunet_news` WHERE `del` = 0 ORDER BY time desc LIMIT 0,5   [ RunTime:0.0010s ]
INFO: [ view_parse ] --START--
INFO: [ template_filter ] --START--
INFO: Run Behavior\ContentReplaceBehavior [ RunTime:0.001000s ]
INFO: [ template_filter ] --END-- [ RunTime:0.001000s ]
NOTIC: [8] Undefined index: attr C:\xampp\htdocs\AUNET\App\Runtime\Cache\Admin\8ece2bc5e7c5ead8e4212a18898d796b.php 第 88 行.
NOTIC: [8] Undefined index: cate C:\xampp\htdocs\AUNET\App\Runtime\Cache\Admin\8ece2bc5e7c5ead8e4212a18898d796b.php 第 89 行.
NOTIC: [8] Undefined index: attr C:\xampp\htdocs\AUNET\App\Runtime\Cache\Admin\8ece2bc5e7c5ead8e4212a18898d796b.php 第 88 行.
NOTIC: [8] Undefined index: cate C:\xampp\htdocs\AUNET\App\Runtime\Cache\Admin\8ece2bc5e7c5ead8e4212a18898d796b.php 第 89 行.
NOTIC: [8] Undefined index: attr C:\xampp\htdocs\AUNET\App\Runtime\Cache\Admin\8ece2bc5e7c5ead8e4212a18898d796b.php 第 88 行.
NOTIC: [8] Undefined index: cate C:\xampp\htdocs\AUNET\App\Runtime\Cache\Admin\8ece2bc5e7c5ead8e4212a18898d796b.php 第 89 行.
NOTIC: [8] Undefined index: attr C:\xampp\htdocs\AUNET\App\Runtime\Cache\Admin\8ece2bc5e7c5ead8e4212a18898d796b.php 第 88 行.
NOTIC: [8] Undefined index: cate C:\xampp\htdocs\AUNET\App\Runtime\Cache\Admin\8ece2bc5e7c5ead8e4212a18898d796b.php 第 89 行.
INFO: Run Behavior\ParseTemplateBehavior [ RunTime:0.013001s ]
INFO: [ view_parse ] --END-- [ RunTime:0.013001s ]
INFO: [ view_filter ] --START--
INFO: Run Behavior\WriteHtmlCacheBehavior [ RunTime:0.001000s ]
INFO: [ view_filter ] --END-- [ RunTime:0.001000s ]
INFO: [ app_end ] --START--
INFO: Run Behavior\ShowPageTraceBehavior [ RunTime:0.001000s ]
INFO: [ app_end ] --END-- [ RunTime:0.001000s ]

